[0.049s] DEBUG:colcon:Command line arguments: ['/usr/bin/colcon', 'build', '--packages-select', 'c19']
[0.050s] DEBUG:colcon:Parsed command line arguments: Namespace(log_base=None, log_level=None, verb_name='build', build_base='build', install_base='install', merge_install=False, symlink_install=False, test_result_base=None, continue_on_error=False, executor='parallel', parallel_workers=4, event_handlers=None, ignore_user_meta=False, metas=['./colcon.meta'], base_paths=['.'], packages_ignore=None, packages_ignore_regex=None, paths=None, packages_up_to=None, packages_up_to_regex=None, packages_above=None, packages_above_and_dependencies=None, packages_above_depth=None, packages_select_by_dep=None, packages_skip_by_dep=None, packages_skip_up_to=None, packages_select_build_failed=False, packages_skip_build_finished=False, packages_select_test_failures=False, packages_skip_test_passed=False, packages_select=['c19'], packages_skip=None, packages_select_regex=None, packages_skip_regex=None, packages_start=None, packages_end=None, allow_overriding=[], cmake_args=None, cmake_target=None, cmake_target_skip_unavailable=False, cmake_clean_cache=False, cmake_clean_first=False, cmake_force_configure=False, ament_cmake_args=None, catkin_cmake_args=None, catkin_skip_building_tests=False, verb_parser=<colcon_defaults.argument_parser.defaults.DefaultArgumentsDecorator object at 0x77b836c1f6a0>, verb_extension=<colcon_core.verb.build.BuildVerb object at 0x77b836c1ed10>, main=<bound method BuildVerb.main of <colcon_core.verb.build.BuildVerb object at 0x77b836c1ed10>>)
[0.117s] Level 1:colcon.colcon_core.package_discovery:discover_packages(colcon_meta) check parameters
[0.117s] Level 1:colcon.colcon_core.package_discovery:discover_packages(recursive) check parameters
[0.117s] Level 1:colcon.colcon_core.package_discovery:discover_packages(ignore) check parameters
[0.117s] Level 1:colcon.colcon_core.package_discovery:discover_packages(path) check parameters
[0.117s] Level 1:colcon.colcon_core.package_discovery:discover_packages(colcon_meta) discover
[0.117s] Level 1:colcon.colcon_core.package_discovery:discover_packages(recursive) discover
[0.117s] INFO:colcon.colcon_core.package_discovery:Crawling recursively for packages in '/home/oife/d2lros2/visual_learning/class19-Ros2/ros_ws'
[0.117s] Level 1:colcon.colcon_core.package_identification:_identify(.) by extensions ['ignore', 'ignore_ament_install']
[0.117s] Level 1:colcon.colcon_core.package_identification:_identify(.) by extension 'ignore'
[0.117s] Level 1:colcon.colcon_core.package_identification:_identify(.) by extension 'ignore_ament_install'
[0.117s] Level 1:colcon.colcon_core.package_identification:_identify(.) by extensions ['colcon_pkg']
[0.117s] Level 1:colcon.colcon_core.package_identification:_identify(.) by extension 'colcon_pkg'
[0.117s] Level 1:colcon.colcon_core.package_identification:_identify(.) by extensions ['colcon_meta']
[0.117s] Level 1:colcon.colcon_core.package_identification:_identify(.) by extension 'colcon_meta'
[0.117s] Level 1:colcon.colcon_core.package_identification:_identify(.) by extensions ['ros']
[0.117s] Level 1:colcon.colcon_core.package_identification:_identify(.) by extension 'ros'
[0.123s] Level 1:colcon.colcon_core.package_identification:_identify(.) by extensions ['cmake', 'python']
[0.123s] Level 1:colcon.colcon_core.package_identification:_identify(.) by extension 'cmake'
[0.123s] Level 1:colcon.colcon_core.package_identification:_identify(.) by extension 'python'
[0.123s] Level 1:colcon.colcon_core.package_identification:_identify(.) by extensions ['python_setup_py']
[0.123s] Level 1:colcon.colcon_core.package_identification:_identify(.) by extension 'python_setup_py'
[0.123s] Level 1:colcon.colcon_core.package_identification:_identify(build) by extensions ['ignore', 'ignore_ament_install']
[0.123s] Level 1:colcon.colcon_core.package_identification:_identify(build) by extension 'ignore'
[0.123s] Level 1:colcon.colcon_core.package_identification:_identify(build) ignored
[0.123s] Level 1:colcon.colcon_core.package_identification:_identify(install) by extensions ['ignore', 'ignore_ament_install']
[0.123s] Level 1:colcon.colcon_core.package_identification:_identify(install) by extension 'ignore'
[0.123s] Level 1:colcon.colcon_core.package_identification:_identify(install) ignored
[0.124s] Level 1:colcon.colcon_core.package_identification:_identify(log) by extensions ['ignore', 'ignore_ament_install']
[0.124s] Level 1:colcon.colcon_core.package_identification:_identify(log) by extension 'ignore'
[0.124s] Level 1:colcon.colcon_core.package_identification:_identify(log) ignored
[0.124s] Level 1:colcon.colcon_core.package_identification:_identify(src) by extensions ['ignore', 'ignore_ament_install']
[0.124s] Level 1:colcon.colcon_core.package_identification:_identify(src) by extension 'ignore'
[0.124s] Level 1:colcon.colcon_core.package_identification:_identify(src) by extension 'ignore_ament_install'
[0.124s] Level 1:colcon.colcon_core.package_identification:_identify(src) by extensions ['colcon_pkg']
[0.124s] Level 1:colcon.colcon_core.package_identification:_identify(src) by extension 'colcon_pkg'
[0.124s] Level 1:colcon.colcon_core.package_identification:_identify(src) by extensions ['colcon_meta']
[0.124s] Level 1:colcon.colcon_core.package_identification:_identify(src) by extension 'colcon_meta'
[0.124s] Level 1:colcon.colcon_core.package_identification:_identify(src) by extensions ['ros']
[0.124s] Level 1:colcon.colcon_core.package_identification:_identify(src) by extension 'ros'
[0.124s] Level 1:colcon.colcon_core.package_identification:_identify(src) by extensions ['cmake', 'python']
[0.124s] Level 1:colcon.colcon_core.package_identification:_identify(src) by extension 'cmake'
[0.124s] Level 1:colcon.colcon_core.package_identification:_identify(src) by extension 'python'
[0.124s] Level 1:colcon.colcon_core.package_identification:_identify(src) by extensions ['python_setup_py']
[0.124s] Level 1:colcon.colcon_core.package_identification:_identify(src) by extension 'python_setup_py'
[0.124s] Level 1:colcon.colcon_core.package_identification:_identify(src/c19) by extensions ['ignore', 'ignore_ament_install']
[0.124s] Level 1:colcon.colcon_core.package_identification:_identify(src/c19) by extension 'ignore'
[0.124s] Level 1:colcon.colcon_core.package_identification:_identify(src/c19) by extension 'ignore_ament_install'
[0.124s] Level 1:colcon.colcon_core.package_identification:_identify(src/c19) by extensions ['colcon_pkg']
[0.124s] Level 1:colcon.colcon_core.package_identification:_identify(src/c19) by extension 'colcon_pkg'
[0.124s] Level 1:colcon.colcon_core.package_identification:_identify(src/c19) by extensions ['colcon_meta']
[0.124s] Level 1:colcon.colcon_core.package_identification:_identify(src/c19) by extension 'colcon_meta'
[0.124s] Level 1:colcon.colcon_core.package_identification:_identify(src/c19) by extensions ['ros']
[0.124s] Level 1:colcon.colcon_core.package_identification:_identify(src/c19) by extension 'ros'
[0.125s] DEBUG:colcon.colcon_core.package_identification:Package 'src/c19' with type 'ros.ament_cmake' and name 'c19'
[0.125s] Level 1:colcon.colcon_core.package_discovery:discover_packages(recursive) using defaults
[0.125s] Level 1:colcon.colcon_core.package_discovery:discover_packages(ignore) discover
[0.125s] Level 1:colcon.colcon_core.package_discovery:discover_packages(ignore) using defaults
[0.125s] Level 1:colcon.colcon_core.package_discovery:discover_packages(path) discover
[0.125s] Level 1:colcon.colcon_core.package_discovery:discover_packages(path) using defaults
[0.135s] Level 1:colcon.colcon_core.package_discovery:discover_packages(prefix_path) check parameters
[0.135s] Level 1:colcon.colcon_core.package_discovery:discover_packages(prefix_path) discover
[0.136s] DEBUG:colcon.colcon_installed_package_information.package_discovery:Found 1 installed packages in /home/oife/d2lros2/visual_learning/class19-Ros2/ros_ws/install
[0.137s] DEBUG:colcon.colcon_installed_package_information.package_discovery:Found 271 installed packages in /opt/ros/humble
[0.138s] Level 1:colcon.colcon_core.package_discovery:discover_packages(prefix_path) using defaults
[0.159s] Level 5:colcon.colcon_core.verb:set package 'c19' build argument 'cmake_args' from command line to 'None'
[0.159s] Level 5:colcon.colcon_core.verb:set package 'c19' build argument 'cmake_target' from command line to 'None'
[0.159s] Level 5:colcon.colcon_core.verb:set package 'c19' build argument 'cmake_target_skip_unavailable' from command line to 'False'
[0.159s] Level 5:colcon.colcon_core.verb:set package 'c19' build argument 'cmake_clean_cache' from command line to 'False'
[0.159s] Level 5:colcon.colcon_core.verb:set package 'c19' build argument 'cmake_clean_first' from command line to 'False'
[0.159s] Level 5:colcon.colcon_core.verb:set package 'c19' build argument 'cmake_force_configure' from command line to 'False'
[0.159s] Level 5:colcon.colcon_core.verb:set package 'c19' build argument 'ament_cmake_args' from command line to 'None'
[0.159s] Level 5:colcon.colcon_core.verb:set package 'c19' build argument 'catkin_cmake_args' from command line to 'None'
[0.159s] Level 5:colcon.colcon_core.verb:set package 'c19' build argument 'catkin_skip_building_tests' from command line to 'False'
[0.159s] DEBUG:colcon.colcon_core.verb:Building package 'c19' with the following arguments: {'ament_cmake_args': None, 'build_base': '/home/oife/d2lros2/visual_learning/class19-Ros2/ros_ws/build/c19', 'catkin_cmake_args': None, 'catkin_skip_building_tests': False, 'cmake_args': None, 'cmake_clean_cache': False, 'cmake_clean_first': False, 'cmake_force_configure': False, 'cmake_target': None, 'cmake_target_skip_unavailable': False, 'install_base': '/home/oife/d2lros2/visual_learning/class19-Ros2/ros_ws/install/c19', 'merge_install': False, 'path': '/home/oife/d2lros2/visual_learning/class19-Ros2/ros_ws/src/c19', 'symlink_install': False, 'test_result_base': None}
[0.159s] INFO:colcon.colcon_core.executor:Executing jobs using 'parallel' executor
[0.160s] DEBUG:colcon.colcon_parallel_executor.executor.parallel:run_until_complete
[0.160s] INFO:colcon.colcon_ros.task.ament_cmake.build:Building ROS package in '/home/oife/d2lros2/visual_learning/class19-Ros2/ros_ws/src/c19' with build type 'ament_cmake'
[0.160s] INFO:colcon.colcon_cmake.task.cmake.build:Building CMake package in '/home/oife/d2lros2/visual_learning/class19-Ros2/ros_ws/src/c19'
[0.161s] INFO:colcon.colcon_core.plugin_system:Skipping extension 'colcon_core.shell.bat': Not used on non-Windows systems
[0.161s] INFO:colcon.colcon_core.shell:Skip shell extension 'powershell' for command environment: Not usable outside of PowerShell
[0.161s] DEBUG:colcon.colcon_core.shell:Skip shell extension 'dsv' for command environment
[0.169s] DEBUG:colcon.colcon_core.event_handler.log_command:Invoking command in '/home/oife/d2lros2/visual_learning/class19-Ros2/ros_ws/build/c19': CMAKE_PREFIX_PATH=${CMAKE_PREFIX_PATH}:/opt/ros/humble /usr/bin/cmake --build /home/oife/d2lros2/visual_learning/class19-Ros2/ros_ws/build/c19 -- -j4 -l4
[3.999s] DEBUG:colcon.colcon_core.event_handler.log_command:Invoked command in '/home/oife/d2lros2/visual_learning/class19-Ros2/ros_ws/build/c19' returned '0': CMAKE_PREFIX_PATH=${CMAKE_PREFIX_PATH}:/opt/ros/humble /usr/bin/cmake --build /home/oife/d2lros2/visual_learning/class19-Ros2/ros_ws/build/c19 -- -j4 -l4
[4.006s] DEBUG:colcon.colcon_core.event_handler.log_command:Invoking command in '/home/oife/d2lros2/visual_learning/class19-Ros2/ros_ws/build/c19': CMAKE_PREFIX_PATH=${CMAKE_PREFIX_PATH}:/opt/ros/humble /usr/bin/cmake --install /home/oife/d2lros2/visual_learning/class19-Ros2/ros_ws/build/c19
[4.058s] Level 1:colcon.colcon_core.environment:create_environment_scripts_only(c19)
[4.059s] DEBUG:colcon.colcon_core.event_handler.log_command:Invoked command in '/home/oife/d2lros2/visual_learning/class19-Ros2/ros_ws/build/c19' returned '0': CMAKE_PREFIX_PATH=${CMAKE_PREFIX_PATH}:/opt/ros/humble /usr/bin/cmake --install /home/oife/d2lros2/visual_learning/class19-Ros2/ros_ws/build/c19
[4.060s] Level 1:colcon.colcon_core.environment:checking '/home/oife/d2lros2/visual_learning/class19-Ros2/ros_ws/install/c19' for CMake module files
[4.060s] Level 1:colcon.colcon_core.environment:checking '/home/oife/d2lros2/visual_learning/class19-Ros2/ros_ws/install/c19' for CMake config files
[4.060s] Level 1:colcon.colcon_core.shell:create_environment_hook('c19', 'cmake_prefix_path')
[4.061s] INFO:colcon.colcon_core.shell:Creating environment hook '/home/oife/d2lros2/visual_learning/class19-Ros2/ros_ws/install/c19/share/c19/hook/cmake_prefix_path.ps1'
[4.061s] INFO:colcon.colcon_core.shell:Creating environment descriptor '/home/oife/d2lros2/visual_learning/class19-Ros2/ros_ws/install/c19/share/c19/hook/cmake_prefix_path.dsv'
[4.061s] INFO:colcon.colcon_core.shell:Creating environment hook '/home/oife/d2lros2/visual_learning/class19-Ros2/ros_ws/install/c19/share/c19/hook/cmake_prefix_path.sh'
[4.062s] Level 1:colcon.colcon_core.environment:checking '/home/oife/d2lros2/visual_learning/class19-Ros2/ros_ws/install/c19/lib'
[4.062s] Level 1:colcon.colcon_core.environment:checking '/home/oife/d2lros2/visual_learning/class19-Ros2/ros_ws/install/c19/bin'
[4.062s] Level 1:colcon.colcon_core.environment:checking '/home/oife/d2lros2/visual_learning/class19-Ros2/ros_ws/install/c19/lib/pkgconfig/c19.pc'
[4.062s] Level 1:colcon.colcon_core.environment:checking '/home/oife/d2lros2/visual_learning/class19-Ros2/ros_ws/install/c19/lib/python3.10/site-packages'
[4.062s] Level 1:colcon.colcon_core.environment:checking '/home/oife/d2lros2/visual_learning/class19-Ros2/ros_ws/install/c19/bin'
[4.062s] INFO:colcon.colcon_core.shell:Creating package script '/home/oife/d2lros2/visual_learning/class19-Ros2/ros_ws/install/c19/share/c19/package.ps1'
[4.063s] INFO:colcon.colcon_core.shell:Creating package descriptor '/home/oife/d2lros2/visual_learning/class19-Ros2/ros_ws/install/c19/share/c19/package.dsv'
[4.063s] INFO:colcon.colcon_core.shell:Creating package script '/home/oife/d2lros2/visual_learning/class19-Ros2/ros_ws/install/c19/share/c19/package.sh'
[4.063s] INFO:colcon.colcon_core.shell:Creating package script '/home/oife/d2lros2/visual_learning/class19-Ros2/ros_ws/install/c19/share/c19/package.bash'
[4.064s] INFO:colcon.colcon_core.shell:Creating package script '/home/oife/d2lros2/visual_learning/class19-Ros2/ros_ws/install/c19/share/c19/package.zsh'
[4.064s] Level 1:colcon.colcon_core.environment:create_file_with_runtime_dependencies(/home/oife/d2lros2/visual_learning/class19-Ros2/ros_ws/install/c19/share/colcon-core/packages/c19)
[4.065s] Level 1:colcon.colcon_core.environment:create_environment_scripts_only(c19)
[4.065s] Level 1:colcon.colcon_core.environment:checking '/home/oife/d2lros2/visual_learning/class19-Ros2/ros_ws/install/c19' for CMake module files
[4.065s] Level 1:colcon.colcon_core.environment:checking '/home/oife/d2lros2/visual_learning/class19-Ros2/ros_ws/install/c19' for CMake config files
[4.065s] Level 1:colcon.colcon_core.shell:create_environment_hook('c19', 'cmake_prefix_path')
[4.065s] INFO:colcon.colcon_core.shell:Creating environment hook '/home/oife/d2lros2/visual_learning/class19-Ros2/ros_ws/install/c19/share/c19/hook/cmake_prefix_path.ps1'
[4.065s] INFO:colcon.colcon_core.shell:Creating environment descriptor '/home/oife/d2lros2/visual_learning/class19-Ros2/ros_ws/install/c19/share/c19/hook/cmake_prefix_path.dsv'
[4.065s] INFO:colcon.colcon_core.shell:Creating environment hook '/home/oife/d2lros2/visual_learning/class19-Ros2/ros_ws/install/c19/share/c19/hook/cmake_prefix_path.sh'
[4.066s] Level 1:colcon.colcon_core.environment:checking '/home/oife/d2lros2/visual_learning/class19-Ros2/ros_ws/install/c19/lib'
[4.066s] Level 1:colcon.colcon_core.environment:checking '/home/oife/d2lros2/visual_learning/class19-Ros2/ros_ws/install/c19/bin'
[4.066s] Level 1:colcon.colcon_core.environment:checking '/home/oife/d2lros2/visual_learning/class19-Ros2/ros_ws/install/c19/lib/pkgconfig/c19.pc'
[4.066s] Level 1:colcon.colcon_core.environment:checking '/home/oife/d2lros2/visual_learning/class19-Ros2/ros_ws/install/c19/lib/python3.10/site-packages'
[4.066s] Level 1:colcon.colcon_core.environment:checking '/home/oife/d2lros2/visual_learning/class19-Ros2/ros_ws/install/c19/bin'
[4.066s] INFO:colcon.colcon_core.shell:Creating package script '/home/oife/d2lros2/visual_learning/class19-Ros2/ros_ws/install/c19/share/c19/package.ps1'
[4.067s] INFO:colcon.colcon_core.shell:Creating package descriptor '/home/oife/d2lros2/visual_learning/class19-Ros2/ros_ws/install/c19/share/c19/package.dsv'
[4.067s] INFO:colcon.colcon_core.shell:Creating package script '/home/oife/d2lros2/visual_learning/class19-Ros2/ros_ws/install/c19/share/c19/package.sh'
[4.067s] INFO:colcon.colcon_core.shell:Creating package script '/home/oife/d2lros2/visual_learning/class19-Ros2/ros_ws/install/c19/share/c19/package.bash'
[4.067s] INFO:colcon.colcon_core.shell:Creating package script '/home/oife/d2lros2/visual_learning/class19-Ros2/ros_ws/install/c19/share/c19/package.zsh'
[4.068s] Level 1:colcon.colcon_core.environment:create_file_with_runtime_dependencies(/home/oife/d2lros2/visual_learning/class19-Ros2/ros_ws/install/c19/share/colcon-core/packages/c19)
[4.068s] DEBUG:colcon.colcon_parallel_executor.executor.parallel:closing loop
[4.068s] DEBUG:colcon.colcon_parallel_executor.executor.parallel:loop closed
[4.068s] DEBUG:colcon.colcon_parallel_executor.executor.parallel:run_until_complete finished with '0'
[4.068s] DEBUG:colcon.colcon_core.event_reactor:joining thread
[4.071s] INFO:colcon.colcon_core.plugin_system:Skipping extension 'colcon_notification.desktop_notification.terminal_notifier': Not used on non-Darwin systems
[4.071s] INFO:colcon.colcon_core.plugin_system:Skipping extension 'colcon_notification.desktop_notification.win32': Not used on non-Windows systems
[4.071s] INFO:colcon.colcon_notification.desktop_notification:Sending desktop notification using 'notify2'
[4.079s] DEBUG:colcon.colcon_core.event_reactor:joined thread
[4.079s] INFO:colcon.colcon_core.shell:Creating prefix script '/home/oife/d2lros2/visual_learning/class19-Ros2/ros_ws/install/local_setup.ps1'
[4.080s] INFO:colcon.colcon_core.shell:Creating prefix util module '/home/oife/d2lros2/visual_learning/class19-Ros2/ros_ws/install/_local_setup_util_ps1.py'
[4.081s] INFO:colcon.colcon_core.shell:Creating prefix chain script '/home/oife/d2lros2/visual_learning/class19-Ros2/ros_ws/install/setup.ps1'
[4.081s] INFO:colcon.colcon_core.shell:Creating prefix script '/home/oife/d2lros2/visual_learning/class19-Ros2/ros_ws/install/local_setup.sh'
[4.082s] INFO:colcon.colcon_core.shell:Creating prefix util module '/home/oife/d2lros2/visual_learning/class19-Ros2/ros_ws/install/_local_setup_util_sh.py'
[4.082s] INFO:colcon.colcon_core.shell:Creating prefix chain script '/home/oife/d2lros2/visual_learning/class19-Ros2/ros_ws/install/setup.sh'
[4.083s] INFO:colcon.colcon_core.shell:Creating prefix script '/home/oife/d2lros2/visual_learning/class19-Ros2/ros_ws/install/local_setup.bash'
[4.083s] INFO:colcon.colcon_core.shell:Creating prefix chain script '/home/oife/d2lros2/visual_learning/class19-Ros2/ros_ws/install/setup.bash'
[4.083s] INFO:colcon.colcon_core.shell:Creating prefix script '/home/oife/d2lros2/visual_learning/class19-Ros2/ros_ws/install/local_setup.zsh'
[4.084s] INFO:colcon.colcon_core.shell:Creating prefix chain script '/home/oife/d2lros2/visual_learning/class19-Ros2/ros_ws/install/setup.zsh'
