-- Found ament_cmake: 1.3.12 (/opt/ros/humble/share/ament_cmake/cmake)
-- Found rclcpp: 16.0.15 (/opt/ros/humble/share/rclcpp/cmake)
-- Found rosidl_generator_c: 3.1.7 (/opt/ros/humble/share/rosidl_generator_c/cmake)
-- Found rosidl_adapter: 3.1.7 (/opt/ros/humble/share/rosidl_adapter/cmake)
-- Found rosidl_generator_cpp: 3.1.7 (/opt/ros/humble/share/rosidl_generator_cpp/cmake)
-- Using all available rosidl_typesupport_c: rosidl_typesupport_fastrtps_c;rosidl_typesupport_introspection_c
-- Using all available rosidl_typesupport_cpp: rosidl_typesupport_fastrtps_cpp;rosidl_typesupport_introspection_cpp
-- Found rmw_implementation_cmake: 6.1.2 (/opt/ros/humble/share/rmw_implementation_cmake/cmake)
-- Found rmw_fastrtps_cpp: 6.2.9 (/opt/ros/humble/share/rmw_fastrtps_cpp/cmake)
-- Using RMW implementation 'rmw_fastrtps_cpp' as default
-- Found sensor_msgs: 4.9.0 (/opt/ros/humble/share/sensor_msgs/cmake)
-- Found cv_bridge: 3.2.1 (/opt/ros/humble/share/cv_bridge/cmake)
-- Found ament_lint_auto: 0.12.14 (/opt/ros/humble/share/ament_lint_auto/cmake)
-- Added test 'cppcheck' to perform static code analysis on C / C++ code
-- Configured cppcheck include dirs: 
-- Configured cppcheck exclude dirs and/or files: 
-- Added test 'lint_cmake' to check CMake code style
-- Added test 'uncrustify' to check C / C++ code style
-- Configured uncrustify additional arguments: 
-- Added test 'xmllint' to check XML markup files
-- Configuring done
-- Generating done
-- Build files have been written to: /home/oife/d2lros2/visual_learning/class19-Ros2/ros_ws/build/c19
[35m[1mConsolidate compiler generated dependencies of target video_read[0m
[35m[1mConsolidate compiler generated dependencies of target video_process[0m
[ 75%] [32mBuilding CXX object CMakeFiles/video_read.dir/src/node/video_read.cpp.o[0m
[ 75%] Built target video_process
[100%] [32m[1mLinking CXX executable video_read[0m
[100%] Built target video_read
-- Install configuration: ""
-- Installing: /home/oife/d2lros2/visual_learning/class19-Ros2/ros_ws/install/c19/lib/c19/video_read
-- Set runtime path of "/home/oife/d2lros2/visual_learning/class19-Ros2/ros_ws/install/c19/lib/c19/video_read" to ""
-- Up-to-date: /home/oife/d2lros2/visual_learning/class19-Ros2/ros_ws/install/c19/lib/c19/video_process
-- Installing: /home/oife/d2lros2/visual_learning/class19-Ros2/ros_ws/install/c19/share/c19/video_source
-- Installing: /home/oife/d2lros2/visual_learning/class19-Ros2/ros_ws/install/c19/share/c19/video_source/vedio.mp4
-- Up-to-date: /home/oife/d2lros2/visual_learning/class19-Ros2/ros_ws/install/c19/share/ament_index/resource_index/package_run_dependencies/c19
-- Installing: /home/oife/d2lros2/visual_learning/class19-Ros2/ros_ws/install/c19/share/ament_index/resource_index/parent_prefix_path/c19
-- Up-to-date: /home/oife/d2lros2/visual_learning/class19-Ros2/ros_ws/install/c19/share/c19/environment/ament_prefix_path.sh
-- Installing: /home/oife/d2lros2/visual_learning/class19-Ros2/ros_ws/install/c19/share/c19/environment/ament_prefix_path.dsv
-- Up-to-date: /home/oife/d2lros2/visual_learning/class19-Ros2/ros_ws/install/c19/share/c19/environment/path.sh
-- Installing: /home/oife/d2lros2/visual_learning/class19-Ros2/ros_ws/install/c19/share/c19/environment/path.dsv
-- Up-to-date: /home/oife/d2lros2/visual_learning/class19-Ros2/ros_ws/install/c19/share/c19/local_setup.bash
-- Up-to-date: /home/oife/d2lros2/visual_learning/class19-Ros2/ros_ws/install/c19/share/c19/local_setup.sh
-- Up-to-date: /home/oife/d2lros2/visual_learning/class19-Ros2/ros_ws/install/c19/share/c19/local_setup.zsh
-- Installing: /home/oife/d2lros2/visual_learning/class19-Ros2/ros_ws/install/c19/share/c19/local_setup.dsv
-- Installing: /home/oife/d2lros2/visual_learning/class19-Ros2/ros_ws/install/c19/share/c19/package.dsv
-- Up-to-date: /home/oife/d2lros2/visual_learning/class19-Ros2/ros_ws/install/c19/share/ament_index/resource_index/packages/c19
-- Up-to-date: /home/oife/d2lros2/visual_learning/class19-Ros2/ros_ws/install/c19/share/c19/cmake/c19Config.cmake
-- Up-to-date: /home/oife/d2lros2/visual_learning/class19-Ros2/ros_ws/install/c19/share/c19/cmake/c19Config-version.cmake
-- Up-to-date: /home/oife/d2lros2/visual_learning/class19-Ros2/ros_ws/install/c19/share/c19/package.xml
