[0.008s] Invoking command in '/home/oife/d2lros2/visual_learning/class19-Ros2/ros_ws/build/c19': CMAKE_PREFIX_PATH=${CMAKE_PREFIX_PATH}:/opt/ros/humble /usr/bin/cmake --build /home/oife/d2lros2/visual_learning/class19-Ros2/ros_ws/build/c19 -- -j4 -l4
[0.028s] -- Found ament_cmake: 1.3.12 (/opt/ros/humble/share/ament_cmake/cmake)
[0.095s] -- Found rclcpp: 16.0.15 (/opt/ros/humble/share/rclcpp/cmake)
[0.109s] -- Found rosidl_generator_c: 3.1.7 (/opt/ros/humble/share/rosidl_generator_c/cmake)
[0.110s] -- Found rosidl_adapter: 3.1.7 (/opt/ros/humble/share/rosidl_adapter/cmake)
[0.112s] -- Found rosidl_generator_cpp: 3.1.7 (/opt/ros/humble/share/rosidl_generator_cpp/cmake)
[0.117s] -- Using all available rosidl_typesupport_c: rosidl_typesupport_fastrtps_c;rosidl_typesupport_introspection_c
[0.123s] -- Using all available rosidl_typesupport_cpp: rosidl_typesupport_fastrtps_cpp;rosidl_typesupport_introspection_cpp
[0.138s] -- Found rmw_implementation_cmake: 6.1.2 (/opt/ros/humble/share/rmw_implementation_cmake/cmake)
[0.138s] -- Found rmw_fastrtps_cpp: 6.2.9 (/opt/ros/humble/share/rmw_fastrtps_cpp/cmake)
[0.189s] -- Using RMW implementation 'rmw_fastrtps_cpp' as default
[0.215s] -- Found sensor_msgs: 4.9.0 (/opt/ros/humble/share/sensor_msgs/cmake)
[0.228s] -- Found cv_bridge: 3.2.1 (/opt/ros/humble/share/cv_bridge/cmake)
[0.229s] -- Found ament_lint_auto: 0.12.14 (/opt/ros/humble/share/ament_lint_auto/cmake)
[0.267s] -- Added test 'cppcheck' to perform static code analysis on C / C++ code
[0.267s] -- Configured cppcheck include dirs: 
[0.267s] -- Configured cppcheck exclude dirs and/or files: 
[0.268s] -- Added test 'lint_cmake' to check CMake code style
[0.268s] -- Added test 'uncrustify' to check C / C++ code style
[0.268s] -- Configured uncrustify additional arguments: 
[0.268s] -- Added test 'xmllint' to check XML markup files
[0.269s] -- Configuring done
[0.279s] -- Generating done
[0.282s] -- Build files have been written to: /home/oife/d2lros2/visual_learning/class19-Ros2/ros_ws/build/c19
[0.301s] [35m[1mConsolidate compiler generated dependencies of target video_read[0m
[0.301s] [35m[1mConsolidate compiler generated dependencies of target video_process[0m
[0.314s] [ 75%] [32mBuilding CXX object CMakeFiles/video_read.dir/src/node/video_read.cpp.o[0m
[0.315s] [ 75%] Built target video_process
[3.514s] [100%] [32m[1mLinking CXX executable video_read[0m
[3.610s] /usr/bin/ld: warning: libopencv_core.so.4.5d, needed by /opt/ros/humble/lib/libcv_bridge.so, may conflict with libopencv_core.so.413
[3.831s] [100%] Built target video_read
[3.838s] Invoked command in '/home/oife/d2lros2/visual_learning/class19-Ros2/ros_ws/build/c19' returned '0': CMAKE_PREFIX_PATH=${CMAKE_PREFIX_PATH}:/opt/ros/humble /usr/bin/cmake --build /home/oife/d2lros2/visual_learning/class19-Ros2/ros_ws/build/c19 -- -j4 -l4
[3.846s] Invoking command in '/home/oife/d2lros2/visual_learning/class19-Ros2/ros_ws/build/c19': CMAKE_PREFIX_PATH=${CMAKE_PREFIX_PATH}:/opt/ros/humble /usr/bin/cmake --install /home/oife/d2lros2/visual_learning/class19-Ros2/ros_ws/build/c19
[3.850s] -- Install configuration: ""
[3.851s] -- Installing: /home/oife/d2lros2/visual_learning/class19-Ros2/ros_ws/install/c19/lib/c19/video_read
[3.852s] -- Set runtime path of "/home/oife/d2lros2/visual_learning/class19-Ros2/ros_ws/install/c19/lib/c19/video_read" to ""
[3.852s] -- Up-to-date: /home/oife/d2lros2/visual_learning/class19-Ros2/ros_ws/install/c19/lib/c19/video_process
[3.852s] -- Installing: /home/oife/d2lros2/visual_learning/class19-Ros2/ros_ws/install/c19/share/c19/video_source
[3.852s] -- Installing: /home/oife/d2lros2/visual_learning/class19-Ros2/ros_ws/install/c19/share/c19/video_source/vedio.mp4
[3.896s] -- Up-to-date: /home/oife/d2lros2/visual_learning/class19-Ros2/ros_ws/install/c19/share/ament_index/resource_index/package_run_dependencies/c19
[3.896s] -- Installing: /home/oife/d2lros2/visual_learning/class19-Ros2/ros_ws/install/c19/share/ament_index/resource_index/parent_prefix_path/c19
[3.896s] -- Up-to-date: /home/oife/d2lros2/visual_learning/class19-Ros2/ros_ws/install/c19/share/c19/environment/ament_prefix_path.sh
[3.896s] -- Installing: /home/oife/d2lros2/visual_learning/class19-Ros2/ros_ws/install/c19/share/c19/environment/ament_prefix_path.dsv
[3.896s] -- Up-to-date: /home/oife/d2lros2/visual_learning/class19-Ros2/ros_ws/install/c19/share/c19/environment/path.sh
[3.896s] -- Installing: /home/oife/d2lros2/visual_learning/class19-Ros2/ros_ws/install/c19/share/c19/environment/path.dsv
[3.896s] -- Up-to-date: /home/oife/d2lros2/visual_learning/class19-Ros2/ros_ws/install/c19/share/c19/local_setup.bash
[3.896s] -- Up-to-date: /home/oife/d2lros2/visual_learning/class19-Ros2/ros_ws/install/c19/share/c19/local_setup.sh
[3.896s] -- Up-to-date: /home/oife/d2lros2/visual_learning/class19-Ros2/ros_ws/install/c19/share/c19/local_setup.zsh
[3.896s] -- Installing: /home/oife/d2lros2/visual_learning/class19-Ros2/ros_ws/install/c19/share/c19/local_setup.dsv
[3.897s] -- Installing: /home/oife/d2lros2/visual_learning/class19-Ros2/ros_ws/install/c19/share/c19/package.dsv
[3.897s] -- Up-to-date: /home/oife/d2lros2/visual_learning/class19-Ros2/ros_ws/install/c19/share/ament_index/resource_index/packages/c19
[3.898s] -- Up-to-date: /home/oife/d2lros2/visual_learning/class19-Ros2/ros_ws/install/c19/share/c19/cmake/c19Config.cmake
[3.898s] -- Up-to-date: /home/oife/d2lros2/visual_learning/class19-Ros2/ros_ws/install/c19/share/c19/cmake/c19Config-version.cmake
[3.898s] -- Up-to-date: /home/oife/d2lros2/visual_learning/class19-Ros2/ros_ws/install/c19/share/c19/package.xml
[3.899s] Invoked command in '/home/oife/d2lros2/visual_learning/class19-Ros2/ros_ws/build/c19' returned '0': CMAKE_PREFIX_PATH=${CMAKE_PREFIX_PATH}:/opt/ros/humble /usr/bin/cmake --install /home/oife/d2lros2/visual_learning/class19-Ros2/ros_ws/build/c19
