[0.052s] DEBUG:colcon:Command line arguments: ['/usr/bin/colcon', 'build']
[0.052s] DEBUG:colcon:Parsed command line arguments: Namespace(log_base=None, log_level=None, verb_name='build', build_base='build', install_base='install', merge_install=False, symlink_install=False, test_result_base=None, continue_on_error=False, executor='parallel', parallel_workers=4, event_handlers=None, ignore_user_meta=False, metas=['./colcon.meta'], base_paths=['.'], packages_ignore=None, packages_ignore_regex=None, paths=None, packages_up_to=None, packages_up_to_regex=None, packages_above=None, packages_above_and_dependencies=None, packages_above_depth=None, packages_select_by_dep=None, packages_skip_by_dep=None, packages_skip_up_to=None, packages_select_build_failed=False, packages_skip_build_finished=False, packages_select_test_failures=False, packages_skip_test_passed=False, packages_select=None, packages_skip=None, packages_select_regex=None, packages_skip_regex=None, packages_start=None, packages_end=None, allow_overriding=[], cmake_args=None, cmake_target=None, cmake_target_skip_unavailable=False, cmake_clean_cache=False, cmake_clean_first=False, cmake_force_configure=False, ament_cmake_args=None, catkin_cmake_args=None, catkin_skip_building_tests=False, verb_parser=<colcon_defaults.argument_parser.defaults.DefaultArgumentsDecorator object at 0x7d6e7e4238e0>, verb_extension=<colcon_core.verb.build.BuildVerb object at 0x7d6e7e422f50>, main=<bound method BuildVerb.main of <colcon_core.verb.build.BuildVerb object at 0x7d6e7e422f50>>)
[0.121s] Level 1:colcon.colcon_core.package_discovery:discover_packages(colcon_meta) check parameters
[0.121s] Level 1:colcon.colcon_core.package_discovery:discover_packages(recursive) check parameters
[0.121s] Level 1:colcon.colcon_core.package_discovery:discover_packages(ignore) check parameters
[0.121s] Level 1:colcon.colcon_core.package_discovery:discover_packages(path) check parameters
[0.121s] Level 1:colcon.colcon_core.package_discovery:discover_packages(colcon_meta) discover
[0.121s] Level 1:colcon.colcon_core.package_discovery:discover_packages(recursive) discover
[0.121s] INFO:colcon.colcon_core.package_discovery:Crawling recursively for packages in '/home/oife/d2lros2/visual_learning/the final'
[0.121s] Level 1:colcon.colcon_core.package_identification:_identify(.) by extensions ['ignore', 'ignore_ament_install']
[0.121s] Level 1:colcon.colcon_core.package_identification:_identify(.) by extension 'ignore'
[0.121s] Level 1:colcon.colcon_core.package_identification:_identify(.) by extension 'ignore_ament_install'
[0.121s] Level 1:colcon.colcon_core.package_identification:_identify(.) by extensions ['colcon_pkg']
[0.121s] Level 1:colcon.colcon_core.package_identification:_identify(.) by extension 'colcon_pkg'
[0.121s] Level 1:colcon.colcon_core.package_identification:_identify(.) by extensions ['colcon_meta']
[0.121s] Level 1:colcon.colcon_core.package_identification:_identify(.) by extension 'colcon_meta'
[0.121s] Level 1:colcon.colcon_core.package_identification:_identify(.) by extensions ['ros']
[0.121s] Level 1:colcon.colcon_core.package_identification:_identify(.) by extension 'ros'
[0.127s] Level 1:colcon.colcon_core.package_identification:_identify(.) by extensions ['cmake', 'python']
[0.127s] Level 1:colcon.colcon_core.package_identification:_identify(.) by extension 'cmake'
[0.127s] Level 1:colcon.colcon_core.package_identification:_identify(.) by extension 'python'
[0.127s] Level 1:colcon.colcon_core.package_identification:_identify(.) by extensions ['python_setup_py']
[0.127s] Level 1:colcon.colcon_core.package_identification:_identify(.) by extension 'python_setup_py'
[0.127s] Level 1:colcon.colcon_core.package_identification:_identify(build) by extensions ['ignore', 'ignore_ament_install']
[0.127s] Level 1:colcon.colcon_core.package_identification:_identify(build) by extension 'ignore'
[0.127s] Level 1:colcon.colcon_core.package_identification:_identify(build) ignored
[0.127s] Level 1:colcon.colcon_core.package_identification:_identify(install) by extensions ['ignore', 'ignore_ament_install']
[0.127s] Level 1:colcon.colcon_core.package_identification:_identify(install) by extension 'ignore'
[0.127s] Level 1:colcon.colcon_core.package_identification:_identify(install) ignored
[0.127s] Level 1:colcon.colcon_core.package_identification:_identify(log) by extensions ['ignore', 'ignore_ament_install']
[0.127s] Level 1:colcon.colcon_core.package_identification:_identify(log) by extension 'ignore'
[0.127s] Level 1:colcon.colcon_core.package_identification:_identify(log) ignored
[0.127s] Level 1:colcon.colcon_core.package_identification:_identify(src) by extensions ['ignore', 'ignore_ament_install']
[0.127s] Level 1:colcon.colcon_core.package_identification:_identify(src) by extension 'ignore'
[0.127s] Level 1:colcon.colcon_core.package_identification:_identify(src) by extension 'ignore_ament_install'
[0.127s] Level 1:colcon.colcon_core.package_identification:_identify(src) by extensions ['colcon_pkg']
[0.127s] Level 1:colcon.colcon_core.package_identification:_identify(src) by extension 'colcon_pkg'
[0.127s] Level 1:colcon.colcon_core.package_identification:_identify(src) by extensions ['colcon_meta']
[0.127s] Level 1:colcon.colcon_core.package_identification:_identify(src) by extension 'colcon_meta'
[0.127s] Level 1:colcon.colcon_core.package_identification:_identify(src) by extensions ['ros']
[0.127s] Level 1:colcon.colcon_core.package_identification:_identify(src) by extension 'ros'
[0.127s] Level 1:colcon.colcon_core.package_identification:_identify(src) by extensions ['cmake', 'python']
[0.127s] Level 1:colcon.colcon_core.package_identification:_identify(src) by extension 'cmake'
[0.127s] Level 1:colcon.colcon_core.package_identification:_identify(src) by extension 'python'
[0.127s] Level 1:colcon.colcon_core.package_identification:_identify(src) by extensions ['python_setup_py']
[0.127s] Level 1:colcon.colcon_core.package_identification:_identify(src) by extension 'python_setup_py'
[0.128s] Level 1:colcon.colcon_core.package_identification:_identify(src/aim_interfaces) by extensions ['ignore', 'ignore_ament_install']
[0.128s] Level 1:colcon.colcon_core.package_identification:_identify(src/aim_interfaces) by extension 'ignore'
[0.128s] Level 1:colcon.colcon_core.package_identification:_identify(src/aim_interfaces) by extension 'ignore_ament_install'
[0.128s] Level 1:colcon.colcon_core.package_identification:_identify(src/aim_interfaces) by extensions ['colcon_pkg']
[0.128s] Level 1:colcon.colcon_core.package_identification:_identify(src/aim_interfaces) by extension 'colcon_pkg'
[0.128s] Level 1:colcon.colcon_core.package_identification:_identify(src/aim_interfaces) by extensions ['colcon_meta']
[0.128s] Level 1:colcon.colcon_core.package_identification:_identify(src/aim_interfaces) by extension 'colcon_meta'
[0.128s] Level 1:colcon.colcon_core.package_identification:_identify(src/aim_interfaces) by extensions ['ros']
[0.128s] Level 1:colcon.colcon_core.package_identification:_identify(src/aim_interfaces) by extension 'ros'
[0.129s] DEBUG:colcon.colcon_core.package_identification:Package 'src/aim_interfaces' with type 'ros.ament_cmake' and name 'aim_interfaces'
[0.129s] Level 1:colcon.colcon_core.package_identification:_identify(src/final) by extensions ['ignore', 'ignore_ament_install']
[0.129s] Level 1:colcon.colcon_core.package_identification:_identify(src/final) by extension 'ignore'
[0.129s] Level 1:colcon.colcon_core.package_identification:_identify(src/final) by extension 'ignore_ament_install'
[0.129s] Level 1:colcon.colcon_core.package_identification:_identify(src/final) by extensions ['colcon_pkg']
[0.129s] Level 1:colcon.colcon_core.package_identification:_identify(src/final) by extension 'colcon_pkg'
[0.129s] Level 1:colcon.colcon_core.package_identification:_identify(src/final) by extensions ['colcon_meta']
[0.129s] Level 1:colcon.colcon_core.package_identification:_identify(src/final) by extension 'colcon_meta'
[0.129s] Level 1:colcon.colcon_core.package_identification:_identify(src/final) by extensions ['ros']
[0.129s] Level 1:colcon.colcon_core.package_identification:_identify(src/final) by extension 'ros'
[0.130s] DEBUG:colcon.colcon_core.package_identification:Package 'src/final' with type 'ros.ament_cmake' and name 'final'
[0.130s] Level 1:colcon.colcon_core.package_discovery:discover_packages(recursive) using defaults
[0.130s] Level 1:colcon.colcon_core.package_discovery:discover_packages(ignore) discover
[0.130s] Level 1:colcon.colcon_core.package_discovery:discover_packages(ignore) using defaults
[0.130s] Level 1:colcon.colcon_core.package_discovery:discover_packages(path) discover
[0.130s] Level 1:colcon.colcon_core.package_discovery:discover_packages(path) using defaults
[0.140s] Level 1:colcon.colcon_core.package_discovery:discover_packages(prefix_path) check parameters
[0.140s] Level 1:colcon.colcon_core.package_discovery:discover_packages(prefix_path) discover
[0.141s] DEBUG:colcon.colcon_installed_package_information.package_discovery:Found 2 installed packages in /home/oife/d2lros2/visual_learning/the final/install
[0.142s] DEBUG:colcon.colcon_installed_package_information.package_discovery:Found 271 installed packages in /opt/ros/humble
[0.143s] Level 1:colcon.colcon_core.package_discovery:discover_packages(prefix_path) using defaults
[0.166s] Level 5:colcon.colcon_core.verb:set package 'aim_interfaces' build argument 'cmake_args' from command line to 'None'
[0.166s] Level 5:colcon.colcon_core.verb:set package 'aim_interfaces' build argument 'cmake_target' from command line to 'None'
[0.166s] Level 5:colcon.colcon_core.verb:set package 'aim_interfaces' build argument 'cmake_target_skip_unavailable' from command line to 'False'
[0.166s] Level 5:colcon.colcon_core.verb:set package 'aim_interfaces' build argument 'cmake_clean_cache' from command line to 'False'
[0.166s] Level 5:colcon.colcon_core.verb:set package 'aim_interfaces' build argument 'cmake_clean_first' from command line to 'False'
[0.166s] Level 5:colcon.colcon_core.verb:set package 'aim_interfaces' build argument 'cmake_force_configure' from command line to 'False'
[0.166s] Level 5:colcon.colcon_core.verb:set package 'aim_interfaces' build argument 'ament_cmake_args' from command line to 'None'
[0.166s] Level 5:colcon.colcon_core.verb:set package 'aim_interfaces' build argument 'catkin_cmake_args' from command line to 'None'
[0.166s] Level 5:colcon.colcon_core.verb:set package 'aim_interfaces' build argument 'catkin_skip_building_tests' from command line to 'False'
[0.166s] DEBUG:colcon.colcon_core.verb:Building package 'aim_interfaces' with the following arguments: {'ament_cmake_args': None, 'build_base': '/home/oife/d2lros2/visual_learning/the final/build/aim_interfaces', 'catkin_cmake_args': None, 'catkin_skip_building_tests': False, 'cmake_args': None, 'cmake_clean_cache': False, 'cmake_clean_first': False, 'cmake_force_configure': False, 'cmake_target': None, 'cmake_target_skip_unavailable': False, 'install_base': '/home/oife/d2lros2/visual_learning/the final/install/aim_interfaces', 'merge_install': False, 'path': '/home/oife/d2lros2/visual_learning/the final/src/aim_interfaces', 'symlink_install': False, 'test_result_base': None}
[0.166s] Level 5:colcon.colcon_core.verb:set package 'final' build argument 'cmake_args' from command line to 'None'
[0.166s] Level 5:colcon.colcon_core.verb:set package 'final' build argument 'cmake_target' from command line to 'None'
[0.166s] Level 5:colcon.colcon_core.verb:set package 'final' build argument 'cmake_target_skip_unavailable' from command line to 'False'
[0.166s] Level 5:colcon.colcon_core.verb:set package 'final' build argument 'cmake_clean_cache' from command line to 'False'
[0.166s] Level 5:colcon.colcon_core.verb:set package 'final' build argument 'cmake_clean_first' from command line to 'False'
[0.166s] Level 5:colcon.colcon_core.verb:set package 'final' build argument 'cmake_force_configure' from command line to 'False'
[0.166s] Level 5:colcon.colcon_core.verb:set package 'final' build argument 'ament_cmake_args' from command line to 'None'
[0.166s] Level 5:colcon.colcon_core.verb:set package 'final' build argument 'catkin_cmake_args' from command line to 'None'
[0.166s] Level 5:colcon.colcon_core.verb:set package 'final' build argument 'catkin_skip_building_tests' from command line to 'False'
[0.166s] DEBUG:colcon.colcon_core.verb:Building package 'final' with the following arguments: {'ament_cmake_args': None, 'build_base': '/home/oife/d2lros2/visual_learning/the final/build/final', 'catkin_cmake_args': None, 'catkin_skip_building_tests': False, 'cmake_args': None, 'cmake_clean_cache': False, 'cmake_clean_first': False, 'cmake_force_configure': False, 'cmake_target': None, 'cmake_target_skip_unavailable': False, 'install_base': '/home/oife/d2lros2/visual_learning/the final/install/final', 'merge_install': False, 'path': '/home/oife/d2lros2/visual_learning/the final/src/final', 'symlink_install': False, 'test_result_base': None}
[0.166s] INFO:colcon.colcon_core.executor:Executing jobs using 'parallel' executor
[0.167s] DEBUG:colcon.colcon_parallel_executor.executor.parallel:run_until_complete
[0.167s] INFO:colcon.colcon_ros.task.ament_cmake.build:Building ROS package in '/home/oife/d2lros2/visual_learning/the final/src/aim_interfaces' with build type 'ament_cmake'
[0.167s] INFO:colcon.colcon_cmake.task.cmake.build:Building CMake package in '/home/oife/d2lros2/visual_learning/the final/src/aim_interfaces'
[0.168s] INFO:colcon.colcon_core.plugin_system:Skipping extension 'colcon_core.shell.bat': Not used on non-Windows systems
[0.168s] INFO:colcon.colcon_core.shell:Skip shell extension 'powershell' for command environment: Not usable outside of PowerShell
[0.168s] DEBUG:colcon.colcon_core.shell:Skip shell extension 'dsv' for command environment
[0.175s] DEBUG:colcon.colcon_core.event_handler.log_command:Invoking command in '/home/oife/d2lros2/visual_learning/the final/build/aim_interfaces': CMAKE_PREFIX_PATH=${CMAKE_PREFIX_PATH}:/opt/ros/humble /usr/bin/cmake --build /home/oife/d2lros2/visual_learning/the final/build/aim_interfaces -- -j4 -l4
[0.408s] DEBUG:colcon.colcon_core.event_handler.log_command:Invoked command in '/home/oife/d2lros2/visual_learning/the final/build/aim_interfaces' returned '0': CMAKE_PREFIX_PATH=${CMAKE_PREFIX_PATH}:/opt/ros/humble /usr/bin/cmake --build /home/oife/d2lros2/visual_learning/the final/build/aim_interfaces -- -j4 -l4
[0.415s] DEBUG:colcon.colcon_core.event_handler.log_command:Invoking command in '/home/oife/d2lros2/visual_learning/the final/build/aim_interfaces': CMAKE_PREFIX_PATH=${CMAKE_PREFIX_PATH}:/opt/ros/humble /usr/bin/cmake --install /home/oife/d2lros2/visual_learning/the final/build/aim_interfaces
[0.446s] Level 1:colcon.colcon_core.environment:create_environment_scripts_only(aim_interfaces)
[0.447s] DEBUG:colcon.colcon_core.event_handler.log_command:Invoked command in '/home/oife/d2lros2/visual_learning/the final/build/aim_interfaces' returned '0': CMAKE_PREFIX_PATH=${CMAKE_PREFIX_PATH}:/opt/ros/humble /usr/bin/cmake --install /home/oife/d2lros2/visual_learning/the final/build/aim_interfaces
[0.448s] Level 1:colcon.colcon_core.environment:checking '/home/oife/d2lros2/visual_learning/the final/install/aim_interfaces' for CMake module files
[0.448s] Level 1:colcon.colcon_core.environment:checking '/home/oife/d2lros2/visual_learning/the final/install/aim_interfaces' for CMake config files
[0.448s] Level 1:colcon.colcon_core.shell:create_environment_hook('aim_interfaces', 'cmake_prefix_path')
[0.448s] INFO:colcon.colcon_core.shell:Creating environment hook '/home/oife/d2lros2/visual_learning/the final/install/aim_interfaces/share/aim_interfaces/hook/cmake_prefix_path.ps1'
[0.449s] INFO:colcon.colcon_core.shell:Creating environment descriptor '/home/oife/d2lros2/visual_learning/the final/install/aim_interfaces/share/aim_interfaces/hook/cmake_prefix_path.dsv'
[0.449s] INFO:colcon.colcon_core.shell:Creating environment hook '/home/oife/d2lros2/visual_learning/the final/install/aim_interfaces/share/aim_interfaces/hook/cmake_prefix_path.sh'
[0.450s] Level 1:colcon.colcon_core.environment:checking '/home/oife/d2lros2/visual_learning/the final/install/aim_interfaces/lib'
[0.450s] Level 1:colcon.colcon_core.shell:create_environment_hook('aim_interfaces', 'ld_library_path_lib')
[0.450s] INFO:colcon.colcon_core.shell:Creating environment hook '/home/oife/d2lros2/visual_learning/the final/install/aim_interfaces/share/aim_interfaces/hook/ld_library_path_lib.ps1'
[0.450s] INFO:colcon.colcon_core.shell:Creating environment descriptor '/home/oife/d2lros2/visual_learning/the final/install/aim_interfaces/share/aim_interfaces/hook/ld_library_path_lib.dsv'
[0.450s] INFO:colcon.colcon_core.shell:Creating environment hook '/home/oife/d2lros2/visual_learning/the final/install/aim_interfaces/share/aim_interfaces/hook/ld_library_path_lib.sh'
[0.450s] Level 1:colcon.colcon_core.environment:checking '/home/oife/d2lros2/visual_learning/the final/install/aim_interfaces/bin'
[0.450s] Level 1:colcon.colcon_core.environment:checking '/home/oife/d2lros2/visual_learning/the final/install/aim_interfaces/lib/pkgconfig/aim_interfaces.pc'
[0.451s] Level 1:colcon.colcon_core.environment:checking '/home/oife/d2lros2/visual_learning/the final/install/aim_interfaces/lib/python3.10/site-packages'
[0.451s] Level 1:colcon.colcon_core.environment:checking '/home/oife/d2lros2/visual_learning/the final/install/aim_interfaces/bin'
[0.451s] INFO:colcon.colcon_core.shell:Creating package script '/home/oife/d2lros2/visual_learning/the final/install/aim_interfaces/share/aim_interfaces/package.ps1'
[0.451s] INFO:colcon.colcon_core.shell:Creating package descriptor '/home/oife/d2lros2/visual_learning/the final/install/aim_interfaces/share/aim_interfaces/package.dsv'
[0.452s] INFO:colcon.colcon_core.shell:Creating package script '/home/oife/d2lros2/visual_learning/the final/install/aim_interfaces/share/aim_interfaces/package.sh'
[0.452s] INFO:colcon.colcon_core.shell:Creating package script '/home/oife/d2lros2/visual_learning/the final/install/aim_interfaces/share/aim_interfaces/package.bash'
[0.452s] INFO:colcon.colcon_core.shell:Creating package script '/home/oife/d2lros2/visual_learning/the final/install/aim_interfaces/share/aim_interfaces/package.zsh'
[0.453s] Level 1:colcon.colcon_core.environment:create_file_with_runtime_dependencies(/home/oife/d2lros2/visual_learning/the final/install/aim_interfaces/share/colcon-core/packages/aim_interfaces)
[0.453s] Level 1:colcon.colcon_core.environment:create_environment_scripts_only(aim_interfaces)
[0.453s] Level 1:colcon.colcon_core.environment:checking '/home/oife/d2lros2/visual_learning/the final/install/aim_interfaces' for CMake module files
[0.453s] Level 1:colcon.colcon_core.environment:checking '/home/oife/d2lros2/visual_learning/the final/install/aim_interfaces' for CMake config files
[0.454s] Level 1:colcon.colcon_core.shell:create_environment_hook('aim_interfaces', 'cmake_prefix_path')
[0.454s] INFO:colcon.colcon_core.shell:Creating environment hook '/home/oife/d2lros2/visual_learning/the final/install/aim_interfaces/share/aim_interfaces/hook/cmake_prefix_path.ps1'
[0.454s] INFO:colcon.colcon_core.shell:Creating environment descriptor '/home/oife/d2lros2/visual_learning/the final/install/aim_interfaces/share/aim_interfaces/hook/cmake_prefix_path.dsv'
[0.454s] INFO:colcon.colcon_core.shell:Creating environment hook '/home/oife/d2lros2/visual_learning/the final/install/aim_interfaces/share/aim_interfaces/hook/cmake_prefix_path.sh'
[0.455s] Level 1:colcon.colcon_core.environment:checking '/home/oife/d2lros2/visual_learning/the final/install/aim_interfaces/lib'
[0.455s] Level 1:colcon.colcon_core.shell:create_environment_hook('aim_interfaces', 'ld_library_path_lib')
[0.455s] INFO:colcon.colcon_core.shell:Creating environment hook '/home/oife/d2lros2/visual_learning/the final/install/aim_interfaces/share/aim_interfaces/hook/ld_library_path_lib.ps1'
[0.455s] INFO:colcon.colcon_core.shell:Creating environment descriptor '/home/oife/d2lros2/visual_learning/the final/install/aim_interfaces/share/aim_interfaces/hook/ld_library_path_lib.dsv'
[0.455s] INFO:colcon.colcon_core.shell:Creating environment hook '/home/oife/d2lros2/visual_learning/the final/install/aim_interfaces/share/aim_interfaces/hook/ld_library_path_lib.sh'
[0.455s] Level 1:colcon.colcon_core.environment:checking '/home/oife/d2lros2/visual_learning/the final/install/aim_interfaces/bin'
[0.455s] Level 1:colcon.colcon_core.environment:checking '/home/oife/d2lros2/visual_learning/the final/install/aim_interfaces/lib/pkgconfig/aim_interfaces.pc'
[0.455s] Level 1:colcon.colcon_core.environment:checking '/home/oife/d2lros2/visual_learning/the final/install/aim_interfaces/lib/python3.10/site-packages'
[0.456s] Level 1:colcon.colcon_core.environment:checking '/home/oife/d2lros2/visual_learning/the final/install/aim_interfaces/bin'
[0.456s] INFO:colcon.colcon_core.shell:Creating package script '/home/oife/d2lros2/visual_learning/the final/install/aim_interfaces/share/aim_interfaces/package.ps1'
[0.456s] INFO:colcon.colcon_core.shell:Creating package descriptor '/home/oife/d2lros2/visual_learning/the final/install/aim_interfaces/share/aim_interfaces/package.dsv'
[0.456s] INFO:colcon.colcon_core.shell:Creating package script '/home/oife/d2lros2/visual_learning/the final/install/aim_interfaces/share/aim_interfaces/package.sh'
[0.457s] INFO:colcon.colcon_core.shell:Creating package script '/home/oife/d2lros2/visual_learning/the final/install/aim_interfaces/share/aim_interfaces/package.bash'
[0.457s] INFO:colcon.colcon_core.shell:Creating package script '/home/oife/d2lros2/visual_learning/the final/install/aim_interfaces/share/aim_interfaces/package.zsh'
[0.457s] Level 1:colcon.colcon_core.environment:create_file_with_runtime_dependencies(/home/oife/d2lros2/visual_learning/the final/install/aim_interfaces/share/colcon-core/packages/aim_interfaces)
[0.457s] INFO:colcon.colcon_ros.task.ament_cmake.build:Building ROS package in '/home/oife/d2lros2/visual_learning/the final/src/final' with build type 'ament_cmake'
[0.457s] INFO:colcon.colcon_cmake.task.cmake.build:Building CMake package in '/home/oife/d2lros2/visual_learning/the final/src/final'
[0.458s] INFO:colcon.colcon_core.shell:Skip shell extension 'powershell' for command environment: Not usable outside of PowerShell
[0.458s] DEBUG:colcon.colcon_core.shell:Skip shell extension 'dsv' for command environment
[0.465s] DEBUG:colcon.colcon_core.event_handler.log_command:Invoking command in '/home/oife/d2lros2/visual_learning/the final/build/final': CMAKE_PREFIX_PATH=/home/oife/d2lros2/visual_learning/the final/install/aim_interfaces:/home/oife/d2lros2/visual_learning/the final/install/final:/opt/ros/humble /usr/bin/cmake --build /home/oife/d2lros2/visual_learning/the final/build/final -- -j4 -l4
[4.459s] DEBUG:colcon.colcon_core.event_handler.log_command:Invoked command in '/home/oife/d2lros2/visual_learning/the final/build/final' returned '0': CMAKE_PREFIX_PATH=/home/oife/d2lros2/visual_learning/the final/install/aim_interfaces:/home/oife/d2lros2/visual_learning/the final/install/final:/opt/ros/humble /usr/bin/cmake --build /home/oife/d2lros2/visual_learning/the final/build/final -- -j4 -l4
[4.460s] DEBUG:colcon.colcon_core.event_handler.log_command:Invoking command in '/home/oife/d2lros2/visual_learning/the final/build/final': CMAKE_PREFIX_PATH=/home/oife/d2lros2/visual_learning/the final/install/aim_interfaces:/home/oife/d2lros2/visual_learning/the final/install/final:/opt/ros/humble /usr/bin/cmake --install /home/oife/d2lros2/visual_learning/the final/build/final
[4.469s] Level 1:colcon.colcon_core.environment:create_environment_scripts_only(final)
[4.469s] DEBUG:colcon.colcon_core.event_handler.log_command:Invoked command in '/home/oife/d2lros2/visual_learning/the final/build/final' returned '0': CMAKE_PREFIX_PATH=/home/oife/d2lros2/visual_learning/the final/install/aim_interfaces:/home/oife/d2lros2/visual_learning/the final/install/final:/opt/ros/humble /usr/bin/cmake --install /home/oife/d2lros2/visual_learning/the final/build/final
[4.469s] Level 1:colcon.colcon_core.environment:checking '/home/oife/d2lros2/visual_learning/the final/install/final' for CMake module files
[4.469s] Level 1:colcon.colcon_core.environment:checking '/home/oife/d2lros2/visual_learning/the final/install/final' for CMake config files
[4.470s] Level 1:colcon.colcon_core.shell:create_environment_hook('final', 'cmake_prefix_path')
[4.470s] INFO:colcon.colcon_core.shell:Creating environment hook '/home/oife/d2lros2/visual_learning/the final/install/final/share/final/hook/cmake_prefix_path.ps1'
[4.470s] INFO:colcon.colcon_core.shell:Creating environment descriptor '/home/oife/d2lros2/visual_learning/the final/install/final/share/final/hook/cmake_prefix_path.dsv'
[4.471s] INFO:colcon.colcon_core.shell:Creating environment hook '/home/oife/d2lros2/visual_learning/the final/install/final/share/final/hook/cmake_prefix_path.sh'
[4.471s] Level 1:colcon.colcon_core.environment:checking '/home/oife/d2lros2/visual_learning/the final/install/final/lib'
[4.471s] Level 1:colcon.colcon_core.environment:checking '/home/oife/d2lros2/visual_learning/the final/install/final/bin'
[4.471s] Level 1:colcon.colcon_core.environment:checking '/home/oife/d2lros2/visual_learning/the final/install/final/lib/pkgconfig/final.pc'
[4.471s] Level 1:colcon.colcon_core.environment:checking '/home/oife/d2lros2/visual_learning/the final/install/final/lib/python3.10/site-packages'
[4.471s] Level 1:colcon.colcon_core.environment:checking '/home/oife/d2lros2/visual_learning/the final/install/final/bin'
[4.472s] INFO:colcon.colcon_core.shell:Creating package script '/home/oife/d2lros2/visual_learning/the final/install/final/share/final/package.ps1'
[4.472s] INFO:colcon.colcon_core.shell:Creating package descriptor '/home/oife/d2lros2/visual_learning/the final/install/final/share/final/package.dsv'
[4.472s] INFO:colcon.colcon_core.shell:Creating package script '/home/oife/d2lros2/visual_learning/the final/install/final/share/final/package.sh'
[4.473s] INFO:colcon.colcon_core.shell:Creating package script '/home/oife/d2lros2/visual_learning/the final/install/final/share/final/package.bash'
[4.473s] INFO:colcon.colcon_core.shell:Creating package script '/home/oife/d2lros2/visual_learning/the final/install/final/share/final/package.zsh'
[4.473s] Level 1:colcon.colcon_core.environment:create_file_with_runtime_dependencies(/home/oife/d2lros2/visual_learning/the final/install/final/share/colcon-core/packages/final)
[4.473s] Level 1:colcon.colcon_core.environment:create_environment_scripts_only(final)
[4.474s] Level 1:colcon.colcon_core.environment:checking '/home/oife/d2lros2/visual_learning/the final/install/final' for CMake module files
[4.474s] Level 1:colcon.colcon_core.environment:checking '/home/oife/d2lros2/visual_learning/the final/install/final' for CMake config files
[4.474s] Level 1:colcon.colcon_core.shell:create_environment_hook('final', 'cmake_prefix_path')
[4.474s] INFO:colcon.colcon_core.shell:Creating environment hook '/home/oife/d2lros2/visual_learning/the final/install/final/share/final/hook/cmake_prefix_path.ps1'
[4.474s] INFO:colcon.colcon_core.shell:Creating environment descriptor '/home/oife/d2lros2/visual_learning/the final/install/final/share/final/hook/cmake_prefix_path.dsv'
[4.474s] INFO:colcon.colcon_core.shell:Creating environment hook '/home/oife/d2lros2/visual_learning/the final/install/final/share/final/hook/cmake_prefix_path.sh'
[4.475s] Level 1:colcon.colcon_core.environment:checking '/home/oife/d2lros2/visual_learning/the final/install/final/lib'
[4.475s] Level 1:colcon.colcon_core.environment:checking '/home/oife/d2lros2/visual_learning/the final/install/final/bin'
[4.475s] Level 1:colcon.colcon_core.environment:checking '/home/oife/d2lros2/visual_learning/the final/install/final/lib/pkgconfig/final.pc'
[4.475s] Level 1:colcon.colcon_core.environment:checking '/home/oife/d2lros2/visual_learning/the final/install/final/lib/python3.10/site-packages'
[4.475s] Level 1:colcon.colcon_core.environment:checking '/home/oife/d2lros2/visual_learning/the final/install/final/bin'
[4.475s] INFO:colcon.colcon_core.shell:Creating package script '/home/oife/d2lros2/visual_learning/the final/install/final/share/final/package.ps1'
[4.476s] INFO:colcon.colcon_core.shell:Creating package descriptor '/home/oife/d2lros2/visual_learning/the final/install/final/share/final/package.dsv'
[4.476s] INFO:colcon.colcon_core.shell:Creating package script '/home/oife/d2lros2/visual_learning/the final/install/final/share/final/package.sh'
[4.476s] INFO:colcon.colcon_core.shell:Creating package script '/home/oife/d2lros2/visual_learning/the final/install/final/share/final/package.bash'
[4.477s] INFO:colcon.colcon_core.shell:Creating package script '/home/oife/d2lros2/visual_learning/the final/install/final/share/final/package.zsh'
[4.477s] Level 1:colcon.colcon_core.environment:create_file_with_runtime_dependencies(/home/oife/d2lros2/visual_learning/the final/install/final/share/colcon-core/packages/final)
[4.477s] DEBUG:colcon.colcon_parallel_executor.executor.parallel:closing loop
[4.477s] DEBUG:colcon.colcon_parallel_executor.executor.parallel:loop closed
[4.477s] DEBUG:colcon.colcon_parallel_executor.executor.parallel:run_until_complete finished with '0'
[4.477s] DEBUG:colcon.colcon_core.event_reactor:joining thread
[4.481s] INFO:colcon.colcon_core.plugin_system:Skipping extension 'colcon_notification.desktop_notification.terminal_notifier': Not used on non-Darwin systems
[4.481s] INFO:colcon.colcon_core.plugin_system:Skipping extension 'colcon_notification.desktop_notification.win32': Not used on non-Windows systems
[4.481s] INFO:colcon.colcon_notification.desktop_notification:Sending desktop notification using 'notify2'
[4.490s] DEBUG:colcon.colcon_core.event_reactor:joined thread
[4.491s] INFO:colcon.colcon_core.shell:Creating prefix script '/home/oife/d2lros2/visual_learning/the final/install/local_setup.ps1'
[4.492s] INFO:colcon.colcon_core.shell:Creating prefix util module '/home/oife/d2lros2/visual_learning/the final/install/_local_setup_util_ps1.py'
[4.492s] INFO:colcon.colcon_core.shell:Creating prefix chain script '/home/oife/d2lros2/visual_learning/the final/install/setup.ps1'
[4.493s] INFO:colcon.colcon_core.shell:Creating prefix script '/home/oife/d2lros2/visual_learning/the final/install/local_setup.sh'
[4.493s] INFO:colcon.colcon_core.shell:Creating prefix util module '/home/oife/d2lros2/visual_learning/the final/install/_local_setup_util_sh.py'
[4.493s] INFO:colcon.colcon_core.shell:Creating prefix chain script '/home/oife/d2lros2/visual_learning/the final/install/setup.sh'
[4.494s] INFO:colcon.colcon_core.shell:Creating prefix script '/home/oife/d2lros2/visual_learning/the final/install/local_setup.bash'
[4.495s] INFO:colcon.colcon_core.shell:Creating prefix chain script '/home/oife/d2lros2/visual_learning/the final/install/setup.bash'
[4.495s] INFO:colcon.colcon_core.shell:Creating prefix script '/home/oife/d2lros2/visual_learning/the final/install/local_setup.zsh'
[4.496s] INFO:colcon.colcon_core.shell:Creating prefix chain script '/home/oife/d2lros2/visual_learning/the final/install/setup.zsh'
