[0.051s] DEBUG:colcon:Command line arguments: ['/usr/bin/colcon', 'build']
[0.051s] DEBUG:colcon:Parsed command line arguments: Namespace(log_base=None, log_level=None, verb_name='build', build_base='build', install_base='install', merge_install=False, symlink_install=False, test_result_base=None, continue_on_error=False, executor='parallel', parallel_workers=4, event_handlers=None, ignore_user_meta=False, metas=['./colcon.meta'], base_paths=['.'], packages_ignore=None, packages_ignore_regex=None, paths=None, packages_up_to=None, packages_up_to_regex=None, packages_above=None, packages_above_and_dependencies=None, packages_above_depth=None, packages_select_by_dep=None, packages_skip_by_dep=None, packages_skip_up_to=None, packages_select_build_failed=False, packages_skip_build_finished=False, packages_select_test_failures=False, packages_skip_test_passed=False, packages_select=None, packages_skip=None, packages_select_regex=None, packages_skip_regex=None, packages_start=None, packages_end=None, allow_overriding=[], cmake_args=None, cmake_target=None, cmake_target_skip_unavailable=False, cmake_clean_cache=False, cmake_clean_first=False, cmake_force_configure=False, ament_cmake_args=None, catkin_cmake_args=None, catkin_skip_building_tests=False, verb_parser=<colcon_defaults.argument_parser.defaults.DefaultArgumentsDecorator object at 0x7eef785ef910>, verb_extension=<colcon_core.verb.build.BuildVerb object at 0x7eef785eef80>, main=<bound method BuildVerb.main of <colcon_core.verb.build.BuildVerb object at 0x7eef785eef80>>)
[0.117s] Level 1:colcon.colcon_core.package_discovery:discover_packages(colcon_meta) check parameters
[0.117s] Level 1:colcon.colcon_core.package_discovery:discover_packages(recursive) check parameters
[0.117s] Level 1:colcon.colcon_core.package_discovery:discover_packages(ignore) check parameters
[0.117s] Level 1:colcon.colcon_core.package_discovery:discover_packages(path) check parameters
[0.117s] Level 1:colcon.colcon_core.package_discovery:discover_packages(colcon_meta) discover
[0.117s] Level 1:colcon.colcon_core.package_discovery:discover_packages(recursive) discover
[0.117s] INFO:colcon.colcon_core.package_discovery:Crawling recursively for packages in '/home/oife/d2lros2/visual_learning/the final'
[0.117s] Level 1:colcon.colcon_core.package_identification:_identify(.) by extensions ['ignore', 'ignore_ament_install']
[0.118s] Level 1:colcon.colcon_core.package_identification:_identify(.) by extension 'ignore'
[0.118s] Level 1:colcon.colcon_core.package_identification:_identify(.) by extension 'ignore_ament_install'
[0.118s] Level 1:colcon.colcon_core.package_identification:_identify(.) by extensions ['colcon_pkg']
[0.118s] Level 1:colcon.colcon_core.package_identification:_identify(.) by extension 'colcon_pkg'
[0.118s] Level 1:colcon.colcon_core.package_identification:_identify(.) by extensions ['colcon_meta']
[0.118s] Level 1:colcon.colcon_core.package_identification:_identify(.) by extension 'colcon_meta'
[0.118s] Level 1:colcon.colcon_core.package_identification:_identify(.) by extensions ['ros']
[0.118s] Level 1:colcon.colcon_core.package_identification:_identify(.) by extension 'ros'
[0.123s] Level 1:colcon.colcon_core.package_identification:_identify(.) by extensions ['cmake', 'python']
[0.123s] Level 1:colcon.colcon_core.package_identification:_identify(.) by extension 'cmake'
[0.123s] Level 1:colcon.colcon_core.package_identification:_identify(.) by extension 'python'
[0.123s] Level 1:colcon.colcon_core.package_identification:_identify(.) by extensions ['python_setup_py']
[0.123s] Level 1:colcon.colcon_core.package_identification:_identify(.) by extension 'python_setup_py'
[0.123s] Level 1:colcon.colcon_core.package_identification:_identify(build) by extensions ['ignore', 'ignore_ament_install']
[0.124s] Level 1:colcon.colcon_core.package_identification:_identify(build) by extension 'ignore'
[0.124s] Level 1:colcon.colcon_core.package_identification:_identify(build) ignored
[0.124s] Level 1:colcon.colcon_core.package_identification:_identify(install) by extensions ['ignore', 'ignore_ament_install']
[0.124s] Level 1:colcon.colcon_core.package_identification:_identify(install) by extension 'ignore'
[0.124s] Level 1:colcon.colcon_core.package_identification:_identify(install) ignored
[0.124s] Level 1:colcon.colcon_core.package_identification:_identify(log) by extensions ['ignore', 'ignore_ament_install']
[0.124s] Level 1:colcon.colcon_core.package_identification:_identify(log) by extension 'ignore'
[0.124s] Level 1:colcon.colcon_core.package_identification:_identify(log) ignored
[0.124s] Level 1:colcon.colcon_core.package_identification:_identify(src) by extensions ['ignore', 'ignore_ament_install']
[0.124s] Level 1:colcon.colcon_core.package_identification:_identify(src) by extension 'ignore'
[0.124s] Level 1:colcon.colcon_core.package_identification:_identify(src) by extension 'ignore_ament_install'
[0.124s] Level 1:colcon.colcon_core.package_identification:_identify(src) by extensions ['colcon_pkg']
[0.124s] Level 1:colcon.colcon_core.package_identification:_identify(src) by extension 'colcon_pkg'
[0.124s] Level 1:colcon.colcon_core.package_identification:_identify(src) by extensions ['colcon_meta']
[0.124s] Level 1:colcon.colcon_core.package_identification:_identify(src) by extension 'colcon_meta'
[0.124s] Level 1:colcon.colcon_core.package_identification:_identify(src) by extensions ['ros']
[0.124s] Level 1:colcon.colcon_core.package_identification:_identify(src) by extension 'ros'
[0.124s] Level 1:colcon.colcon_core.package_identification:_identify(src) by extensions ['cmake', 'python']
[0.124s] Level 1:colcon.colcon_core.package_identification:_identify(src) by extension 'cmake'
[0.124s] Level 1:colcon.colcon_core.package_identification:_identify(src) by extension 'python'
[0.124s] Level 1:colcon.colcon_core.package_identification:_identify(src) by extensions ['python_setup_py']
[0.124s] Level 1:colcon.colcon_core.package_identification:_identify(src) by extension 'python_setup_py'
[0.124s] Level 1:colcon.colcon_core.package_identification:_identify(src/aim_interfaces) by extensions ['ignore', 'ignore_ament_install']
[0.124s] Level 1:colcon.colcon_core.package_identification:_identify(src/aim_interfaces) by extension 'ignore'
[0.124s] Level 1:colcon.colcon_core.package_identification:_identify(src/aim_interfaces) by extension 'ignore_ament_install'
[0.124s] Level 1:colcon.colcon_core.package_identification:_identify(src/aim_interfaces) by extensions ['colcon_pkg']
[0.124s] Level 1:colcon.colcon_core.package_identification:_identify(src/aim_interfaces) by extension 'colcon_pkg'
[0.124s] Level 1:colcon.colcon_core.package_identification:_identify(src/aim_interfaces) by extensions ['colcon_meta']
[0.124s] Level 1:colcon.colcon_core.package_identification:_identify(src/aim_interfaces) by extension 'colcon_meta'
[0.124s] Level 1:colcon.colcon_core.package_identification:_identify(src/aim_interfaces) by extensions ['ros']
[0.124s] Level 1:colcon.colcon_core.package_identification:_identify(src/aim_interfaces) by extension 'ros'
[0.125s] DEBUG:colcon.colcon_core.package_identification:Package 'src/aim_interfaces' with type 'ros.ament_cmake' and name 'aim_interfaces'
[0.126s] Level 1:colcon.colcon_core.package_identification:_identify(src/final) by extensions ['ignore', 'ignore_ament_install']
[0.126s] Level 1:colcon.colcon_core.package_identification:_identify(src/final) by extension 'ignore'
[0.126s] Level 1:colcon.colcon_core.package_identification:_identify(src/final) by extension 'ignore_ament_install'
[0.126s] Level 1:colcon.colcon_core.package_identification:_identify(src/final) by extensions ['colcon_pkg']
[0.126s] Level 1:colcon.colcon_core.package_identification:_identify(src/final) by extension 'colcon_pkg'
[0.126s] Level 1:colcon.colcon_core.package_identification:_identify(src/final) by extensions ['colcon_meta']
[0.126s] Level 1:colcon.colcon_core.package_identification:_identify(src/final) by extension 'colcon_meta'
[0.126s] Level 1:colcon.colcon_core.package_identification:_identify(src/final) by extensions ['ros']
[0.126s] Level 1:colcon.colcon_core.package_identification:_identify(src/final) by extension 'ros'
[0.126s] DEBUG:colcon.colcon_core.package_identification:Package 'src/final' with type 'ros.ament_cmake' and name 'final'
[0.126s] Level 1:colcon.colcon_core.package_discovery:discover_packages(recursive) using defaults
[0.126s] Level 1:colcon.colcon_core.package_discovery:discover_packages(ignore) discover
[0.126s] Level 1:colcon.colcon_core.package_discovery:discover_packages(ignore) using defaults
[0.126s] Level 1:colcon.colcon_core.package_discovery:discover_packages(path) discover
[0.126s] Level 1:colcon.colcon_core.package_discovery:discover_packages(path) using defaults
[0.136s] Level 1:colcon.colcon_core.package_discovery:discover_packages(prefix_path) check parameters
[0.136s] Level 1:colcon.colcon_core.package_discovery:discover_packages(prefix_path) discover
[0.137s] DEBUG:colcon.colcon_installed_package_information.package_discovery:Found 2 installed packages in /home/oife/d2lros2/visual_learning/the final/install
[0.137s] DEBUG:colcon.colcon_installed_package_information.package_discovery:Found 271 installed packages in /opt/ros/humble
[0.138s] Level 1:colcon.colcon_core.package_discovery:discover_packages(prefix_path) using defaults
[0.159s] Level 5:colcon.colcon_core.verb:set package 'aim_interfaces' build argument 'cmake_args' from command line to 'None'
[0.159s] Level 5:colcon.colcon_core.verb:set package 'aim_interfaces' build argument 'cmake_target' from command line to 'None'
[0.159s] Level 5:colcon.colcon_core.verb:set package 'aim_interfaces' build argument 'cmake_target_skip_unavailable' from command line to 'False'
[0.159s] Level 5:colcon.colcon_core.verb:set package 'aim_interfaces' build argument 'cmake_clean_cache' from command line to 'False'
[0.159s] Level 5:colcon.colcon_core.verb:set package 'aim_interfaces' build argument 'cmake_clean_first' from command line to 'False'
[0.159s] Level 5:colcon.colcon_core.verb:set package 'aim_interfaces' build argument 'cmake_force_configure' from command line to 'False'
[0.159s] Level 5:colcon.colcon_core.verb:set package 'aim_interfaces' build argument 'ament_cmake_args' from command line to 'None'
[0.159s] Level 5:colcon.colcon_core.verb:set package 'aim_interfaces' build argument 'catkin_cmake_args' from command line to 'None'
[0.159s] Level 5:colcon.colcon_core.verb:set package 'aim_interfaces' build argument 'catkin_skip_building_tests' from command line to 'False'
[0.159s] DEBUG:colcon.colcon_core.verb:Building package 'aim_interfaces' with the following arguments: {'ament_cmake_args': None, 'build_base': '/home/oife/d2lros2/visual_learning/the final/build/aim_interfaces', 'catkin_cmake_args': None, 'catkin_skip_building_tests': False, 'cmake_args': None, 'cmake_clean_cache': False, 'cmake_clean_first': False, 'cmake_force_configure': False, 'cmake_target': None, 'cmake_target_skip_unavailable': False, 'install_base': '/home/oife/d2lros2/visual_learning/the final/install/aim_interfaces', 'merge_install': False, 'path': '/home/oife/d2lros2/visual_learning/the final/src/aim_interfaces', 'symlink_install': False, 'test_result_base': None}
[0.160s] Level 5:colcon.colcon_core.verb:set package 'final' build argument 'cmake_args' from command line to 'None'
[0.160s] Level 5:colcon.colcon_core.verb:set package 'final' build argument 'cmake_target' from command line to 'None'
[0.160s] Level 5:colcon.colcon_core.verb:set package 'final' build argument 'cmake_target_skip_unavailable' from command line to 'False'
[0.160s] Level 5:colcon.colcon_core.verb:set package 'final' build argument 'cmake_clean_cache' from command line to 'False'
[0.160s] Level 5:colcon.colcon_core.verb:set package 'final' build argument 'cmake_clean_first' from command line to 'False'
[0.160s] Level 5:colcon.colcon_core.verb:set package 'final' build argument 'cmake_force_configure' from command line to 'False'
[0.160s] Level 5:colcon.colcon_core.verb:set package 'final' build argument 'ament_cmake_args' from command line to 'None'
[0.160s] Level 5:colcon.colcon_core.verb:set package 'final' build argument 'catkin_cmake_args' from command line to 'None'
[0.160s] Level 5:colcon.colcon_core.verb:set package 'final' build argument 'catkin_skip_building_tests' from command line to 'False'
[0.160s] DEBUG:colcon.colcon_core.verb:Building package 'final' with the following arguments: {'ament_cmake_args': None, 'build_base': '/home/oife/d2lros2/visual_learning/the final/build/final', 'catkin_cmake_args': None, 'catkin_skip_building_tests': False, 'cmake_args': None, 'cmake_clean_cache': False, 'cmake_clean_first': False, 'cmake_force_configure': False, 'cmake_target': None, 'cmake_target_skip_unavailable': False, 'install_base': '/home/oife/d2lros2/visual_learning/the final/install/final', 'merge_install': False, 'path': '/home/oife/d2lros2/visual_learning/the final/src/final', 'symlink_install': False, 'test_result_base': None}
[0.160s] INFO:colcon.colcon_core.executor:Executing jobs using 'parallel' executor
[0.160s] DEBUG:colcon.colcon_parallel_executor.executor.parallel:run_until_complete
[0.161s] INFO:colcon.colcon_ros.task.ament_cmake.build:Building ROS package in '/home/oife/d2lros2/visual_learning/the final/src/aim_interfaces' with build type 'ament_cmake'
[0.161s] INFO:colcon.colcon_cmake.task.cmake.build:Building CMake package in '/home/oife/d2lros2/visual_learning/the final/src/aim_interfaces'
[0.162s] INFO:colcon.colcon_core.plugin_system:Skipping extension 'colcon_core.shell.bat': Not used on non-Windows systems
[0.162s] INFO:colcon.colcon_core.shell:Skip shell extension 'powershell' for command environment: Not usable outside of PowerShell
[0.162s] DEBUG:colcon.colcon_core.shell:Skip shell extension 'dsv' for command environment
[0.169s] DEBUG:colcon.colcon_core.event_handler.log_command:Invoking command in '/home/oife/d2lros2/visual_learning/the final/build/aim_interfaces': CMAKE_PREFIX_PATH=${CMAKE_PREFIX_PATH}:/opt/ros/humble /usr/bin/cmake --build /home/oife/d2lros2/visual_learning/the final/build/aim_interfaces -- -j4 -l4
[0.383s] DEBUG:colcon.colcon_core.event_handler.log_command:Invoked command in '/home/oife/d2lros2/visual_learning/the final/build/aim_interfaces' returned '0': CMAKE_PREFIX_PATH=${CMAKE_PREFIX_PATH}:/opt/ros/humble /usr/bin/cmake --build /home/oife/d2lros2/visual_learning/the final/build/aim_interfaces -- -j4 -l4
[0.391s] DEBUG:colcon.colcon_core.event_handler.log_command:Invoking command in '/home/oife/d2lros2/visual_learning/the final/build/aim_interfaces': CMAKE_PREFIX_PATH=${CMAKE_PREFIX_PATH}:/opt/ros/humble /usr/bin/cmake --install /home/oife/d2lros2/visual_learning/the final/build/aim_interfaces
[0.424s] Level 1:colcon.colcon_core.environment:create_environment_scripts_only(aim_interfaces)
[0.425s] Level 1:colcon.colcon_core.environment:checking '/home/oife/d2lros2/visual_learning/the final/install/aim_interfaces' for CMake module files
[0.425s] Level 1:colcon.colcon_core.environment:checking '/home/oife/d2lros2/visual_learning/the final/install/aim_interfaces' for CMake config files
[0.426s] Level 1:colcon.colcon_core.shell:create_environment_hook('aim_interfaces', 'cmake_prefix_path')
[0.426s] INFO:colcon.colcon_core.shell:Creating environment hook '/home/oife/d2lros2/visual_learning/the final/install/aim_interfaces/share/aim_interfaces/hook/cmake_prefix_path.ps1'
[0.426s] INFO:colcon.colcon_core.shell:Creating environment descriptor '/home/oife/d2lros2/visual_learning/the final/install/aim_interfaces/share/aim_interfaces/hook/cmake_prefix_path.dsv'
[0.427s] DEBUG:colcon.colcon_core.event_handler.log_command:Invoked command in '/home/oife/d2lros2/visual_learning/the final/build/aim_interfaces' returned '0': CMAKE_PREFIX_PATH=${CMAKE_PREFIX_PATH}:/opt/ros/humble /usr/bin/cmake --install /home/oife/d2lros2/visual_learning/the final/build/aim_interfaces
[0.427s] INFO:colcon.colcon_core.shell:Creating environment hook '/home/oife/d2lros2/visual_learning/the final/install/aim_interfaces/share/aim_interfaces/hook/cmake_prefix_path.sh'
[0.427s] Level 1:colcon.colcon_core.environment:checking '/home/oife/d2lros2/visual_learning/the final/install/aim_interfaces/lib'
[0.428s] Level 1:colcon.colcon_core.shell:create_environment_hook('aim_interfaces', 'ld_library_path_lib')
[0.428s] INFO:colcon.colcon_core.shell:Creating environment hook '/home/oife/d2lros2/visual_learning/the final/install/aim_interfaces/share/aim_interfaces/hook/ld_library_path_lib.ps1'
[0.428s] INFO:colcon.colcon_core.shell:Creating environment descriptor '/home/oife/d2lros2/visual_learning/the final/install/aim_interfaces/share/aim_interfaces/hook/ld_library_path_lib.dsv'
[0.428s] INFO:colcon.colcon_core.shell:Creating environment hook '/home/oife/d2lros2/visual_learning/the final/install/aim_interfaces/share/aim_interfaces/hook/ld_library_path_lib.sh'
[0.428s] Level 1:colcon.colcon_core.environment:checking '/home/oife/d2lros2/visual_learning/the final/install/aim_interfaces/bin'
[0.428s] Level 1:colcon.colcon_core.environment:checking '/home/oife/d2lros2/visual_learning/the final/install/aim_interfaces/lib/pkgconfig/aim_interfaces.pc'
[0.428s] Level 1:colcon.colcon_core.environment:checking '/home/oife/d2lros2/visual_learning/the final/install/aim_interfaces/lib/python3.10/site-packages'
[0.429s] Level 1:colcon.colcon_core.environment:checking '/home/oife/d2lros2/visual_learning/the final/install/aim_interfaces/bin'
[0.429s] INFO:colcon.colcon_core.shell:Creating package script '/home/oife/d2lros2/visual_learning/the final/install/aim_interfaces/share/aim_interfaces/package.ps1'
[0.429s] INFO:colcon.colcon_core.shell:Creating package descriptor '/home/oife/d2lros2/visual_learning/the final/install/aim_interfaces/share/aim_interfaces/package.dsv'
[0.430s] INFO:colcon.colcon_core.shell:Creating package script '/home/oife/d2lros2/visual_learning/the final/install/aim_interfaces/share/aim_interfaces/package.sh'
[0.430s] INFO:colcon.colcon_core.shell:Creating package script '/home/oife/d2lros2/visual_learning/the final/install/aim_interfaces/share/aim_interfaces/package.bash'
[0.430s] INFO:colcon.colcon_core.shell:Creating package script '/home/oife/d2lros2/visual_learning/the final/install/aim_interfaces/share/aim_interfaces/package.zsh'
[0.431s] Level 1:colcon.colcon_core.environment:create_file_with_runtime_dependencies(/home/oife/d2lros2/visual_learning/the final/install/aim_interfaces/share/colcon-core/packages/aim_interfaces)
[0.431s] Level 1:colcon.colcon_core.environment:create_environment_scripts_only(aim_interfaces)
[0.431s] Level 1:colcon.colcon_core.environment:checking '/home/oife/d2lros2/visual_learning/the final/install/aim_interfaces' for CMake module files
[0.431s] Level 1:colcon.colcon_core.environment:checking '/home/oife/d2lros2/visual_learning/the final/install/aim_interfaces' for CMake config files
[0.432s] Level 1:colcon.colcon_core.shell:create_environment_hook('aim_interfaces', 'cmake_prefix_path')
[0.432s] INFO:colcon.colcon_core.shell:Creating environment hook '/home/oife/d2lros2/visual_learning/the final/install/aim_interfaces/share/aim_interfaces/hook/cmake_prefix_path.ps1'
[0.432s] INFO:colcon.colcon_core.shell:Creating environment descriptor '/home/oife/d2lros2/visual_learning/the final/install/aim_interfaces/share/aim_interfaces/hook/cmake_prefix_path.dsv'
[0.432s] INFO:colcon.colcon_core.shell:Creating environment hook '/home/oife/d2lros2/visual_learning/the final/install/aim_interfaces/share/aim_interfaces/hook/cmake_prefix_path.sh'
[0.432s] Level 1:colcon.colcon_core.environment:checking '/home/oife/d2lros2/visual_learning/the final/install/aim_interfaces/lib'
[0.432s] Level 1:colcon.colcon_core.shell:create_environment_hook('aim_interfaces', 'ld_library_path_lib')
[0.433s] INFO:colcon.colcon_core.shell:Creating environment hook '/home/oife/d2lros2/visual_learning/the final/install/aim_interfaces/share/aim_interfaces/hook/ld_library_path_lib.ps1'
[0.433s] INFO:colcon.colcon_core.shell:Creating environment descriptor '/home/oife/d2lros2/visual_learning/the final/install/aim_interfaces/share/aim_interfaces/hook/ld_library_path_lib.dsv'
[0.433s] INFO:colcon.colcon_core.shell:Creating environment hook '/home/oife/d2lros2/visual_learning/the final/install/aim_interfaces/share/aim_interfaces/hook/ld_library_path_lib.sh'
[0.433s] Level 1:colcon.colcon_core.environment:checking '/home/oife/d2lros2/visual_learning/the final/install/aim_interfaces/bin'
[0.433s] Level 1:colcon.colcon_core.environment:checking '/home/oife/d2lros2/visual_learning/the final/install/aim_interfaces/lib/pkgconfig/aim_interfaces.pc'
[0.433s] Level 1:colcon.colcon_core.environment:checking '/home/oife/d2lros2/visual_learning/the final/install/aim_interfaces/lib/python3.10/site-packages'
[0.434s] Level 1:colcon.colcon_core.environment:checking '/home/oife/d2lros2/visual_learning/the final/install/aim_interfaces/bin'
[0.434s] INFO:colcon.colcon_core.shell:Creating package script '/home/oife/d2lros2/visual_learning/the final/install/aim_interfaces/share/aim_interfaces/package.ps1'
[0.434s] INFO:colcon.colcon_core.shell:Creating package descriptor '/home/oife/d2lros2/visual_learning/the final/install/aim_interfaces/share/aim_interfaces/package.dsv'
[0.434s] INFO:colcon.colcon_core.shell:Creating package script '/home/oife/d2lros2/visual_learning/the final/install/aim_interfaces/share/aim_interfaces/package.sh'
[0.435s] INFO:colcon.colcon_core.shell:Creating package script '/home/oife/d2lros2/visual_learning/the final/install/aim_interfaces/share/aim_interfaces/package.bash'
[0.435s] INFO:colcon.colcon_core.shell:Creating package script '/home/oife/d2lros2/visual_learning/the final/install/aim_interfaces/share/aim_interfaces/package.zsh'
[0.435s] Level 1:colcon.colcon_core.environment:create_file_with_runtime_dependencies(/home/oife/d2lros2/visual_learning/the final/install/aim_interfaces/share/colcon-core/packages/aim_interfaces)
[0.435s] INFO:colcon.colcon_ros.task.ament_cmake.build:Building ROS package in '/home/oife/d2lros2/visual_learning/the final/src/final' with build type 'ament_cmake'
[0.435s] INFO:colcon.colcon_cmake.task.cmake.build:Building CMake package in '/home/oife/d2lros2/visual_learning/the final/src/final'
[0.436s] INFO:colcon.colcon_core.shell:Skip shell extension 'powershell' for command environment: Not usable outside of PowerShell
[0.436s] DEBUG:colcon.colcon_core.shell:Skip shell extension 'dsv' for command environment
[0.443s] DEBUG:colcon.colcon_core.event_handler.log_command:Invoking command in '/home/oife/d2lros2/visual_learning/the final/build/final': CMAKE_PREFIX_PATH=/home/oife/d2lros2/visual_learning/the final/install/aim_interfaces:/home/oife/d2lros2/visual_learning/the final/install/final:/opt/ros/humble /usr/bin/cmake --build /home/oife/d2lros2/visual_learning/the final/build/final -- -j4 -l4
[0.505s] DEBUG:colcon.colcon_core.event_handler.log_command:Invoked command in '/home/oife/d2lros2/visual_learning/the final/build/final' returned '0': CMAKE_PREFIX_PATH=/home/oife/d2lros2/visual_learning/the final/install/aim_interfaces:/home/oife/d2lros2/visual_learning/the final/install/final:/opt/ros/humble /usr/bin/cmake --build /home/oife/d2lros2/visual_learning/the final/build/final -- -j4 -l4
[0.506s] DEBUG:colcon.colcon_core.event_handler.log_command:Invoking command in '/home/oife/d2lros2/visual_learning/the final/build/final': CMAKE_PREFIX_PATH=/home/oife/d2lros2/visual_learning/the final/install/aim_interfaces:/home/oife/d2lros2/visual_learning/the final/install/final:/opt/ros/humble /usr/bin/cmake --install /home/oife/d2lros2/visual_learning/the final/build/final
[0.514s] Level 1:colcon.colcon_core.environment:create_environment_scripts_only(final)
[0.514s] Level 1:colcon.colcon_core.environment:checking '/home/oife/d2lros2/visual_learning/the final/install/final' for CMake module files
[0.514s] DEBUG:colcon.colcon_core.event_handler.log_command:Invoked command in '/home/oife/d2lros2/visual_learning/the final/build/final' returned '0': CMAKE_PREFIX_PATH=/home/oife/d2lros2/visual_learning/the final/install/aim_interfaces:/home/oife/d2lros2/visual_learning/the final/install/final:/opt/ros/humble /usr/bin/cmake --install /home/oife/d2lros2/visual_learning/the final/build/final
[0.514s] Level 1:colcon.colcon_core.environment:checking '/home/oife/d2lros2/visual_learning/the final/install/final' for CMake config files
[0.515s] Level 1:colcon.colcon_core.shell:create_environment_hook('final', 'cmake_prefix_path')
[0.515s] INFO:colcon.colcon_core.shell:Creating environment hook '/home/oife/d2lros2/visual_learning/the final/install/final/share/final/hook/cmake_prefix_path.ps1'
[0.515s] INFO:colcon.colcon_core.shell:Creating environment descriptor '/home/oife/d2lros2/visual_learning/the final/install/final/share/final/hook/cmake_prefix_path.dsv'
[0.515s] INFO:colcon.colcon_core.shell:Creating environment hook '/home/oife/d2lros2/visual_learning/the final/install/final/share/final/hook/cmake_prefix_path.sh'
[0.516s] Level 1:colcon.colcon_core.environment:checking '/home/oife/d2lros2/visual_learning/the final/install/final/lib'
[0.516s] Level 1:colcon.colcon_core.environment:checking '/home/oife/d2lros2/visual_learning/the final/install/final/bin'
[0.516s] Level 1:colcon.colcon_core.environment:checking '/home/oife/d2lros2/visual_learning/the final/install/final/lib/pkgconfig/final.pc'
[0.516s] Level 1:colcon.colcon_core.environment:checking '/home/oife/d2lros2/visual_learning/the final/install/final/lib/python3.10/site-packages'
[0.516s] Level 1:colcon.colcon_core.environment:checking '/home/oife/d2lros2/visual_learning/the final/install/final/bin'
[0.516s] INFO:colcon.colcon_core.shell:Creating package script '/home/oife/d2lros2/visual_learning/the final/install/final/share/final/package.ps1'
[0.516s] INFO:colcon.colcon_core.shell:Creating package descriptor '/home/oife/d2lros2/visual_learning/the final/install/final/share/final/package.dsv'
[0.517s] INFO:colcon.colcon_core.shell:Creating package script '/home/oife/d2lros2/visual_learning/the final/install/final/share/final/package.sh'
[0.517s] INFO:colcon.colcon_core.shell:Creating package script '/home/oife/d2lros2/visual_learning/the final/install/final/share/final/package.bash'
[0.517s] INFO:colcon.colcon_core.shell:Creating package script '/home/oife/d2lros2/visual_learning/the final/install/final/share/final/package.zsh'
[0.517s] Level 1:colcon.colcon_core.environment:create_file_with_runtime_dependencies(/home/oife/d2lros2/visual_learning/the final/install/final/share/colcon-core/packages/final)
[0.518s] Level 1:colcon.colcon_core.environment:create_environment_scripts_only(final)
[0.518s] Level 1:colcon.colcon_core.environment:checking '/home/oife/d2lros2/visual_learning/the final/install/final' for CMake module files
[0.518s] Level 1:colcon.colcon_core.environment:checking '/home/oife/d2lros2/visual_learning/the final/install/final' for CMake config files
[0.518s] Level 1:colcon.colcon_core.shell:create_environment_hook('final', 'cmake_prefix_path')
[0.518s] INFO:colcon.colcon_core.shell:Creating environment hook '/home/oife/d2lros2/visual_learning/the final/install/final/share/final/hook/cmake_prefix_path.ps1'
[0.518s] INFO:colcon.colcon_core.shell:Creating environment descriptor '/home/oife/d2lros2/visual_learning/the final/install/final/share/final/hook/cmake_prefix_path.dsv'
[0.519s] INFO:colcon.colcon_core.shell:Creating environment hook '/home/oife/d2lros2/visual_learning/the final/install/final/share/final/hook/cmake_prefix_path.sh'
[0.519s] Level 1:colcon.colcon_core.environment:checking '/home/oife/d2lros2/visual_learning/the final/install/final/lib'
[0.519s] Level 1:colcon.colcon_core.environment:checking '/home/oife/d2lros2/visual_learning/the final/install/final/bin'
[0.519s] Level 1:colcon.colcon_core.environment:checking '/home/oife/d2lros2/visual_learning/the final/install/final/lib/pkgconfig/final.pc'
[0.519s] Level 1:colcon.colcon_core.environment:checking '/home/oife/d2lros2/visual_learning/the final/install/final/lib/python3.10/site-packages'
[0.519s] Level 1:colcon.colcon_core.environment:checking '/home/oife/d2lros2/visual_learning/the final/install/final/bin'
[0.519s] INFO:colcon.colcon_core.shell:Creating package script '/home/oife/d2lros2/visual_learning/the final/install/final/share/final/package.ps1'
[0.520s] INFO:colcon.colcon_core.shell:Creating package descriptor '/home/oife/d2lros2/visual_learning/the final/install/final/share/final/package.dsv'
[0.520s] INFO:colcon.colcon_core.shell:Creating package script '/home/oife/d2lros2/visual_learning/the final/install/final/share/final/package.sh'
[0.520s] INFO:colcon.colcon_core.shell:Creating package script '/home/oife/d2lros2/visual_learning/the final/install/final/share/final/package.bash'
[0.520s] INFO:colcon.colcon_core.shell:Creating package script '/home/oife/d2lros2/visual_learning/the final/install/final/share/final/package.zsh'
[0.521s] Level 1:colcon.colcon_core.environment:create_file_with_runtime_dependencies(/home/oife/d2lros2/visual_learning/the final/install/final/share/colcon-core/packages/final)
[0.521s] DEBUG:colcon.colcon_parallel_executor.executor.parallel:closing loop
[0.521s] DEBUG:colcon.colcon_parallel_executor.executor.parallel:loop closed
[0.521s] DEBUG:colcon.colcon_parallel_executor.executor.parallel:run_until_complete finished with '0'
[0.521s] DEBUG:colcon.colcon_core.event_reactor:joining thread
[0.525s] INFO:colcon.colcon_core.plugin_system:Skipping extension 'colcon_notification.desktop_notification.terminal_notifier': Not used on non-Darwin systems
[0.525s] INFO:colcon.colcon_core.plugin_system:Skipping extension 'colcon_notification.desktop_notification.win32': Not used on non-Windows systems
[0.525s] INFO:colcon.colcon_notification.desktop_notification:Sending desktop notification using 'notify2'
[0.530s] DEBUG:colcon.colcon_core.event_reactor:joined thread
[0.530s] INFO:colcon.colcon_core.shell:Creating prefix script '/home/oife/d2lros2/visual_learning/the final/install/local_setup.ps1'
[0.531s] INFO:colcon.colcon_core.shell:Creating prefix util module '/home/oife/d2lros2/visual_learning/the final/install/_local_setup_util_ps1.py'
[0.532s] INFO:colcon.colcon_core.shell:Creating prefix chain script '/home/oife/d2lros2/visual_learning/the final/install/setup.ps1'
[0.532s] INFO:colcon.colcon_core.shell:Creating prefix script '/home/oife/d2lros2/visual_learning/the final/install/local_setup.sh'
[0.532s] INFO:colcon.colcon_core.shell:Creating prefix util module '/home/oife/d2lros2/visual_learning/the final/install/_local_setup_util_sh.py'
[0.533s] INFO:colcon.colcon_core.shell:Creating prefix chain script '/home/oife/d2lros2/visual_learning/the final/install/setup.sh'
[0.533s] INFO:colcon.colcon_core.shell:Creating prefix script '/home/oife/d2lros2/visual_learning/the final/install/local_setup.bash'
[0.534s] INFO:colcon.colcon_core.shell:Creating prefix chain script '/home/oife/d2lros2/visual_learning/the final/install/setup.bash'
[0.534s] INFO:colcon.colcon_core.shell:Creating prefix script '/home/oife/d2lros2/visual_learning/the final/install/local_setup.zsh'
[0.534s] INFO:colcon.colcon_core.shell:Creating prefix chain script '/home/oife/d2lros2/visual_learning/the final/install/setup.zsh'
