[0.008s] Invoking command in '/home/oife/d2lros2/visual_learning/class19-Ros2/ros_ws/build/c19': CMAKE_PREFIX_PATH=${CMAKE_PREFIX_PATH}:/opt/ros/humble /usr/bin/cmake --build /home/oife/d2lros2/visual_learning/class19-Ros2/ros_ws/build/c19 -- -j4 -l4
[0.051s] [ 75%] Built target video_process
[0.051s] [ 50%] [32mBuilding CXX object CMakeFiles/video_read.dir/src/node/video_read.cpp.o[0m
[3.334s] [100%] [32m[1mLinking CXX executable video_read[0m
[3.428s] /usr/bin/ld: warning: libopencv_core.so.4.5d, needed by /opt/ros/humble/lib/libcv_bridge.so, may conflict with libopencv_core.so.413
[3.648s] [100%] Built target video_read
[3.657s] Invoked command in '/home/oife/d2lros2/visual_learning/class19-Ros2/ros_ws/build/c19' returned '0': CMAKE_PREFIX_PATH=${CMAKE_PREFIX_PATH}:/opt/ros/humble /usr/bin/cmake --build /home/oife/d2lros2/visual_learning/class19-Ros2/ros_ws/build/c19 -- -j4 -l4
[3.664s] Invoking command in '/home/oife/d2lros2/visual_learning/class19-Ros2/ros_ws/build/c19': CMAKE_PREFIX_PATH=${CMAKE_PREFIX_PATH}:/opt/ros/humble /usr/bin/cmake --install /home/oife/d2lros2/visual_learning/class19-Ros2/ros_ws/build/c19
[3.669s] -- Install configuration: ""
[3.669s] -- Installing: /home/oife/d2lros2/visual_learning/class19-Ros2/ros_ws/install/c19/lib/c19/video_read
[3.670s] -- Set runtime path of "/home/oife/d2lros2/visual_learning/class19-Ros2/ros_ws/install/c19/lib/c19/video_read" to ""
[3.670s] -- Up-to-date: /home/oife/d2lros2/visual_learning/class19-Ros2/ros_ws/install/c19/lib/c19/video_process
[3.670s] -- Up-to-date: /home/oife/d2lros2/visual_learning/class19-Ros2/ros_ws/install/c19/share/c19/video_source
[3.670s] -- Up-to-date: /home/oife/d2lros2/visual_learning/class19-Ros2/ros_ws/install/c19/share/c19/video_source/vedio.mp4
[3.670s] -- Up-to-date: /home/oife/d2lros2/visual_learning/class19-Ros2/ros_ws/install/c19/share/ament_index/resource_index/package_run_dependencies/c19
[3.670s] -- Up-to-date: /home/oife/d2lros2/visual_learning/class19-Ros2/ros_ws/install/c19/share/ament_index/resource_index/parent_prefix_path/c19
[3.670s] -- Up-to-date: /home/oife/d2lros2/visual_learning/class19-Ros2/ros_ws/install/c19/share/c19/environment/ament_prefix_path.sh
[3.671s] -- Up-to-date: /home/oife/d2lros2/visual_learning/class19-Ros2/ros_ws/install/c19/share/c19/environment/ament_prefix_path.dsv
[3.671s] -- Up-to-date: /home/oife/d2lros2/visual_learning/class19-Ros2/ros_ws/install/c19/share/c19/environment/path.sh
[3.671s] -- Up-to-date: /home/oife/d2lros2/visual_learning/class19-Ros2/ros_ws/install/c19/share/c19/environment/path.dsv
[3.671s] -- Up-to-date: /home/oife/d2lros2/visual_learning/class19-Ros2/ros_ws/install/c19/share/c19/local_setup.bash
[3.671s] -- Up-to-date: /home/oife/d2lros2/visual_learning/class19-Ros2/ros_ws/install/c19/share/c19/local_setup.sh
[3.672s] -- Up-to-date: /home/oife/d2lros2/visual_learning/class19-Ros2/ros_ws/install/c19/share/c19/local_setup.zsh
[3.672s] -- Up-to-date: /home/oife/d2lros2/visual_learning/class19-Ros2/ros_ws/install/c19/share/c19/local_setup.dsv
[3.672s] -- Installing: /home/oife/d2lros2/visual_learning/class19-Ros2/ros_ws/install/c19/share/c19/package.dsv
[3.672s] -- Up-to-date: /home/oife/d2lros2/visual_learning/class19-Ros2/ros_ws/install/c19/share/ament_index/resource_index/packages/c19
[3.672s] -- Up-to-date: /home/oife/d2lros2/visual_learning/class19-Ros2/ros_ws/install/c19/share/c19/cmake/c19Config.cmake
[3.672s] -- Up-to-date: /home/oife/d2lros2/visual_learning/class19-Ros2/ros_ws/install/c19/share/c19/cmake/c19Config-version.cmake
[3.672s] -- Up-to-date: /home/oife/d2lros2/visual_learning/class19-Ros2/ros_ws/install/c19/share/c19/package.xml
[3.674s] Invoked command in '/home/oife/d2lros2/visual_learning/class19-Ros2/ros_ws/build/c19' returned '0': CMAKE_PREFIX_PATH=${CMAKE_PREFIX_PATH}:/opt/ros/humble /usr/bin/cmake --install /home/oife/d2lros2/visual_learning/class19-Ros2/ros_ws/build/c19
