[0.006s] Invoking command in '/home/oife/d2lros2/visual_learning/the final/build/aim_interfaces': CMAKE_PREFIX_PATH=${CMAKE_PREFIX_PATH}:/opt/ros/humble /usr/bin/cmake /home/oife/d2lros2/visual_learning/the final/src/aim_interfaces -DCMAKE_INSTALL_PREFIX=/home/oife/d2lros2/visual_learning/the final/install/aim_interfaces
[0.058s] -- The C compiler identification is GNU 11.4.0
[0.095s] -- The CXX compiler identification is GNU 11.4.0
[0.100s] -- Detecting C compiler ABI info
[0.151s] -- Detecting C compiler ABI info - done
[0.154s] -- Check for working C compiler: /usr/bin/cc - skipped
[0.154s] -- Detecting C compile features
[0.154s] -- Detecting C compile features - done
[0.155s] -- Detecting CXX compiler ABI info
[0.214s] -- Detecting CXX compiler ABI info - done
[0.216s] -- Check for working CXX compiler: /usr/bin/c++ - skipped
[0.216s] -- Detecting CXX compile features
[0.217s] -- Detecting CXX compile features - done
[0.218s] -- Found ament_cmake: 1.3.12 (/opt/ros/humble/share/ament_cmake/cmake)
[0.302s] -- Found Python3: /usr/bin/python3 (found version "3.10.12") found components: Interpreter 
[0.348s] -- Found rosidl_default_generators: 1.2.0 (/opt/ros/humble/share/rosidl_default_generators/cmake)
[0.349s] -- Using all available rosidl_typesupport_c: rosidl_typesupport_fastrtps_c;rosidl_typesupport_introspection_c
[0.352s] -- Found rosidl_adapter: 3.1.7 (/opt/ros/humble/share/rosidl_adapter/cmake)
[0.370s] -- Using all available rosidl_typesupport_cpp: rosidl_typesupport_fastrtps_cpp;rosidl_typesupport_introspection_cpp
[0.384s] -- Found rosidl_default_runtime: 1.2.0 (/opt/ros/humble/share/rosidl_default_runtime/cmake)
[0.385s] -- Found ament_lint_auto: 0.12.14 (/opt/ros/humble/share/ament_lint_auto/cmake)
[0.530s] -- Found ament_cmake_ros: 0.10.0 (/opt/ros/humble/share/ament_cmake_ros/cmake)
[0.634s] -- Using all available rosidl_typesupport_c: rosidl_typesupport_fastrtps_c;rosidl_typesupport_introspection_c
[0.770s] -- Using all available rosidl_typesupport_cpp: rosidl_typesupport_fastrtps_cpp;rosidl_typesupport_introspection_cpp
[0.783s] -- Found PythonInterp: /usr/bin/python3 (found suitable version "3.10.12", minimum required is "3.6") 
[0.784s] -- Found python_cmake_module: 0.10.0 (/opt/ros/humble/share/python_cmake_module/cmake)
[0.798s] -- Found PythonLibs: /usr/lib/x86_64-linux-gnu/libpython3.10.so (found suitable version "3.10.12", minimum required is "3.5") 
[0.798s] -- Using PYTHON_EXECUTABLE: /usr/bin/python3
[0.798s] -- Using PYTHON_INCLUDE_DIRS: /usr/include/python3.10
[0.798s] -- Using PYTHON_LIBRARIES: /usr/lib/x86_64-linux-gnu/libpython3.10.so
[0.812s] -- Found PythonExtra: .so  
[0.829s] -- Added test 'lint_cmake' to check CMake code style
[0.829s] -- Added test 'xmllint' to check XML markup files
[0.831s] -- Configuring done
[0.845s] -- Generating done
[0.850s] -- Build files have been written to: /home/oife/d2lros2/visual_learning/the final/build/aim_interfaces
[0.857s] Invoked command in '/home/oife/d2lros2/visual_learning/the final/build/aim_interfaces' returned '0': CMAKE_PREFIX_PATH=${CMAKE_PREFIX_PATH}:/opt/ros/humble /usr/bin/cmake /home/oife/d2lros2/visual_learning/the final/src/aim_interfaces -DCMAKE_INSTALL_PREFIX=/home/oife/d2lros2/visual_learning/the final/install/aim_interfaces
[0.857s] Invoking command in '/home/oife/d2lros2/visual_learning/the final/build/aim_interfaces': CMAKE_PREFIX_PATH=${CMAKE_PREFIX_PATH}:/opt/ros/humble /usr/bin/cmake --build /home/oife/d2lros2/visual_learning/the final/build/aim_interfaces -- -j4 -l4
[0.886s] [  3%] [34m[1mGenerating C code for ROS interfaces[0m
[0.893s] [  6%] [34m[1mGenerating C++ code for ROS interfaces[0m
[0.900s] [  6%] Built target ament_cmake_python_copy_aim_interfaces
[1.020s] [  9%] [32mBuilding C object CMakeFiles/aim_interfaces__rosidl_generator_c.dir/rosidl_generator_c/aim_interfaces/msg/detail/aim_info__functions.c.o[0m
[1.020s] running egg_info
[1.020s] creating aim_interfaces.egg-info
[1.020s] writing aim_interfaces.egg-info/PKG-INFO
[1.020s] writing dependency_links to aim_interfaces.egg-info/dependency_links.txt
[1.020s] writing top-level names to aim_interfaces.egg-info/top_level.txt
[1.020s] writing manifest file 'aim_interfaces.egg-info/SOURCES.txt'
[1.020s] reading manifest file 'aim_interfaces.egg-info/SOURCES.txt'
[1.020s] writing manifest file 'aim_interfaces.egg-info/SOURCES.txt'
[1.034s] [  9%] Built target aim_interfaces__cpp
[1.038s] [  9%] Built target ament_cmake_python_build_aim_interfaces_egg
[1.046s] [ 12%] [34m[1mGenerating C++ type support for eProsima Fast-RTPS[0m
[1.049s] [ 16%] [34m[1mGenerating C++ type support dispatch for ROS interfaces[0m
[1.051s] [ 19%] [32m[1mLinking C shared library libaim_interfaces__rosidl_generator_c.so[0m
[1.057s] [ 22%] [34m[1mGenerating C++ introspection for ROS interfaces[0m
[1.094s] [ 22%] Built target aim_interfaces__rosidl_generator_c
[1.105s] [ 25%] [34m[1mGenerating C type support for eProsima Fast-RTPS[0m
[1.200s] [ 29%] [32mBuilding CXX object CMakeFiles/aim_interfaces__rosidl_typesupport_introspection_cpp.dir/rosidl_typesupport_introspection_cpp/aim_interfaces/msg/detail/aim_info__type_support.cpp.o[0m
[1.204s] [ 32%] [32mBuilding CXX object CMakeFiles/aim_interfaces__rosidl_typesupport_cpp.dir/rosidl_typesupport_cpp/aim_interfaces/msg/aim_info__type_support.cpp.o[0m
[1.233s] [ 38%] [32mBuilding CXX object CMakeFiles/aim_interfaces__rosidl_typesupport_fastrtps_cpp.dir/rosidl_typesupport_fastrtps_cpp/aim_interfaces/msg/detail/dds_fastrtps/aim_info__type_support.cpp.o[0m
[1.234s] [ 38%] [32mBuilding CXX object CMakeFiles/aim_interfaces__rosidl_typesupport_fastrtps_c.dir/rosidl_typesupport_fastrtps_c/aim_interfaces/msg/detail/aim_info__type_support_c.cpp.o[0m
[1.387s] [ 41%] [32m[1mLinking CXX shared library libaim_interfaces__rosidl_typesupport_cpp.so[0m
[1.428s] [ 41%] Built target aim_interfaces__rosidl_typesupport_cpp
[1.448s] [ 45%] [34m[1mGenerating C introspection for ROS interfaces[0m
[1.472s] [ 48%] [32m[1mLinking CXX shared library libaim_interfaces__rosidl_typesupport_fastrtps_c.so[0m
[1.472s] [ 51%] [32m[1mLinking CXX shared library libaim_interfaces__rosidl_typesupport_fastrtps_cpp.so[0m
[1.482s] [ 54%] [32m[1mLinking CXX shared library libaim_interfaces__rosidl_typesupport_introspection_cpp.so[0m
[1.537s] [ 54%] Built target aim_interfaces__rosidl_typesupport_fastrtps_c
[1.541s] [ 54%] Built target aim_interfaces__rosidl_typesupport_introspection_cpp
[1.542s] [ 54%] Built target aim_interfaces__rosidl_typesupport_fastrtps_cpp
[1.547s] [ 58%] [34m[1mGenerating C type support dispatch for ROS interfaces[0m
[1.604s] [ 61%] [32mBuilding C object CMakeFiles/aim_interfaces__rosidl_typesupport_introspection_c.dir/rosidl_typesupport_introspection_c/aim_interfaces/msg/detail/aim_info__type_support.c.o[0m
[1.643s] [ 64%] [32m[1mLinking C shared library libaim_interfaces__rosidl_typesupport_introspection_c.so[0m
[1.666s] [ 64%] Built target aim_interfaces__rosidl_typesupport_introspection_c
[1.667s] [ 67%] [32mBuilding CXX object CMakeFiles/aim_interfaces__rosidl_typesupport_c.dir/rosidl_typesupport_c/aim_interfaces/msg/aim_info__type_support.cpp.o[0m
[1.688s] [ 70%] [32m[1mLinking CXX shared library libaim_interfaces__rosidl_typesupport_c.so[0m
[1.715s] [ 70%] Built target aim_interfaces__rosidl_typesupport_c
[1.732s] [ 70%] Built target aim_interfaces
[1.750s] [ 74%] [34m[1mGenerating Python code for ROS interfaces[0m
[1.885s] [ 74%] Built target aim_interfaces__py
[1.898s] [ 77%] [32mBuilding C object CMakeFiles/aim_interfaces__rosidl_generator_py.dir/rosidl_generator_py/aim_interfaces/msg/_aim_info_s.c.o[0m
[1.957s] [ 80%] [32m[1mLinking C shared library rosidl_generator_py/aim_interfaces/libaim_interfaces__rosidl_generator_py.so[0m
[1.985s] [ 80%] Built target aim_interfaces__rosidl_generator_py
[2.000s] [ 90%] [32mBuilding C object CMakeFiles/aim_interfaces__rosidl_typesupport_c__pyext.dir/rosidl_generator_py/aim_interfaces/_aim_interfaces_s.ep.rosidl_typesupport_c.c.o[0m
[2.000s] [ 90%] [32mBuilding C object CMakeFiles/aim_interfaces__rosidl_typesupport_introspection_c__pyext.dir/rosidl_generator_py/aim_interfaces/_aim_interfaces_s.ep.rosidl_typesupport_introspection_c.c.o[0m
[2.000s] [ 90%] [32mBuilding C object CMakeFiles/aim_interfaces__rosidl_typesupport_fastrtps_c__pyext.dir/rosidl_generator_py/aim_interfaces/_aim_interfaces_s.ep.rosidl_typesupport_fastrtps_c.c.o[0m
[2.060s] [ 93%] [32m[1mLinking C shared library rosidl_generator_py/aim_interfaces/aim_interfaces_s__rosidl_typesupport_fastrtps_c.cpython-310-x86_64-linux-gnu.so[0m
[2.065s] [ 96%] [32m[1mLinking C shared library rosidl_generator_py/aim_interfaces/aim_interfaces_s__rosidl_typesupport_introspection_c.cpython-310-x86_64-linux-gnu.so[0m
[2.065s] [100%] [32m[1mLinking C shared library rosidl_generator_py/aim_interfaces/aim_interfaces_s__rosidl_typesupport_c.cpython-310-x86_64-linux-gnu.so[0m
[2.088s] [100%] Built target aim_interfaces__rosidl_typesupport_fastrtps_c__pyext
[2.091s] [100%] Built target aim_interfaces__rosidl_typesupport_introspection_c__pyext
[2.091s] [100%] Built target aim_interfaces__rosidl_typesupport_c__pyext
[2.101s] Invoked command in '/home/oife/d2lros2/visual_learning/the final/build/aim_interfaces' returned '0': CMAKE_PREFIX_PATH=${CMAKE_PREFIX_PATH}:/opt/ros/humble /usr/bin/cmake --build /home/oife/d2lros2/visual_learning/the final/build/aim_interfaces -- -j4 -l4
[2.108s] Invoking command in '/home/oife/d2lros2/visual_learning/the final/build/aim_interfaces': CMAKE_PREFIX_PATH=${CMAKE_PREFIX_PATH}:/opt/ros/humble /usr/bin/cmake --install /home/oife/d2lros2/visual_learning/the final/build/aim_interfaces
[2.113s] -- Install configuration: ""
[2.113s] -- Installing: /home/oife/d2lros2/visual_learning/the final/install/aim_interfaces/share/ament_index/resource_index/rosidl_interfaces/aim_interfaces
[2.113s] -- Installing: /home/oife/d2lros2/visual_learning/the final/install/aim_interfaces/include/aim_interfaces/aim_interfaces
[2.113s] -- Installing: /home/oife/d2lros2/visual_learning/the final/install/aim_interfaces/include/aim_interfaces/aim_interfaces/msg
[2.113s] -- Installing: /home/oife/d2lros2/visual_learning/the final/install/aim_interfaces/include/aim_interfaces/aim_interfaces/msg/rosidl_generator_c__visibility_control.h
[2.113s] -- Installing: /home/oife/d2lros2/visual_learning/the final/install/aim_interfaces/include/aim_interfaces/aim_interfaces/msg/aim_info.h
[2.113s] -- Installing: /home/oife/d2lros2/visual_learning/the final/install/aim_interfaces/include/aim_interfaces/aim_interfaces/msg/detail
[2.113s] -- Installing: /home/oife/d2lros2/visual_learning/the final/install/aim_interfaces/include/aim_interfaces/aim_interfaces/msg/detail/aim_info__functions.c
[2.114s] -- Installing: /home/oife/d2lros2/visual_learning/the final/install/aim_interfaces/include/aim_interfaces/aim_interfaces/msg/detail/aim_info__functions.h
[2.114s] -- Installing: /home/oife/d2lros2/visual_learning/the final/install/aim_interfaces/include/aim_interfaces/aim_interfaces/msg/detail/aim_info__struct.h
[2.114s] -- Installing: /home/oife/d2lros2/visual_learning/the final/install/aim_interfaces/include/aim_interfaces/aim_interfaces/msg/detail/aim_info__type_support.h
[2.114s] -- Installing: /home/oife/d2lros2/visual_learning/the final/install/aim_interfaces/share/aim_interfaces/environment/library_path.sh
[2.114s] -- Installing: /home/oife/d2lros2/visual_learning/the final/install/aim_interfaces/share/aim_interfaces/environment/library_path.dsv
[2.114s] -- Installing: /home/oife/d2lros2/visual_learning/the final/install/aim_interfaces/lib/libaim_interfaces__rosidl_generator_c.so
[2.114s] -- Set runtime path of "/home/oife/d2lros2/visual_learning/the final/install/aim_interfaces/lib/libaim_interfaces__rosidl_generator_c.so" to ""
[2.114s] -- Up-to-date: /home/oife/d2lros2/visual_learning/the final/install/aim_interfaces/include/aim_interfaces/aim_interfaces
[2.114s] -- Up-to-date: /home/oife/d2lros2/visual_learning/the final/install/aim_interfaces/include/aim_interfaces/aim_interfaces/msg
[2.114s] -- Installing: /home/oife/d2lros2/visual_learning/the final/install/aim_interfaces/include/aim_interfaces/aim_interfaces/msg/rosidl_typesupport_fastrtps_c__visibility_control.h
[2.114s] -- Up-to-date: /home/oife/d2lros2/visual_learning/the final/install/aim_interfaces/include/aim_interfaces/aim_interfaces/msg/detail
[2.114s] -- Installing: /home/oife/d2lros2/visual_learning/the final/install/aim_interfaces/include/aim_interfaces/aim_interfaces/msg/detail/aim_info__rosidl_typesupport_fastrtps_c.h
[2.114s] -- Installing: /home/oife/d2lros2/visual_learning/the final/install/aim_interfaces/lib/libaim_interfaces__rosidl_typesupport_fastrtps_c.so
[2.114s] -- Set runtime path of "/home/oife/d2lros2/visual_learning/the final/install/aim_interfaces/lib/libaim_interfaces__rosidl_typesupport_fastrtps_c.so" to ""
[2.114s] -- Up-to-date: /home/oife/d2lros2/visual_learning/the final/install/aim_interfaces/include/aim_interfaces/aim_interfaces
[2.114s] -- Up-to-date: /home/oife/d2lros2/visual_learning/the final/install/aim_interfaces/include/aim_interfaces/aim_interfaces/msg
[2.115s] -- Installing: /home/oife/d2lros2/visual_learning/the final/install/aim_interfaces/include/aim_interfaces/aim_interfaces/msg/rosidl_typesupport_introspection_c__visibility_control.h
[2.115s] -- Up-to-date: /home/oife/d2lros2/visual_learning/the final/install/aim_interfaces/include/aim_interfaces/aim_interfaces/msg/detail
[2.115s] -- Installing: /home/oife/d2lros2/visual_learning/the final/install/aim_interfaces/include/aim_interfaces/aim_interfaces/msg/detail/aim_info__type_support.c
[2.115s] -- Installing: /home/oife/d2lros2/visual_learning/the final/install/aim_interfaces/include/aim_interfaces/aim_interfaces/msg/detail/aim_info__rosidl_typesupport_introspection_c.h
[2.115s] -- Installing: /home/oife/d2lros2/visual_learning/the final/install/aim_interfaces/lib/libaim_interfaces__rosidl_typesupport_introspection_c.so
[2.115s] -- Set runtime path of "/home/oife/d2lros2/visual_learning/the final/install/aim_interfaces/lib/libaim_interfaces__rosidl_typesupport_introspection_c.so" to ""
[2.115s] -- Installing: /home/oife/d2lros2/visual_learning/the final/install/aim_interfaces/lib/libaim_interfaces__rosidl_typesupport_c.so
[2.116s] -- Set runtime path of "/home/oife/d2lros2/visual_learning/the final/install/aim_interfaces/lib/libaim_interfaces__rosidl_typesupport_c.so" to ""
[2.116s] -- Up-to-date: /home/oife/d2lros2/visual_learning/the final/install/aim_interfaces/include/aim_interfaces/aim_interfaces
[2.116s] -- Up-to-date: /home/oife/d2lros2/visual_learning/the final/install/aim_interfaces/include/aim_interfaces/aim_interfaces/msg
[2.116s] -- Installing: /home/oife/d2lros2/visual_learning/the final/install/aim_interfaces/include/aim_interfaces/aim_interfaces/msg/rosidl_generator_cpp__visibility_control.hpp
[2.116s] -- Installing: /home/oife/d2lros2/visual_learning/the final/install/aim_interfaces/include/aim_interfaces/aim_interfaces/msg/aim_info.hpp
[2.116s] -- Up-to-date: /home/oife/d2lros2/visual_learning/the final/install/aim_interfaces/include/aim_interfaces/aim_interfaces/msg/detail
[2.116s] -- Installing: /home/oife/d2lros2/visual_learning/the final/install/aim_interfaces/include/aim_interfaces/aim_interfaces/msg/detail/aim_info__builder.hpp
[2.116s] -- Installing: /home/oife/d2lros2/visual_learning/the final/install/aim_interfaces/include/aim_interfaces/aim_interfaces/msg/detail/aim_info__traits.hpp
[2.116s] -- Installing: /home/oife/d2lros2/visual_learning/the final/install/aim_interfaces/include/aim_interfaces/aim_interfaces/msg/detail/aim_info__type_support.hpp
[2.116s] -- Installing: /home/oife/d2lros2/visual_learning/the final/install/aim_interfaces/include/aim_interfaces/aim_interfaces/msg/detail/aim_info__struct.hpp
[2.116s] -- Up-to-date: /home/oife/d2lros2/visual_learning/the final/install/aim_interfaces/include/aim_interfaces/aim_interfaces
[2.116s] -- Up-to-date: /home/oife/d2lros2/visual_learning/the final/install/aim_interfaces/include/aim_interfaces/aim_interfaces/msg
[2.116s] -- Up-to-date: /home/oife/d2lros2/visual_learning/the final/install/aim_interfaces/include/aim_interfaces/aim_interfaces/msg/detail
[2.116s] -- Installing: /home/oife/d2lros2/visual_learning/the final/install/aim_interfaces/include/aim_interfaces/aim_interfaces/msg/detail/aim_info__rosidl_typesupport_fastrtps_cpp.hpp
[2.116s] -- Installing: /home/oife/d2lros2/visual_learning/the final/install/aim_interfaces/include/aim_interfaces/aim_interfaces/msg/detail/dds_fastrtps
[2.116s] -- Installing: /home/oife/d2lros2/visual_learning/the final/install/aim_interfaces/include/aim_interfaces/aim_interfaces/msg/rosidl_typesupport_fastrtps_cpp__visibility_control.h
[2.116s] -- Installing: /home/oife/d2lros2/visual_learning/the final/install/aim_interfaces/lib/libaim_interfaces__rosidl_typesupport_fastrtps_cpp.so
[2.118s] -- Set runtime path of "/home/oife/d2lros2/visual_learning/the final/install/aim_interfaces/lib/libaim_interfaces__rosidl_typesupport_fastrtps_cpp.so" to ""
[2.118s] -- Up-to-date: /home/oife/d2lros2/visual_learning/the final/install/aim_interfaces/include/aim_interfaces/aim_interfaces
[2.118s] -- Up-to-date: /home/oife/d2lros2/visual_learning/the final/install/aim_interfaces/include/aim_interfaces/aim_interfaces/msg
[2.118s] -- Up-to-date: /home/oife/d2lros2/visual_learning/the final/install/aim_interfaces/include/aim_interfaces/aim_interfaces/msg/detail
[2.118s] -- Installing: /home/oife/d2lros2/visual_learning/the final/install/aim_interfaces/include/aim_interfaces/aim_interfaces/msg/detail/aim_info__rosidl_typesupport_introspection_cpp.hpp
[2.118s] -- Installing: /home/oife/d2lros2/visual_learning/the final/install/aim_interfaces/include/aim_interfaces/aim_interfaces/msg/detail/aim_info__type_support.cpp
[2.118s] -- Installing: /home/oife/d2lros2/visual_learning/the final/install/aim_interfaces/lib/libaim_interfaces__rosidl_typesupport_introspection_cpp.so
[2.118s] -- Set runtime path of "/home/oife/d2lros2/visual_learning/the final/install/aim_interfaces/lib/libaim_interfaces__rosidl_typesupport_introspection_cpp.so" to ""
[2.118s] -- Installing: /home/oife/d2lros2/visual_learning/the final/install/aim_interfaces/lib/libaim_interfaces__rosidl_typesupport_cpp.so
[2.118s] -- Set runtime path of "/home/oife/d2lros2/visual_learning/the final/install/aim_interfaces/lib/libaim_interfaces__rosidl_typesupport_cpp.so" to ""
[2.118s] -- Installing: /home/oife/d2lros2/visual_learning/the final/install/aim_interfaces/share/aim_interfaces/environment/pythonpath.sh
[2.118s] -- Installing: /home/oife/d2lros2/visual_learning/the final/install/aim_interfaces/share/aim_interfaces/environment/pythonpath.dsv
[2.118s] -- Installing: /home/oife/d2lros2/visual_learning/the final/install/aim_interfaces/local/lib/python3.10/dist-packages/aim_interfaces-0.0.0-py3.10.egg-info
[2.118s] -- Installing: /home/oife/d2lros2/visual_learning/the final/install/aim_interfaces/local/lib/python3.10/dist-packages/aim_interfaces-0.0.0-py3.10.egg-info/dependency_links.txt
[2.118s] -- Installing: /home/oife/d2lros2/visual_learning/the final/install/aim_interfaces/local/lib/python3.10/dist-packages/aim_interfaces-0.0.0-py3.10.egg-info/top_level.txt
[2.118s] -- Installing: /home/oife/d2lros2/visual_learning/the final/install/aim_interfaces/local/lib/python3.10/dist-packages/aim_interfaces-0.0.0-py3.10.egg-info/SOURCES.txt
[2.118s] -- Installing: /home/oife/d2lros2/visual_learning/the final/install/aim_interfaces/local/lib/python3.10/dist-packages/aim_interfaces-0.0.0-py3.10.egg-info/PKG-INFO
[2.118s] -- Installing: /home/oife/d2lros2/visual_learning/the final/install/aim_interfaces/local/lib/python3.10/dist-packages/aim_interfaces
[2.118s] -- Installing: /home/oife/d2lros2/visual_learning/the final/install/aim_interfaces/local/lib/python3.10/dist-packages/aim_interfaces/__init__.py
[2.118s] -- Installing: /home/oife/d2lros2/visual_learning/the final/install/aim_interfaces/local/lib/python3.10/dist-packages/aim_interfaces/_aim_interfaces_s.ep.rosidl_typesupport_introspection_c.c
[2.118s] -- Installing: /home/oife/d2lros2/visual_learning/the final/install/aim_interfaces/local/lib/python3.10/dist-packages/aim_interfaces/aim_interfaces_s__rosidl_typesupport_c.cpython-310-x86_64-linux-gnu.so
[2.118s] -- Installing: /home/oife/d2lros2/visual_learning/the final/install/aim_interfaces/local/lib/python3.10/dist-packages/aim_interfaces/_aim_interfaces_s.ep.rosidl_typesupport_fastrtps_c.c
[2.119s] -- Installing: /home/oife/d2lros2/visual_learning/the final/install/aim_interfaces/local/lib/python3.10/dist-packages/aim_interfaces/msg
[2.119s] -- Installing: /home/oife/d2lros2/visual_learning/the final/install/aim_interfaces/local/lib/python3.10/dist-packages/aim_interfaces/msg/__init__.py
[2.119s] -- Installing: /home/oife/d2lros2/visual_learning/the final/install/aim_interfaces/local/lib/python3.10/dist-packages/aim_interfaces/msg/_aim_info.py
[2.119s] -- Installing: /home/oife/d2lros2/visual_learning/the final/install/aim_interfaces/local/lib/python3.10/dist-packages/aim_interfaces/msg/_aim_info_s.c
[2.119s] -- Installing: /home/oife/d2lros2/visual_learning/the final/install/aim_interfaces/local/lib/python3.10/dist-packages/aim_interfaces/_aim_interfaces_s.ep.rosidl_typesupport_c.c
[2.119s] -- Installing: /home/oife/d2lros2/visual_learning/the final/install/aim_interfaces/local/lib/python3.10/dist-packages/aim_interfaces/aim_interfaces_s__rosidl_typesupport_fastrtps_c.cpython-310-x86_64-linux-gnu.so
[2.119s] -- Installing: /home/oife/d2lros2/visual_learning/the final/install/aim_interfaces/local/lib/python3.10/dist-packages/aim_interfaces/aim_interfaces_s__rosidl_typesupport_introspection_c.cpython-310-x86_64-linux-gnu.so
[2.119s] -- Installing: /home/oife/d2lros2/visual_learning/the final/install/aim_interfaces/local/lib/python3.10/dist-packages/aim_interfaces/libaim_interfaces__rosidl_generator_py.so
[2.139s] Listing '/home/oife/d2lros2/visual_learning/the final/install/aim_interfaces/local/lib/python3.10/dist-packages/aim_interfaces'...
[2.139s] Compiling '/home/oife/d2lros2/visual_learning/the final/install/aim_interfaces/local/lib/python3.10/dist-packages/aim_interfaces/__init__.py'...
[2.139s] Listing '/home/oife/d2lros2/visual_learning/the final/install/aim_interfaces/local/lib/python3.10/dist-packages/aim_interfaces/msg'...
[2.139s] Compiling '/home/oife/d2lros2/visual_learning/the final/install/aim_interfaces/local/lib/python3.10/dist-packages/aim_interfaces/msg/__init__.py'...
[2.139s] Compiling '/home/oife/d2lros2/visual_learning/the final/install/aim_interfaces/local/lib/python3.10/dist-packages/aim_interfaces/msg/_aim_info.py'...
[2.142s] -- Installing: /home/oife/d2lros2/visual_learning/the final/install/aim_interfaces/local/lib/python3.10/dist-packages/aim_interfaces/aim_interfaces_s__rosidl_typesupport_fastrtps_c.cpython-310-x86_64-linux-gnu.so
[2.142s] -- Set runtime path of "/home/oife/d2lros2/visual_learning/the final/install/aim_interfaces/local/lib/python3.10/dist-packages/aim_interfaces/aim_interfaces_s__rosidl_typesupport_fastrtps_c.cpython-310-x86_64-linux-gnu.so" to ""
[2.142s] -- Installing: /home/oife/d2lros2/visual_learning/the final/install/aim_interfaces/local/lib/python3.10/dist-packages/aim_interfaces/aim_interfaces_s__rosidl_typesupport_introspection_c.cpython-310-x86_64-linux-gnu.so
[2.143s] -- Set runtime path of "/home/oife/d2lros2/visual_learning/the final/install/aim_interfaces/local/lib/python3.10/dist-packages/aim_interfaces/aim_interfaces_s__rosidl_typesupport_introspection_c.cpython-310-x86_64-linux-gnu.so" to ""
[2.143s] -- Installing: /home/oife/d2lros2/visual_learning/the final/install/aim_interfaces/local/lib/python3.10/dist-packages/aim_interfaces/aim_interfaces_s__rosidl_typesupport_c.cpython-310-x86_64-linux-gnu.so
[2.143s] -- Set runtime path of "/home/oife/d2lros2/visual_learning/the final/install/aim_interfaces/local/lib/python3.10/dist-packages/aim_interfaces/aim_interfaces_s__rosidl_typesupport_c.cpython-310-x86_64-linux-gnu.so" to ""
[2.143s] -- Installing: /home/oife/d2lros2/visual_learning/the final/install/aim_interfaces/lib/libaim_interfaces__rosidl_generator_py.so
[2.143s] -- Set runtime path of "/home/oife/d2lros2/visual_learning/the final/install/aim_interfaces/lib/libaim_interfaces__rosidl_generator_py.so" to ""
[2.144s] -- Installing: /home/oife/d2lros2/visual_learning/the final/install/aim_interfaces/share/aim_interfaces/msg/AimInfo.idl
[2.144s] -- Installing: /home/oife/d2lros2/visual_learning/the final/install/aim_interfaces/share/aim_interfaces/msg/AimInfo.msg
[2.144s] -- Up-to-date: /home/oife/d2lros2/visual_learning/the final/install/aim_interfaces/include
[2.144s] -- Up-to-date: /home/oife/d2lros2/visual_learning/the final/install/aim_interfaces/include/aim_interfaces
[2.144s] -- Installing: /home/oife/d2lros2/visual_learning/the final/install/aim_interfaces/share/aim_interfaces/package.xml
[2.144s] -- Installing: /home/oife/d2lros2/visual_learning/the final/install/aim_interfaces/share/ament_index/resource_index/package_run_dependencies/aim_interfaces
[2.144s] -- Installing: /home/oife/d2lros2/visual_learning/the final/install/aim_interfaces/share/ament_index/resource_index/parent_prefix_path/aim_interfaces
[2.144s] -- Installing: /home/oife/d2lros2/visual_learning/the final/install/aim_interfaces/share/aim_interfaces/environment/ament_prefix_path.sh
[2.144s] -- Installing: /home/oife/d2lros2/visual_learning/the final/install/aim_interfaces/share/aim_interfaces/environment/ament_prefix_path.dsv
[2.144s] -- Installing: /home/oife/d2lros2/visual_learning/the final/install/aim_interfaces/share/aim_interfaces/environment/path.sh
[2.144s] -- Installing: /home/oife/d2lros2/visual_learning/the final/install/aim_interfaces/share/aim_interfaces/environment/path.dsv
[2.144s] -- Installing: /home/oife/d2lros2/visual_learning/the final/install/aim_interfaces/share/aim_interfaces/local_setup.bash
[2.144s] -- Installing: /home/oife/d2lros2/visual_learning/the final/install/aim_interfaces/share/aim_interfaces/local_setup.sh
[2.144s] -- Installing: /home/oife/d2lros2/visual_learning/the final/install/aim_interfaces/share/aim_interfaces/local_setup.zsh
[2.144s] -- Installing: /home/oife/d2lros2/visual_learning/the final/install/aim_interfaces/share/aim_interfaces/local_setup.dsv
[2.144s] -- Installing: /home/oife/d2lros2/visual_learning/the final/install/aim_interfaces/share/aim_interfaces/package.dsv
[2.144s] -- Installing: /home/oife/d2lros2/visual_learning/the final/install/aim_interfaces/share/ament_index/resource_index/packages/aim_interfaces
[2.144s] -- Installing: /home/oife/d2lros2/visual_learning/the final/install/aim_interfaces/share/aim_interfaces/cmake/export_aim_interfaces__rosidl_generator_cExport.cmake
[2.144s] -- Installing: /home/oife/d2lros2/visual_learning/the final/install/aim_interfaces/share/aim_interfaces/cmake/export_aim_interfaces__rosidl_generator_cExport-noconfig.cmake
[2.144s] -- Installing: /home/oife/d2lros2/visual_learning/the final/install/aim_interfaces/share/aim_interfaces/cmake/export_aim_interfaces__rosidl_typesupport_fastrtps_cExport.cmake
[2.145s] -- Installing: /home/oife/d2lros2/visual_learning/the final/install/aim_interfaces/share/aim_interfaces/cmake/export_aim_interfaces__rosidl_typesupport_fastrtps_cExport-noconfig.cmake
[2.145s] -- Installing: /home/oife/d2lros2/visual_learning/the final/install/aim_interfaces/share/aim_interfaces/cmake/aim_interfaces__rosidl_typesupport_introspection_cExport.cmake
[2.145s] -- Installing: /home/oife/d2lros2/visual_learning/the final/install/aim_interfaces/share/aim_interfaces/cmake/aim_interfaces__rosidl_typesupport_introspection_cExport-noconfig.cmake
[2.145s] -- Installing: /home/oife/d2lros2/visual_learning/the final/install/aim_interfaces/share/aim_interfaces/cmake/aim_interfaces__rosidl_typesupport_cExport.cmake
[2.145s] -- Installing: /home/oife/d2lros2/visual_learning/the final/install/aim_interfaces/share/aim_interfaces/cmake/aim_interfaces__rosidl_typesupport_cExport-noconfig.cmake
[2.145s] -- Installing: /home/oife/d2lros2/visual_learning/the final/install/aim_interfaces/share/aim_interfaces/cmake/export_aim_interfaces__rosidl_generator_cppExport.cmake
[2.145s] -- Installing: /home/oife/d2lros2/visual_learning/the final/install/aim_interfaces/share/aim_interfaces/cmake/export_aim_interfaces__rosidl_typesupport_fastrtps_cppExport.cmake
[2.145s] -- Installing: /home/oife/d2lros2/visual_learning/the final/install/aim_interfaces/share/aim_interfaces/cmake/export_aim_interfaces__rosidl_typesupport_fastrtps_cppExport-noconfig.cmake
[2.145s] -- Installing: /home/oife/d2lros2/visual_learning/the final/install/aim_interfaces/share/aim_interfaces/cmake/aim_interfaces__rosidl_typesupport_introspection_cppExport.cmake
[2.145s] -- Installing: /home/oife/d2lros2/visual_learning/the final/install/aim_interfaces/share/aim_interfaces/cmake/aim_interfaces__rosidl_typesupport_introspection_cppExport-noconfig.cmake
[2.145s] -- Installing: /home/oife/d2lros2/visual_learning/the final/install/aim_interfaces/share/aim_interfaces/cmake/aim_interfaces__rosidl_typesupport_cppExport.cmake
[2.145s] -- Installing: /home/oife/d2lros2/visual_learning/the final/install/aim_interfaces/share/aim_interfaces/cmake/aim_interfaces__rosidl_typesupport_cppExport-noconfig.cmake
[2.145s] -- Installing: /home/oife/d2lros2/visual_learning/the final/install/aim_interfaces/share/aim_interfaces/cmake/export_aim_interfaces__rosidl_generator_pyExport.cmake
[2.145s] -- Installing: /home/oife/d2lros2/visual_learning/the final/install/aim_interfaces/share/aim_interfaces/cmake/export_aim_interfaces__rosidl_generator_pyExport-noconfig.cmake
[2.145s] -- Installing: /home/oife/d2lros2/visual_learning/the final/install/aim_interfaces/share/aim_interfaces/cmake/rosidl_cmake-extras.cmake
[2.145s] -- Installing: /home/oife/d2lros2/visual_learning/the final/install/aim_interfaces/share/aim_interfaces/cmake/ament_cmake_export_include_directories-extras.cmake
[2.145s] -- Installing: /home/oife/d2lros2/visual_learning/the final/install/aim_interfaces/share/aim_interfaces/cmake/ament_cmake_export_libraries-extras.cmake
[2.146s] -- Installing: /home/oife/d2lros2/visual_learning/the final/install/aim_interfaces/share/aim_interfaces/cmake/ament_cmake_export_targets-extras.cmake
[2.146s] -- Installing: /home/oife/d2lros2/visual_learning/the final/install/aim_interfaces/share/aim_interfaces/cmake/rosidl_cmake_export_typesupport_targets-extras.cmake
[2.146s] -- Installing: /home/oife/d2lros2/visual_learning/the final/install/aim_interfaces/share/aim_interfaces/cmake/ament_cmake_export_dependencies-extras.cmake
[2.146s] -- Installing: /home/oife/d2lros2/visual_learning/the final/install/aim_interfaces/share/aim_interfaces/cmake/rosidl_cmake_export_typesupport_libraries-extras.cmake
[2.146s] -- Installing: /home/oife/d2lros2/visual_learning/the final/install/aim_interfaces/share/aim_interfaces/cmake/aim_interfacesConfig.cmake
[2.146s] -- Installing: /home/oife/d2lros2/visual_learning/the final/install/aim_interfaces/share/aim_interfaces/cmake/aim_interfacesConfig-version.cmake
[2.146s] -- Up-to-date: /home/oife/d2lros2/visual_learning/the final/install/aim_interfaces/share/aim_interfaces/package.xml
[2.148s] Invoked command in '/home/oife/d2lros2/visual_learning/the final/build/aim_interfaces' returned '0': CMAKE_PREFIX_PATH=${CMAKE_PREFIX_PATH}:/opt/ros/humble /usr/bin/cmake --install /home/oife/d2lros2/visual_learning/the final/build/aim_interfaces
