-- Found ament_cmake: 1.3.12 (/opt/ros/humble/share/ament_cmake/cmake)
-- Found rosidl_default_generators: 1.2.0 (/opt/ros/humble/share/rosidl_default_generators/cmake)
-- Using all available rosidl_typesupport_c: rosidl_typesupport_fastrtps_c;rosidl_typesupport_introspection_c
-- Found rosidl_adapter: 3.1.7 (/opt/ros/humble/share/rosidl_adapter/cmake)
-- Using all available rosidl_typesupport_cpp: rosidl_typesupport_fastrtps_cpp;rosidl_typesupport_introspection_cpp
-- Found rosidl_default_runtime: 1.2.0 (/opt/ros/humble/share/rosidl_default_runtime/cmake)
-- Found ament_lint_auto: 0.12.14 (/opt/ros/humble/share/ament_lint_auto/cmake)
-- Found ament_cmake_ros: 0.10.0 (/opt/ros/humble/share/ament_cmake_ros/cmake)
-- Using all available rosidl_typesupport_c: rosidl_typesupport_fastrtps_c;rosidl_typesupport_introspection_c
-- Using all available rosidl_typesupport_cpp: rosidl_typesupport_fastrtps_cpp;rosidl_typesupport_introspection_cpp
-- Found python_cmake_module: 0.10.0 (/opt/ros/humble/share/python_cmake_module/cmake)
-- Using PYTHON_EXECUTABLE: /usr/bin/python3
-- Using PYTHON_INCLUDE_DIRS: /usr/include/python3.10
-- Using PYTHON_LIBRARIES: /usr/lib/x86_64-linux-gnu/libpython3.10.so
-- Added test 'lint_cmake' to check CMake code style
-- Added test 'xmllint' to check XML markup files
-- Configuring done
-- Generating done
-- Build files have been written to: /home/oife/d2lros2/visual_learning/the final/build/aim_interfaces
[35m[1mConsolidate compiler generated dependencies of target aim_interfaces__rosidl_generator_c[0m
[  3%] Built target aim_interfaces__cpp
[ 12%] Built target aim_interfaces__rosidl_generator_c
[ 12%] Built target ament_cmake_python_copy_aim_interfaces
[35m[1mConsolidate compiler generated dependencies of target aim_interfaces__rosidl_typesupport_introspection_cpp[0m
[35m[1mConsolidate compiler generated dependencies of target aim_interfaces__rosidl_typesupport_cpp[0m
[35m[1mConsolidate compiler generated dependencies of target aim_interfaces__rosidl_typesupport_fastrtps_cpp[0m
[35m[1mConsolidate compiler generated dependencies of target aim_interfaces__rosidl_typesupport_fastrtps_c[0m
[ 22%] Built target aim_interfaces__rosidl_typesupport_cpp
[ 32%] Built target aim_interfaces__rosidl_typesupport_fastrtps_cpp
[ 41%] Built target aim_interfaces__rosidl_typesupport_introspection_cpp
[35m[1mConsolidate compiler generated dependencies of target aim_interfaces__rosidl_typesupport_introspection_c[0m
[ 51%] Built target aim_interfaces__rosidl_typesupport_fastrtps_c
[35m[1mConsolidate compiler generated dependencies of target aim_interfaces__rosidl_typesupport_c[0m
[ 61%] Built target aim_interfaces__rosidl_typesupport_c
[ 70%] Built target aim_interfaces__rosidl_typesupport_introspection_c
[ 70%] Built target aim_interfaces
[ 74%] Built target aim_interfaces__py
[35m[1mConsolidate compiler generated dependencies of target aim_interfaces__rosidl_generator_py[0m
[ 80%] Built target aim_interfaces__rosidl_generator_py
[35m[1mConsolidate compiler generated dependencies of target aim_interfaces__rosidl_typesupport_fastrtps_c__pyext[0m
[35m[1mConsolidate compiler generated dependencies of target aim_interfaces__rosidl_typesupport_introspection_c__pyext[0m
[35m[1mConsolidate compiler generated dependencies of target aim_interfaces__rosidl_typesupport_c__pyext[0m
[ 87%] Built target aim_interfaces__rosidl_typesupport_fastrtps_c__pyext
[ 93%] Built target aim_interfaces__rosidl_typesupport_c__pyext
[100%] Built target aim_interfaces__rosidl_typesupport_introspection_c__pyext
running egg_info
writing aim_interfaces.egg-info/PKG-INFO
writing dependency_links to aim_interfaces.egg-info/dependency_links.txt
writing top-level names to aim_interfaces.egg-info/top_level.txt
reading manifest file 'aim_interfaces.egg-info/SOURCES.txt'
writing manifest file 'aim_interfaces.egg-info/SOURCES.txt'
[100%] Built target ament_cmake_python_build_aim_interfaces_egg
-- Install configuration: ""
-- Up-to-date: /home/oife/d2lros2/visual_learning/the final/install/aim_interfaces/share/ament_index/resource_index/rosidl_interfaces/aim_interfaces
-- Up-to-date: /home/oife/d2lros2/visual_learning/the final/install/aim_interfaces/include/aim_interfaces/aim_interfaces
-- Up-to-date: /home/oife/d2lros2/visual_learning/the final/install/aim_interfaces/include/aim_interfaces/aim_interfaces/msg
-- Up-to-date: /home/oife/d2lros2/visual_learning/the final/install/aim_interfaces/include/aim_interfaces/aim_interfaces/msg/rosidl_generator_c__visibility_control.h
-- Up-to-date: /home/oife/d2lros2/visual_learning/the final/install/aim_interfaces/include/aim_interfaces/aim_interfaces/msg/aim_info.h
-- Up-to-date: /home/oife/d2lros2/visual_learning/the final/install/aim_interfaces/include/aim_interfaces/aim_interfaces/msg/detail
-- Up-to-date: /home/oife/d2lros2/visual_learning/the final/install/aim_interfaces/include/aim_interfaces/aim_interfaces/msg/detail/aim_info__functions.c
-- Up-to-date: /home/oife/d2lros2/visual_learning/the final/install/aim_interfaces/include/aim_interfaces/aim_interfaces/msg/detail/aim_info__functions.h
-- Up-to-date: /home/oife/d2lros2/visual_learning/the final/install/aim_interfaces/include/aim_interfaces/aim_interfaces/msg/detail/aim_info__struct.h
-- Up-to-date: /home/oife/d2lros2/visual_learning/the final/install/aim_interfaces/include/aim_interfaces/aim_interfaces/msg/detail/aim_info__type_support.h
-- Up-to-date: /home/oife/d2lros2/visual_learning/the final/install/aim_interfaces/share/aim_interfaces/environment/library_path.sh
-- Installing: /home/oife/d2lros2/visual_learning/the final/install/aim_interfaces/share/aim_interfaces/environment/library_path.dsv
-- Up-to-date: /home/oife/d2lros2/visual_learning/the final/install/aim_interfaces/lib/libaim_interfaces__rosidl_generator_c.so
-- Up-to-date: /home/oife/d2lros2/visual_learning/the final/install/aim_interfaces/include/aim_interfaces/aim_interfaces
-- Up-to-date: /home/oife/d2lros2/visual_learning/the final/install/aim_interfaces/include/aim_interfaces/aim_interfaces/msg
-- Up-to-date: /home/oife/d2lros2/visual_learning/the final/install/aim_interfaces/include/aim_interfaces/aim_interfaces/msg/rosidl_typesupport_fastrtps_c__visibility_control.h
-- Up-to-date: /home/oife/d2lros2/visual_learning/the final/install/aim_interfaces/include/aim_interfaces/aim_interfaces/msg/detail
-- Up-to-date: /home/oife/d2lros2/visual_learning/the final/install/aim_interfaces/include/aim_interfaces/aim_interfaces/msg/detail/aim_info__rosidl_typesupport_fastrtps_c.h
-- Up-to-date: /home/oife/d2lros2/visual_learning/the final/install/aim_interfaces/lib/libaim_interfaces__rosidl_typesupport_fastrtps_c.so
-- Up-to-date: /home/oife/d2lros2/visual_learning/the final/install/aim_interfaces/include/aim_interfaces/aim_interfaces
-- Up-to-date: /home/oife/d2lros2/visual_learning/the final/install/aim_interfaces/include/aim_interfaces/aim_interfaces/msg
-- Up-to-date: /home/oife/d2lros2/visual_learning/the final/install/aim_interfaces/include/aim_interfaces/aim_interfaces/msg/rosidl_typesupport_introspection_c__visibility_control.h
-- Up-to-date: /home/oife/d2lros2/visual_learning/the final/install/aim_interfaces/include/aim_interfaces/aim_interfaces/msg/detail
-- Up-to-date: /home/oife/d2lros2/visual_learning/the final/install/aim_interfaces/include/aim_interfaces/aim_interfaces/msg/detail/aim_info__type_support.c
-- Up-to-date: /home/oife/d2lros2/visual_learning/the final/install/aim_interfaces/include/aim_interfaces/aim_interfaces/msg/detail/aim_info__rosidl_typesupport_introspection_c.h
-- Up-to-date: /home/oife/d2lros2/visual_learning/the final/install/aim_interfaces/lib/libaim_interfaces__rosidl_typesupport_introspection_c.so
-- Up-to-date: /home/oife/d2lros2/visual_learning/the final/install/aim_interfaces/lib/libaim_interfaces__rosidl_typesupport_c.so
-- Up-to-date: /home/oife/d2lros2/visual_learning/the final/install/aim_interfaces/include/aim_interfaces/aim_interfaces
-- Up-to-date: /home/oife/d2lros2/visual_learning/the final/install/aim_interfaces/include/aim_interfaces/aim_interfaces/msg
-- Up-to-date: /home/oife/d2lros2/visual_learning/the final/install/aim_interfaces/include/aim_interfaces/aim_interfaces/msg/rosidl_generator_cpp__visibility_control.hpp
-- Up-to-date: /home/oife/d2lros2/visual_learning/the final/install/aim_interfaces/include/aim_interfaces/aim_interfaces/msg/aim_info.hpp
-- Up-to-date: /home/oife/d2lros2/visual_learning/the final/install/aim_interfaces/include/aim_interfaces/aim_interfaces/msg/detail
-- Up-to-date: /home/oife/d2lros2/visual_learning/the final/install/aim_interfaces/include/aim_interfaces/aim_interfaces/msg/detail/aim_info__builder.hpp
-- Up-to-date: /home/oife/d2lros2/visual_learning/the final/install/aim_interfaces/include/aim_interfaces/aim_interfaces/msg/detail/aim_info__traits.hpp
-- Up-to-date: /home/oife/d2lros2/visual_learning/the final/install/aim_interfaces/include/aim_interfaces/aim_interfaces/msg/detail/aim_info__type_support.hpp
-- Up-to-date: /home/oife/d2lros2/visual_learning/the final/install/aim_interfaces/include/aim_interfaces/aim_interfaces/msg/detail/aim_info__struct.hpp
-- Up-to-date: /home/oife/d2lros2/visual_learning/the final/install/aim_interfaces/include/aim_interfaces/aim_interfaces
-- Up-to-date: /home/oife/d2lros2/visual_learning/the final/install/aim_interfaces/include/aim_interfaces/aim_interfaces/msg
-- Up-to-date: /home/oife/d2lros2/visual_learning/the final/install/aim_interfaces/include/aim_interfaces/aim_interfaces/msg/detail
-- Up-to-date: /home/oife/d2lros2/visual_learning/the final/install/aim_interfaces/include/aim_interfaces/aim_interfaces/msg/detail/aim_info__rosidl_typesupport_fastrtps_cpp.hpp
-- Up-to-date: /home/oife/d2lros2/visual_learning/the final/install/aim_interfaces/include/aim_interfaces/aim_interfaces/msg/detail/dds_fastrtps
-- Up-to-date: /home/oife/d2lros2/visual_learning/the final/install/aim_interfaces/include/aim_interfaces/aim_interfaces/msg/rosidl_typesupport_fastrtps_cpp__visibility_control.h
-- Up-to-date: /home/oife/d2lros2/visual_learning/the final/install/aim_interfaces/lib/libaim_interfaces__rosidl_typesupport_fastrtps_cpp.so
-- Up-to-date: /home/oife/d2lros2/visual_learning/the final/install/aim_interfaces/include/aim_interfaces/aim_interfaces
-- Up-to-date: /home/oife/d2lros2/visual_learning/the final/install/aim_interfaces/include/aim_interfaces/aim_interfaces/msg
-- Up-to-date: /home/oife/d2lros2/visual_learning/the final/install/aim_interfaces/include/aim_interfaces/aim_interfaces/msg/detail
-- Up-to-date: /home/oife/d2lros2/visual_learning/the final/install/aim_interfaces/include/aim_interfaces/aim_interfaces/msg/detail/aim_info__rosidl_typesupport_introspection_cpp.hpp
-- Up-to-date: /home/oife/d2lros2/visual_learning/the final/install/aim_interfaces/include/aim_interfaces/aim_interfaces/msg/detail/aim_info__type_support.cpp
-- Up-to-date: /home/oife/d2lros2/visual_learning/the final/install/aim_interfaces/lib/libaim_interfaces__rosidl_typesupport_introspection_cpp.so
-- Up-to-date: /home/oife/d2lros2/visual_learning/the final/install/aim_interfaces/lib/libaim_interfaces__rosidl_typesupport_cpp.so
-- Up-to-date: /home/oife/d2lros2/visual_learning/the final/install/aim_interfaces/share/aim_interfaces/environment/pythonpath.sh
-- Installing: /home/oife/d2lros2/visual_learning/the final/install/aim_interfaces/share/aim_interfaces/environment/pythonpath.dsv
-- Up-to-date: /home/oife/d2lros2/visual_learning/the final/install/aim_interfaces/local/lib/python3.10/dist-packages/aim_interfaces-0.0.0-py3.10.egg-info
-- Installing: /home/oife/d2lros2/visual_learning/the final/install/aim_interfaces/local/lib/python3.10/dist-packages/aim_interfaces-0.0.0-py3.10.egg-info/dependency_links.txt
-- Installing: /home/oife/d2lros2/visual_learning/the final/install/aim_interfaces/local/lib/python3.10/dist-packages/aim_interfaces-0.0.0-py3.10.egg-info/top_level.txt
-- Installing: /home/oife/d2lros2/visual_learning/the final/install/aim_interfaces/local/lib/python3.10/dist-packages/aim_interfaces-0.0.0-py3.10.egg-info/SOURCES.txt
-- Installing: /home/oife/d2lros2/visual_learning/the final/install/aim_interfaces/local/lib/python3.10/dist-packages/aim_interfaces-0.0.0-py3.10.egg-info/PKG-INFO
-- Up-to-date: /home/oife/d2lros2/visual_learning/the final/install/aim_interfaces/local/lib/python3.10/dist-packages/aim_interfaces
-- Installing: /home/oife/d2lros2/visual_learning/the final/install/aim_interfaces/local/lib/python3.10/dist-packages/aim_interfaces/__init__.py
-- Up-to-date: /home/oife/d2lros2/visual_learning/the final/install/aim_interfaces/local/lib/python3.10/dist-packages/aim_interfaces/_aim_interfaces_s.ep.rosidl_typesupport_introspection_c.c
-- Up-to-date: /home/oife/d2lros2/visual_learning/the final/install/aim_interfaces/local/lib/python3.10/dist-packages/aim_interfaces/aim_interfaces_s__rosidl_typesupport_c.cpython-310-x86_64-linux-gnu.so
-- Up-to-date: /home/oife/d2lros2/visual_learning/the final/install/aim_interfaces/local/lib/python3.10/dist-packages/aim_interfaces/_aim_interfaces_s.ep.rosidl_typesupport_fastrtps_c.c
-- Up-to-date: /home/oife/d2lros2/visual_learning/the final/install/aim_interfaces/local/lib/python3.10/dist-packages/aim_interfaces/msg
-- Up-to-date: /home/oife/d2lros2/visual_learning/the final/install/aim_interfaces/local/lib/python3.10/dist-packages/aim_interfaces/msg/__init__.py
-- Up-to-date: /home/oife/d2lros2/visual_learning/the final/install/aim_interfaces/local/lib/python3.10/dist-packages/aim_interfaces/msg/_aim_info.py
-- Up-to-date: /home/oife/d2lros2/visual_learning/the final/install/aim_interfaces/local/lib/python3.10/dist-packages/aim_interfaces/msg/_aim_info_s.c
-- Up-to-date: /home/oife/d2lros2/visual_learning/the final/install/aim_interfaces/local/lib/python3.10/dist-packages/aim_interfaces/_aim_interfaces_s.ep.rosidl_typesupport_c.c
-- Up-to-date: /home/oife/d2lros2/visual_learning/the final/install/aim_interfaces/local/lib/python3.10/dist-packages/aim_interfaces/aim_interfaces_s__rosidl_typesupport_fastrtps_c.cpython-310-x86_64-linux-gnu.so
-- Up-to-date: /home/oife/d2lros2/visual_learning/the final/install/aim_interfaces/local/lib/python3.10/dist-packages/aim_interfaces/aim_interfaces_s__rosidl_typesupport_introspection_c.cpython-310-x86_64-linux-gnu.so
-- Up-to-date: /home/oife/d2lros2/visual_learning/the final/install/aim_interfaces/local/lib/python3.10/dist-packages/aim_interfaces/libaim_interfaces__rosidl_generator_py.so
Listing '/home/oife/d2lros2/visual_learning/the final/install/aim_interfaces/local/lib/python3.10/dist-packages/aim_interfaces'...
Compiling '/home/oife/d2lros2/visual_learning/the final/install/aim_interfaces/local/lib/python3.10/dist-packages/aim_interfaces/__init__.py'...
Listing '/home/oife/d2lros2/visual_learning/the final/install/aim_interfaces/local/lib/python3.10/dist-packages/aim_interfaces/msg'...
-- Up-to-date: /home/oife/d2lros2/visual_learning/the final/install/aim_interfaces/local/lib/python3.10/dist-packages/aim_interfaces/aim_interfaces_s__rosidl_typesupport_fastrtps_c.cpython-310-x86_64-linux-gnu.so
-- Up-to-date: /home/oife/d2lros2/visual_learning/the final/install/aim_interfaces/local/lib/python3.10/dist-packages/aim_interfaces/aim_interfaces_s__rosidl_typesupport_introspection_c.cpython-310-x86_64-linux-gnu.so
-- Up-to-date: /home/oife/d2lros2/visual_learning/the final/install/aim_interfaces/local/lib/python3.10/dist-packages/aim_interfaces/aim_interfaces_s__rosidl_typesupport_c.cpython-310-x86_64-linux-gnu.so
-- Up-to-date: /home/oife/d2lros2/visual_learning/the final/install/aim_interfaces/lib/libaim_interfaces__rosidl_generator_py.so
-- Up-to-date: /home/oife/d2lros2/visual_learning/the final/install/aim_interfaces/share/aim_interfaces/msg/AimInfo.idl
-- Up-to-date: /home/oife/d2lros2/visual_learning/the final/install/aim_interfaces/share/aim_interfaces/msg/AimInfo.msg
-- Up-to-date: /home/oife/d2lros2/visual_learning/the final/install/aim_interfaces/include
-- Up-to-date: /home/oife/d2lros2/visual_learning/the final/install/aim_interfaces/include/aim_interfaces
-- Up-to-date: /home/oife/d2lros2/visual_learning/the final/install/aim_interfaces/share/aim_interfaces/package.xml
-- Up-to-date: /home/oife/d2lros2/visual_learning/the final/install/aim_interfaces/share/ament_index/resource_index/package_run_dependencies/aim_interfaces
-- Up-to-date: /home/oife/d2lros2/visual_learning/the final/install/aim_interfaces/share/ament_index/resource_index/parent_prefix_path/aim_interfaces
-- Up-to-date: /home/oife/d2lros2/visual_learning/the final/install/aim_interfaces/share/aim_interfaces/environment/ament_prefix_path.sh
-- Installing: /home/oife/d2lros2/visual_learning/the final/install/aim_interfaces/share/aim_interfaces/environment/ament_prefix_path.dsv
-- Up-to-date: /home/oife/d2lros2/visual_learning/the final/install/aim_interfaces/share/aim_interfaces/environment/path.sh
-- Installing: /home/oife/d2lros2/visual_learning/the final/install/aim_interfaces/share/aim_interfaces/environment/path.dsv
-- Up-to-date: /home/oife/d2lros2/visual_learning/the final/install/aim_interfaces/share/aim_interfaces/local_setup.bash
-- Up-to-date: /home/oife/d2lros2/visual_learning/the final/install/aim_interfaces/share/aim_interfaces/local_setup.sh
-- Up-to-date: /home/oife/d2lros2/visual_learning/the final/install/aim_interfaces/share/aim_interfaces/local_setup.zsh
-- Installing: /home/oife/d2lros2/visual_learning/the final/install/aim_interfaces/share/aim_interfaces/local_setup.dsv
-- Installing: /home/oife/d2lros2/visual_learning/the final/install/aim_interfaces/share/aim_interfaces/package.dsv
-- Up-to-date: /home/oife/d2lros2/visual_learning/the final/install/aim_interfaces/share/ament_index/resource_index/packages/aim_interfaces
-- Up-to-date: /home/oife/d2lros2/visual_learning/the final/install/aim_interfaces/share/aim_interfaces/cmake/export_aim_interfaces__rosidl_generator_cExport.cmake
-- Up-to-date: /home/oife/d2lros2/visual_learning/the final/install/aim_interfaces/share/aim_interfaces/cmake/export_aim_interfaces__rosidl_generator_cExport-noconfig.cmake
-- Up-to-date: /home/oife/d2lros2/visual_learning/the final/install/aim_interfaces/share/aim_interfaces/cmake/export_aim_interfaces__rosidl_typesupport_fastrtps_cExport.cmake
-- Up-to-date: /home/oife/d2lros2/visual_learning/the final/install/aim_interfaces/share/aim_interfaces/cmake/export_aim_interfaces__rosidl_typesupport_fastrtps_cExport-noconfig.cmake
-- Up-to-date: /home/oife/d2lros2/visual_learning/the final/install/aim_interfaces/share/aim_interfaces/cmake/aim_interfaces__rosidl_typesupport_introspection_cExport.cmake
-- Up-to-date: /home/oife/d2lros2/visual_learning/the final/install/aim_interfaces/share/aim_interfaces/cmake/aim_interfaces__rosidl_typesupport_introspection_cExport-noconfig.cmake
-- Up-to-date: /home/oife/d2lros2/visual_learning/the final/install/aim_interfaces/share/aim_interfaces/cmake/aim_interfaces__rosidl_typesupport_cExport.cmake
-- Up-to-date: /home/oife/d2lros2/visual_learning/the final/install/aim_interfaces/share/aim_interfaces/cmake/aim_interfaces__rosidl_typesupport_cExport-noconfig.cmake
-- Up-to-date: /home/oife/d2lros2/visual_learning/the final/install/aim_interfaces/share/aim_interfaces/cmake/export_aim_interfaces__rosidl_generator_cppExport.cmake
-- Up-to-date: /home/oife/d2lros2/visual_learning/the final/install/aim_interfaces/share/aim_interfaces/cmake/export_aim_interfaces__rosidl_typesupport_fastrtps_cppExport.cmake
-- Up-to-date: /home/oife/d2lros2/visual_learning/the final/install/aim_interfaces/share/aim_interfaces/cmake/export_aim_interfaces__rosidl_typesupport_fastrtps_cppExport-noconfig.cmake
-- Up-to-date: /home/oife/d2lros2/visual_learning/the final/install/aim_interfaces/share/aim_interfaces/cmake/aim_interfaces__rosidl_typesupport_introspection_cppExport.cmake
-- Up-to-date: /home/oife/d2lros2/visual_learning/the final/install/aim_interfaces/share/aim_interfaces/cmake/aim_interfaces__rosidl_typesupport_introspection_cppExport-noconfig.cmake
-- Up-to-date: /home/oife/d2lros2/visual_learning/the final/install/aim_interfaces/share/aim_interfaces/cmake/aim_interfaces__rosidl_typesupport_cppExport.cmake
-- Up-to-date: /home/oife/d2lros2/visual_learning/the final/install/aim_interfaces/share/aim_interfaces/cmake/aim_interfaces__rosidl_typesupport_cppExport-noconfig.cmake
-- Up-to-date: /home/oife/d2lros2/visual_learning/the final/install/aim_interfaces/share/aim_interfaces/cmake/export_aim_interfaces__rosidl_generator_pyExport.cmake
-- Up-to-date: /home/oife/d2lros2/visual_learning/the final/install/aim_interfaces/share/aim_interfaces/cmake/export_aim_interfaces__rosidl_generator_pyExport-noconfig.cmake
-- Up-to-date: /home/oife/d2lros2/visual_learning/the final/install/aim_interfaces/share/aim_interfaces/cmake/rosidl_cmake-extras.cmake
-- Up-to-date: /home/oife/d2lros2/visual_learning/the final/install/aim_interfaces/share/aim_interfaces/cmake/ament_cmake_export_include_directories-extras.cmake
-- Up-to-date: /home/oife/d2lros2/visual_learning/the final/install/aim_interfaces/share/aim_interfaces/cmake/ament_cmake_export_libraries-extras.cmake
-- Up-to-date: /home/oife/d2lros2/visual_learning/the final/install/aim_interfaces/share/aim_interfaces/cmake/ament_cmake_export_targets-extras.cmake
-- Up-to-date: /home/oife/d2lros2/visual_learning/the final/install/aim_interfaces/share/aim_interfaces/cmake/rosidl_cmake_export_typesupport_targets-extras.cmake
-- Up-to-date: /home/oife/d2lros2/visual_learning/the final/install/aim_interfaces/share/aim_interfaces/cmake/ament_cmake_export_dependencies-extras.cmake
-- Up-to-date: /home/oife/d2lros2/visual_learning/the final/install/aim_interfaces/share/aim_interfaces/cmake/rosidl_cmake_export_typesupport_libraries-extras.cmake
-- Up-to-date: /home/oife/d2lros2/visual_learning/the final/install/aim_interfaces/share/aim_interfaces/cmake/aim_interfacesConfig.cmake
-- Up-to-date: /home/oife/d2lros2/visual_learning/the final/install/aim_interfaces/share/aim_interfaces/cmake/aim_interfacesConfig-version.cmake
-- Up-to-date: /home/oife/d2lros2/visual_learning/the final/install/aim_interfaces/share/aim_interfaces/package.xml
