[0.009s] Invoking command in '/home/oife/d2lros2/visual_learning/the final/build/aim_interfaces': CMAKE_PREFIX_PATH=${CMAKE_PREFIX_PATH}:/opt/ros/humble /usr/bin/cmake --build /home/oife/d2lros2/visual_learning/the final/build/aim_interfaces -- -j4 -l4
[0.031s] -- Found ament_cmake: 1.3.12 (/opt/ros/humble/share/ament_cmake/cmake)
[0.103s] -- Found rosidl_default_generators: 1.2.0 (/opt/ros/humble/share/rosidl_default_generators/cmake)
[0.104s] -- Using all available rosidl_typesupport_c: rosidl_typesupport_fastrtps_c;rosidl_typesupport_introspection_c
[0.105s] -- Found rosidl_adapter: 3.1.7 (/opt/ros/humble/share/rosidl_adapter/cmake)
[0.122s] -- Using all available rosidl_typesupport_cpp: rosidl_typesupport_fastrtps_cpp;rosidl_typesupport_introspection_cpp
[0.134s] -- Found rosidl_default_runtime: 1.2.0 (/opt/ros/humble/share/rosidl_default_runtime/cmake)
[0.134s] -- Found ament_lint_auto: 0.12.14 (/opt/ros/humble/share/ament_lint_auto/cmake)
[0.271s] -- Found ament_cmake_ros: 0.10.0 (/opt/ros/humble/share/ament_cmake_ros/cmake)
[0.372s] -- Using all available rosidl_typesupport_c: rosidl_typesupport_fastrtps_c;rosidl_typesupport_introspection_c
[0.508s] -- Using all available rosidl_typesupport_cpp: rosidl_typesupport_fastrtps_cpp;rosidl_typesupport_introspection_cpp
[0.519s] -- Found python_cmake_module: 0.10.0 (/opt/ros/humble/share/python_cmake_module/cmake)
[0.533s] -- Using PYTHON_EXECUTABLE: /usr/bin/python3
[0.533s] -- Using PYTHON_INCLUDE_DIRS: /usr/include/python3.10
[0.533s] -- Using PYTHON_LIBRARIES: /usr/lib/x86_64-linux-gnu/libpython3.10.so
[0.540s] -- Added test 'lint_cmake' to check CMake code style
[0.541s] -- Added test 'xmllint' to check XML markup files
[0.542s] -- Configuring done
[0.562s] -- Generating done
[0.568s] -- Build files have been written to: /home/oife/d2lros2/visual_learning/the final/build/aim_interfaces
[0.598s] [35m[1mConsolidate compiler generated dependencies of target aim_interfaces__rosidl_generator_c[0m
[0.607s] [  3%] Built target aim_interfaces__cpp
[0.614s] [ 12%] Built target aim_interfaces__rosidl_generator_c
[0.626s] [ 12%] Built target ament_cmake_python_copy_aim_interfaces
[0.626s] [35m[1mConsolidate compiler generated dependencies of target aim_interfaces__rosidl_typesupport_introspection_cpp[0m
[0.626s] [35m[1mConsolidate compiler generated dependencies of target aim_interfaces__rosidl_typesupport_cpp[0m
[0.629s] [35m[1mConsolidate compiler generated dependencies of target aim_interfaces__rosidl_typesupport_fastrtps_cpp[0m
[0.631s] [35m[1mConsolidate compiler generated dependencies of target aim_interfaces__rosidl_typesupport_fastrtps_c[0m
[0.640s] [ 22%] Built target aim_interfaces__rosidl_typesupport_cpp
[0.640s] [ 32%] Built target aim_interfaces__rosidl_typesupport_fastrtps_cpp
[0.643s] [ 41%] Built target aim_interfaces__rosidl_typesupport_introspection_cpp
[0.649s] [35m[1mConsolidate compiler generated dependencies of target aim_interfaces__rosidl_typesupport_introspection_c[0m
[0.649s] [ 51%] Built target aim_interfaces__rosidl_typesupport_fastrtps_c
[0.651s] [35m[1mConsolidate compiler generated dependencies of target aim_interfaces__rosidl_typesupport_c[0m
[0.661s] [ 61%] Built target aim_interfaces__rosidl_typesupport_c
[0.662s] [ 70%] Built target aim_interfaces__rosidl_typesupport_introspection_c
[0.680s] [ 70%] Built target aim_interfaces
[0.697s] [ 74%] Built target aim_interfaces__py
[0.706s] [35m[1mConsolidate compiler generated dependencies of target aim_interfaces__rosidl_generator_py[0m
[0.716s] [ 80%] Built target aim_interfaces__rosidl_generator_py
[0.729s] [35m[1mConsolidate compiler generated dependencies of target aim_interfaces__rosidl_typesupport_fastrtps_c__pyext[0m
[0.731s] [35m[1mConsolidate compiler generated dependencies of target aim_interfaces__rosidl_typesupport_introspection_c__pyext[0m
[0.732s] [35m[1mConsolidate compiler generated dependencies of target aim_interfaces__rosidl_typesupport_c__pyext[0m
[0.743s] [ 87%] Built target aim_interfaces__rosidl_typesupport_fastrtps_c__pyext
[0.744s] [ 93%] Built target aim_interfaces__rosidl_typesupport_c__pyext
[0.746s] [100%] Built target aim_interfaces__rosidl_typesupport_introspection_c__pyext
[0.776s] running egg_info
[0.776s] writing aim_interfaces.egg-info/PKG-INFO
[0.776s] writing dependency_links to aim_interfaces.egg-info/dependency_links.txt
[0.776s] writing top-level names to aim_interfaces.egg-info/top_level.txt
[0.777s] reading manifest file 'aim_interfaces.egg-info/SOURCES.txt'
[0.778s] writing manifest file 'aim_interfaces.egg-info/SOURCES.txt'
[0.794s] [100%] Built target ament_cmake_python_build_aim_interfaces_egg
[0.803s] Invoked command in '/home/oife/d2lros2/visual_learning/the final/build/aim_interfaces' returned '0': CMAKE_PREFIX_PATH=${CMAKE_PREFIX_PATH}:/opt/ros/humble /usr/bin/cmake --build /home/oife/d2lros2/visual_learning/the final/build/aim_interfaces -- -j4 -l4
[0.810s] Invoking command in '/home/oife/d2lros2/visual_learning/the final/build/aim_interfaces': CMAKE_PREFIX_PATH=${CMAKE_PREFIX_PATH}:/opt/ros/humble /usr/bin/cmake --install /home/oife/d2lros2/visual_learning/the final/build/aim_interfaces
[0.816s] -- Install configuration: ""
[0.816s] -- Up-to-date: /home/oife/d2lros2/visual_learning/the final/install/aim_interfaces/share/ament_index/resource_index/rosidl_interfaces/aim_interfaces
[0.816s] -- Up-to-date: /home/oife/d2lros2/visual_learning/the final/install/aim_interfaces/include/aim_interfaces/aim_interfaces
[0.816s] -- Up-to-date: /home/oife/d2lros2/visual_learning/the final/install/aim_interfaces/include/aim_interfaces/aim_interfaces/msg
[0.816s] -- Up-to-date: /home/oife/d2lros2/visual_learning/the final/install/aim_interfaces/include/aim_interfaces/aim_interfaces/msg/rosidl_generator_c__visibility_control.h
[0.816s] -- Up-to-date: /home/oife/d2lros2/visual_learning/the final/install/aim_interfaces/include/aim_interfaces/aim_interfaces/msg/aim_info.h
[0.817s] -- Up-to-date: /home/oife/d2lros2/visual_learning/the final/install/aim_interfaces/include/aim_interfaces/aim_interfaces/msg/detail
[0.817s] -- Up-to-date: /home/oife/d2lros2/visual_learning/the final/install/aim_interfaces/include/aim_interfaces/aim_interfaces/msg/detail/aim_info__functions.c
[0.817s] -- Up-to-date: /home/oife/d2lros2/visual_learning/the final/install/aim_interfaces/include/aim_interfaces/aim_interfaces/msg/detail/aim_info__functions.h
[0.817s] -- Up-to-date: /home/oife/d2lros2/visual_learning/the final/install/aim_interfaces/include/aim_interfaces/aim_interfaces/msg/detail/aim_info__struct.h
[0.817s] -- Up-to-date: /home/oife/d2lros2/visual_learning/the final/install/aim_interfaces/include/aim_interfaces/aim_interfaces/msg/detail/aim_info__type_support.h
[0.817s] -- Up-to-date: /home/oife/d2lros2/visual_learning/the final/install/aim_interfaces/share/aim_interfaces/environment/library_path.sh
[0.817s] -- Installing: /home/oife/d2lros2/visual_learning/the final/install/aim_interfaces/share/aim_interfaces/environment/library_path.dsv
[0.817s] -- Up-to-date: /home/oife/d2lros2/visual_learning/the final/install/aim_interfaces/lib/libaim_interfaces__rosidl_generator_c.so
[0.817s] -- Up-to-date: /home/oife/d2lros2/visual_learning/the final/install/aim_interfaces/include/aim_interfaces/aim_interfaces
[0.817s] -- Up-to-date: /home/oife/d2lros2/visual_learning/the final/install/aim_interfaces/include/aim_interfaces/aim_interfaces/msg
[0.817s] -- Up-to-date: /home/oife/d2lros2/visual_learning/the final/install/aim_interfaces/include/aim_interfaces/aim_interfaces/msg/rosidl_typesupport_fastrtps_c__visibility_control.h
[0.817s] -- Up-to-date: /home/oife/d2lros2/visual_learning/the final/install/aim_interfaces/include/aim_interfaces/aim_interfaces/msg/detail
[0.817s] -- Up-to-date: /home/oife/d2lros2/visual_learning/the final/install/aim_interfaces/include/aim_interfaces/aim_interfaces/msg/detail/aim_info__rosidl_typesupport_fastrtps_c.h
[0.817s] -- Up-to-date: /home/oife/d2lros2/visual_learning/the final/install/aim_interfaces/lib/libaim_interfaces__rosidl_typesupport_fastrtps_c.so
[0.817s] -- Up-to-date: /home/oife/d2lros2/visual_learning/the final/install/aim_interfaces/include/aim_interfaces/aim_interfaces
[0.817s] -- Up-to-date: /home/oife/d2lros2/visual_learning/the final/install/aim_interfaces/include/aim_interfaces/aim_interfaces/msg
[0.818s] -- Up-to-date: /home/oife/d2lros2/visual_learning/the final/install/aim_interfaces/include/aim_interfaces/aim_interfaces/msg/rosidl_typesupport_introspection_c__visibility_control.h
[0.818s] -- Up-to-date: /home/oife/d2lros2/visual_learning/the final/install/aim_interfaces/include/aim_interfaces/aim_interfaces/msg/detail
[0.818s] -- Up-to-date: /home/oife/d2lros2/visual_learning/the final/install/aim_interfaces/include/aim_interfaces/aim_interfaces/msg/detail/aim_info__type_support.c
[0.818s] -- Up-to-date: /home/oife/d2lros2/visual_learning/the final/install/aim_interfaces/include/aim_interfaces/aim_interfaces/msg/detail/aim_info__rosidl_typesupport_introspection_c.h
[0.821s] -- Up-to-date: /home/oife/d2lros2/visual_learning/the final/install/aim_interfaces/lib/libaim_interfaces__rosidl_typesupport_introspection_c.so
[0.821s] -- Up-to-date: /home/oife/d2lros2/visual_learning/the final/install/aim_interfaces/lib/libaim_interfaces__rosidl_typesupport_c.so
[0.821s] -- Up-to-date: /home/oife/d2lros2/visual_learning/the final/install/aim_interfaces/include/aim_interfaces/aim_interfaces
[0.821s] -- Up-to-date: /home/oife/d2lros2/visual_learning/the final/install/aim_interfaces/include/aim_interfaces/aim_interfaces/msg
[0.821s] -- Up-to-date: /home/oife/d2lros2/visual_learning/the final/install/aim_interfaces/include/aim_interfaces/aim_interfaces/msg/rosidl_generator_cpp__visibility_control.hpp
[0.821s] -- Up-to-date: /home/oife/d2lros2/visual_learning/the final/install/aim_interfaces/include/aim_interfaces/aim_interfaces/msg/aim_info.hpp
[0.821s] -- Up-to-date: /home/oife/d2lros2/visual_learning/the final/install/aim_interfaces/include/aim_interfaces/aim_interfaces/msg/detail
[0.821s] -- Up-to-date: /home/oife/d2lros2/visual_learning/the final/install/aim_interfaces/include/aim_interfaces/aim_interfaces/msg/detail/aim_info__builder.hpp
[0.821s] -- Up-to-date: /home/oife/d2lros2/visual_learning/the final/install/aim_interfaces/include/aim_interfaces/aim_interfaces/msg/detail/aim_info__traits.hpp
[0.821s] -- Up-to-date: /home/oife/d2lros2/visual_learning/the final/install/aim_interfaces/include/aim_interfaces/aim_interfaces/msg/detail/aim_info__type_support.hpp
[0.821s] -- Up-to-date: /home/oife/d2lros2/visual_learning/the final/install/aim_interfaces/include/aim_interfaces/aim_interfaces/msg/detail/aim_info__struct.hpp
[0.821s] -- Up-to-date: /home/oife/d2lros2/visual_learning/the final/install/aim_interfaces/include/aim_interfaces/aim_interfaces
[0.821s] -- Up-to-date: /home/oife/d2lros2/visual_learning/the final/install/aim_interfaces/include/aim_interfaces/aim_interfaces/msg
[0.821s] -- Up-to-date: /home/oife/d2lros2/visual_learning/the final/install/aim_interfaces/include/aim_interfaces/aim_interfaces/msg/detail
[0.821s] -- Up-to-date: /home/oife/d2lros2/visual_learning/the final/install/aim_interfaces/include/aim_interfaces/aim_interfaces/msg/detail/aim_info__rosidl_typesupport_fastrtps_cpp.hpp
[0.822s] -- Up-to-date: /home/oife/d2lros2/visual_learning/the final/install/aim_interfaces/include/aim_interfaces/aim_interfaces/msg/detail/dds_fastrtps
[0.822s] -- Up-to-date: /home/oife/d2lros2/visual_learning/the final/install/aim_interfaces/include/aim_interfaces/aim_interfaces/msg/rosidl_typesupport_fastrtps_cpp__visibility_control.h
[0.822s] -- Up-to-date: /home/oife/d2lros2/visual_learning/the final/install/aim_interfaces/lib/libaim_interfaces__rosidl_typesupport_fastrtps_cpp.so
[0.822s] -- Up-to-date: /home/oife/d2lros2/visual_learning/the final/install/aim_interfaces/include/aim_interfaces/aim_interfaces
[0.822s] -- Up-to-date: /home/oife/d2lros2/visual_learning/the final/install/aim_interfaces/include/aim_interfaces/aim_interfaces/msg
[0.822s] -- Up-to-date: /home/oife/d2lros2/visual_learning/the final/install/aim_interfaces/include/aim_interfaces/aim_interfaces/msg/detail
[0.822s] -- Up-to-date: /home/oife/d2lros2/visual_learning/the final/install/aim_interfaces/include/aim_interfaces/aim_interfaces/msg/detail/aim_info__rosidl_typesupport_introspection_cpp.hpp
[0.822s] -- Up-to-date: /home/oife/d2lros2/visual_learning/the final/install/aim_interfaces/include/aim_interfaces/aim_interfaces/msg/detail/aim_info__type_support.cpp
[0.822s] -- Up-to-date: /home/oife/d2lros2/visual_learning/the final/install/aim_interfaces/lib/libaim_interfaces__rosidl_typesupport_introspection_cpp.so
[0.822s] -- Up-to-date: /home/oife/d2lros2/visual_learning/the final/install/aim_interfaces/lib/libaim_interfaces__rosidl_typesupport_cpp.so
[0.822s] -- Up-to-date: /home/oife/d2lros2/visual_learning/the final/install/aim_interfaces/share/aim_interfaces/environment/pythonpath.sh
[0.822s] -- Installing: /home/oife/d2lros2/visual_learning/the final/install/aim_interfaces/share/aim_interfaces/environment/pythonpath.dsv
[0.822s] -- Up-to-date: /home/oife/d2lros2/visual_learning/the final/install/aim_interfaces/local/lib/python3.10/dist-packages/aim_interfaces-0.0.0-py3.10.egg-info
[0.822s] -- Installing: /home/oife/d2lros2/visual_learning/the final/install/aim_interfaces/local/lib/python3.10/dist-packages/aim_interfaces-0.0.0-py3.10.egg-info/dependency_links.txt
[0.822s] -- Installing: /home/oife/d2lros2/visual_learning/the final/install/aim_interfaces/local/lib/python3.10/dist-packages/aim_interfaces-0.0.0-py3.10.egg-info/top_level.txt
[0.822s] -- Installing: /home/oife/d2lros2/visual_learning/the final/install/aim_interfaces/local/lib/python3.10/dist-packages/aim_interfaces-0.0.0-py3.10.egg-info/SOURCES.txt
[0.822s] -- Installing: /home/oife/d2lros2/visual_learning/the final/install/aim_interfaces/local/lib/python3.10/dist-packages/aim_interfaces-0.0.0-py3.10.egg-info/PKG-INFO
[0.822s] -- Up-to-date: /home/oife/d2lros2/visual_learning/the final/install/aim_interfaces/local/lib/python3.10/dist-packages/aim_interfaces
[0.822s] -- Installing: /home/oife/d2lros2/visual_learning/the final/install/aim_interfaces/local/lib/python3.10/dist-packages/aim_interfaces/__init__.py
[0.822s] -- Up-to-date: /home/oife/d2lros2/visual_learning/the final/install/aim_interfaces/local/lib/python3.10/dist-packages/aim_interfaces/_aim_interfaces_s.ep.rosidl_typesupport_introspection_c.c
[0.822s] -- Up-to-date: /home/oife/d2lros2/visual_learning/the final/install/aim_interfaces/local/lib/python3.10/dist-packages/aim_interfaces/aim_interfaces_s__rosidl_typesupport_c.cpython-310-x86_64-linux-gnu.so
[0.822s] -- Up-to-date: /home/oife/d2lros2/visual_learning/the final/install/aim_interfaces/local/lib/python3.10/dist-packages/aim_interfaces/_aim_interfaces_s.ep.rosidl_typesupport_fastrtps_c.c
[0.822s] -- Up-to-date: /home/oife/d2lros2/visual_learning/the final/install/aim_interfaces/local/lib/python3.10/dist-packages/aim_interfaces/msg
[0.822s] -- Up-to-date: /home/oife/d2lros2/visual_learning/the final/install/aim_interfaces/local/lib/python3.10/dist-packages/aim_interfaces/msg/__init__.py
[0.822s] -- Up-to-date: /home/oife/d2lros2/visual_learning/the final/install/aim_interfaces/local/lib/python3.10/dist-packages/aim_interfaces/msg/_aim_info.py
[0.822s] -- Up-to-date: /home/oife/d2lros2/visual_learning/the final/install/aim_interfaces/local/lib/python3.10/dist-packages/aim_interfaces/msg/_aim_info_s.c
[0.822s] -- Up-to-date: /home/oife/d2lros2/visual_learning/the final/install/aim_interfaces/local/lib/python3.10/dist-packages/aim_interfaces/_aim_interfaces_s.ep.rosidl_typesupport_c.c
[0.822s] -- Up-to-date: /home/oife/d2lros2/visual_learning/the final/install/aim_interfaces/local/lib/python3.10/dist-packages/aim_interfaces/aim_interfaces_s__rosidl_typesupport_fastrtps_c.cpython-310-x86_64-linux-gnu.so
[0.822s] -- Up-to-date: /home/oife/d2lros2/visual_learning/the final/install/aim_interfaces/local/lib/python3.10/dist-packages/aim_interfaces/aim_interfaces_s__rosidl_typesupport_introspection_c.cpython-310-x86_64-linux-gnu.so
[0.822s] -- Up-to-date: /home/oife/d2lros2/visual_learning/the final/install/aim_interfaces/local/lib/python3.10/dist-packages/aim_interfaces/libaim_interfaces__rosidl_generator_py.so
[0.839s] Listing '/home/oife/d2lros2/visual_learning/the final/install/aim_interfaces/local/lib/python3.10/dist-packages/aim_interfaces'...
[0.839s] Compiling '/home/oife/d2lros2/visual_learning/the final/install/aim_interfaces/local/lib/python3.10/dist-packages/aim_interfaces/__init__.py'...
[0.839s] Listing '/home/oife/d2lros2/visual_learning/the final/install/aim_interfaces/local/lib/python3.10/dist-packages/aim_interfaces/msg'...
[0.840s] -- Up-to-date: /home/oife/d2lros2/visual_learning/the final/install/aim_interfaces/local/lib/python3.10/dist-packages/aim_interfaces/aim_interfaces_s__rosidl_typesupport_fastrtps_c.cpython-310-x86_64-linux-gnu.so
[0.841s] -- Up-to-date: /home/oife/d2lros2/visual_learning/the final/install/aim_interfaces/local/lib/python3.10/dist-packages/aim_interfaces/aim_interfaces_s__rosidl_typesupport_introspection_c.cpython-310-x86_64-linux-gnu.so
[0.841s] -- Up-to-date: /home/oife/d2lros2/visual_learning/the final/install/aim_interfaces/local/lib/python3.10/dist-packages/aim_interfaces/aim_interfaces_s__rosidl_typesupport_c.cpython-310-x86_64-linux-gnu.so
[0.841s] -- Up-to-date: /home/oife/d2lros2/visual_learning/the final/install/aim_interfaces/lib/libaim_interfaces__rosidl_generator_py.so
[0.841s] -- Up-to-date: /home/oife/d2lros2/visual_learning/the final/install/aim_interfaces/share/aim_interfaces/msg/AimInfo.idl
[0.841s] -- Up-to-date: /home/oife/d2lros2/visual_learning/the final/install/aim_interfaces/share/aim_interfaces/msg/AimInfo.msg
[0.841s] -- Up-to-date: /home/oife/d2lros2/visual_learning/the final/install/aim_interfaces/include
[0.841s] -- Up-to-date: /home/oife/d2lros2/visual_learning/the final/install/aim_interfaces/include/aim_interfaces
[0.841s] -- Up-to-date: /home/oife/d2lros2/visual_learning/the final/install/aim_interfaces/share/aim_interfaces/package.xml
[0.841s] -- Up-to-date: /home/oife/d2lros2/visual_learning/the final/install/aim_interfaces/share/ament_index/resource_index/package_run_dependencies/aim_interfaces
[0.841s] -- Up-to-date: /home/oife/d2lros2/visual_learning/the final/install/aim_interfaces/share/ament_index/resource_index/parent_prefix_path/aim_interfaces
[0.841s] -- Up-to-date: /home/oife/d2lros2/visual_learning/the final/install/aim_interfaces/share/aim_interfaces/environment/ament_prefix_path.sh
[0.841s] -- Installing: /home/oife/d2lros2/visual_learning/the final/install/aim_interfaces/share/aim_interfaces/environment/ament_prefix_path.dsv
[0.841s] -- Up-to-date: /home/oife/d2lros2/visual_learning/the final/install/aim_interfaces/share/aim_interfaces/environment/path.sh
[0.841s] -- Installing: /home/oife/d2lros2/visual_learning/the final/install/aim_interfaces/share/aim_interfaces/environment/path.dsv
[0.841s] -- Up-to-date: /home/oife/d2lros2/visual_learning/the final/install/aim_interfaces/share/aim_interfaces/local_setup.bash
[0.841s] -- Up-to-date: /home/oife/d2lros2/visual_learning/the final/install/aim_interfaces/share/aim_interfaces/local_setup.sh
[0.841s] -- Up-to-date: /home/oife/d2lros2/visual_learning/the final/install/aim_interfaces/share/aim_interfaces/local_setup.zsh
[0.841s] -- Installing: /home/oife/d2lros2/visual_learning/the final/install/aim_interfaces/share/aim_interfaces/local_setup.dsv
[0.841s] -- Installing: /home/oife/d2lros2/visual_learning/the final/install/aim_interfaces/share/aim_interfaces/package.dsv
[0.842s] -- Up-to-date: /home/oife/d2lros2/visual_learning/the final/install/aim_interfaces/share/ament_index/resource_index/packages/aim_interfaces
[0.842s] -- Up-to-date: /home/oife/d2lros2/visual_learning/the final/install/aim_interfaces/share/aim_interfaces/cmake/export_aim_interfaces__rosidl_generator_cExport.cmake
[0.842s] -- Up-to-date: /home/oife/d2lros2/visual_learning/the final/install/aim_interfaces/share/aim_interfaces/cmake/export_aim_interfaces__rosidl_generator_cExport-noconfig.cmake
[0.842s] -- Up-to-date: /home/oife/d2lros2/visual_learning/the final/install/aim_interfaces/share/aim_interfaces/cmake/export_aim_interfaces__rosidl_typesupport_fastrtps_cExport.cmake
[0.842s] -- Up-to-date: /home/oife/d2lros2/visual_learning/the final/install/aim_interfaces/share/aim_interfaces/cmake/export_aim_interfaces__rosidl_typesupport_fastrtps_cExport-noconfig.cmake
[0.842s] -- Up-to-date: /home/oife/d2lros2/visual_learning/the final/install/aim_interfaces/share/aim_interfaces/cmake/aim_interfaces__rosidl_typesupport_introspection_cExport.cmake
[0.842s] -- Up-to-date: /home/oife/d2lros2/visual_learning/the final/install/aim_interfaces/share/aim_interfaces/cmake/aim_interfaces__rosidl_typesupport_introspection_cExport-noconfig.cmake
[0.842s] -- Up-to-date: /home/oife/d2lros2/visual_learning/the final/install/aim_interfaces/share/aim_interfaces/cmake/aim_interfaces__rosidl_typesupport_cExport.cmake
[0.842s] -- Up-to-date: /home/oife/d2lros2/visual_learning/the final/install/aim_interfaces/share/aim_interfaces/cmake/aim_interfaces__rosidl_typesupport_cExport-noconfig.cmake
[0.842s] -- Up-to-date: /home/oife/d2lros2/visual_learning/the final/install/aim_interfaces/share/aim_interfaces/cmake/export_aim_interfaces__rosidl_generator_cppExport.cmake
[0.842s] -- Up-to-date: /home/oife/d2lros2/visual_learning/the final/install/aim_interfaces/share/aim_interfaces/cmake/export_aim_interfaces__rosidl_typesupport_fastrtps_cppExport.cmake
[0.842s] -- Up-to-date: /home/oife/d2lros2/visual_learning/the final/install/aim_interfaces/share/aim_interfaces/cmake/export_aim_interfaces__rosidl_typesupport_fastrtps_cppExport-noconfig.cmake
[0.842s] -- Up-to-date: /home/oife/d2lros2/visual_learning/the final/install/aim_interfaces/share/aim_interfaces/cmake/aim_interfaces__rosidl_typesupport_introspection_cppExport.cmake
[0.842s] -- Up-to-date: /home/oife/d2lros2/visual_learning/the final/install/aim_interfaces/share/aim_interfaces/cmake/aim_interfaces__rosidl_typesupport_introspection_cppExport-noconfig.cmake
[0.842s] -- Up-to-date: /home/oife/d2lros2/visual_learning/the final/install/aim_interfaces/share/aim_interfaces/cmake/aim_interfaces__rosidl_typesupport_cppExport.cmake
[0.842s] -- Up-to-date: /home/oife/d2lros2/visual_learning/the final/install/aim_interfaces/share/aim_interfaces/cmake/aim_interfaces__rosidl_typesupport_cppExport-noconfig.cmake
[0.842s] -- Up-to-date: /home/oife/d2lros2/visual_learning/the final/install/aim_interfaces/share/aim_interfaces/cmake/export_aim_interfaces__rosidl_generator_pyExport.cmake
[0.842s] -- Up-to-date: /home/oife/d2lros2/visual_learning/the final/install/aim_interfaces/share/aim_interfaces/cmake/export_aim_interfaces__rosidl_generator_pyExport-noconfig.cmake
[0.842s] -- Up-to-date: /home/oife/d2lros2/visual_learning/the final/install/aim_interfaces/share/aim_interfaces/cmake/rosidl_cmake-extras.cmake
[0.842s] -- Up-to-date: /home/oife/d2lros2/visual_learning/the final/install/aim_interfaces/share/aim_interfaces/cmake/ament_cmake_export_include_directories-extras.cmake
[0.842s] -- Up-to-date: /home/oife/d2lros2/visual_learning/the final/install/aim_interfaces/share/aim_interfaces/cmake/ament_cmake_export_libraries-extras.cmake
[0.842s] -- Up-to-date: /home/oife/d2lros2/visual_learning/the final/install/aim_interfaces/share/aim_interfaces/cmake/ament_cmake_export_targets-extras.cmake
[0.842s] -- Up-to-date: /home/oife/d2lros2/visual_learning/the final/install/aim_interfaces/share/aim_interfaces/cmake/rosidl_cmake_export_typesupport_targets-extras.cmake
[0.842s] -- Up-to-date: /home/oife/d2lros2/visual_learning/the final/install/aim_interfaces/share/aim_interfaces/cmake/ament_cmake_export_dependencies-extras.cmake
[0.842s] -- Up-to-date: /home/oife/d2lros2/visual_learning/the final/install/aim_interfaces/share/aim_interfaces/cmake/rosidl_cmake_export_typesupport_libraries-extras.cmake
[0.842s] -- Up-to-date: /home/oife/d2lros2/visual_learning/the final/install/aim_interfaces/share/aim_interfaces/cmake/aim_interfacesConfig.cmake
[0.842s] -- Up-to-date: /home/oife/d2lros2/visual_learning/the final/install/aim_interfaces/share/aim_interfaces/cmake/aim_interfacesConfig-version.cmake
[0.842s] -- Up-to-date: /home/oife/d2lros2/visual_learning/the final/install/aim_interfaces/share/aim_interfaces/package.xml
[0.844s] Invoked command in '/home/oife/d2lros2/visual_learning/the final/build/aim_interfaces' returned '0': CMAKE_PREFIX_PATH=${CMAKE_PREFIX_PATH}:/opt/ros/humble /usr/bin/cmake --install /home/oife/d2lros2/visual_learning/the final/build/aim_interfaces
