In file included from [01m[K/opt/ros/humble/include/rclcpp/rclcpp/logging.hpp:24[m[K,
                 from [01m[K/opt/ros/humble/include/rclcpp/rclcpp/client.hpp:40[m[K,
                 from [01m[K/opt/ros/humble/include/rclcpp/rclcpp/callback_group.hpp:24[m[K,
                 from [01m[K/opt/ros/humble/include/rclcpp/rclcpp/any_executable.hpp:20[m[K,
                 from [01m[K/opt/ros/humble/include/rclcpp/rclcpp/memory_strategy.hpp:25[m[K,
                 from [01m[K/opt/ros/humble/include/rclcpp/rclcpp/memory_strategies.hpp:18[m[K,
                 from [01m[K/opt/ros/humble/include/rclcpp/rclcpp/executor_options.hpp:20[m[K,
                 from [01m[K/opt/ros/humble/include/rclcpp/rclcpp/executor.hpp:37[m[K,
                 from [01m[K/opt/ros/humble/include/rclcpp/rclcpp/executors/multi_threaded_executor.hpp:25[m[K,
                 from [01m[K/opt/ros/humble/include/rclcpp/rclcpp/executors.hpp:21[m[K,
                 from [01m[K/opt/ros/humble/include/rclcpp/rclcpp/rclcpp.hpp:155[m[K,
                 from [01m[K/home/oife/d2lros2/visual_learning/the final/src/final/src/final.cpp:1[m[K:
[01m[K/home/oife/d2lros2/visual_learning/the final/src/final/src/final.cpp:[m[K In member function ‘[01m[Kbool Final::process_image(cv::Mat, aim_interfaces::msg::AimInfo&)[m[K’:
[01m[K/home/oife/d2lros2/visual_learning/the final/src/final/src/final.cpp:168:41:[m[K [01;35m[Kwarning: [m[Kformat ‘[01m[K%d[m[K’ expects argument of type ‘[01m[Kint[m[K’, but argument 5 has type ‘[01m[Kstd::vector<Final::LightBar>::size_type[m[K’ {aka ‘[01m[Klong unsigned int[m[K’} [[01;35m[K]8;;https://gcc.gnu.org/onlinedocs/gcc/Warning-Options.html#index-Wformat=-Wformat=]8;;[m[K]
  168 |         RCLCPP_INFO(this->get_logger(), [01;35m[K"lightbars' size is %d"[m[K,[32m[Klight_bars.size()[m[K);
      |                                         [01;35m[K^~~~~~~~~~~~~~~~~~~~~~~[m[K [32m[K~~~~~~~~~~~~~~~~~[m[K
      |                                                                                [32m[K|[m[K
      |                                                                                [32m[Kstd::vector<Final::LightBar>::size_type {aka long unsigned int}[m[K
[01m[K/home/oife/d2lros2/visual_learning/the final/src/final/src/final.cpp:168:62:[m[K [01;36m[Knote: [m[Kformat string is defined here
  168 |         RCLCPP_INFO(this->get_logger(), "lightbars' size is [01;36m[K%d[m[K",light_bars.size());
      |                                                             [01;36m[K~^[m[K
      |                                                              [01;36m[K|[m[K
      |                                                              [01;36m[Kint[m[K
      |                                                             [32m[K%ld[m[K
[01m[K/home/oife/d2lros2/visual_learning/the final/src/final/src/final.cpp:182:27:[m[K [01;35m[Kwarning: [m[Kunused variable ‘[01m[Kcenter_dist[m[K’ [[01;35m[K]8;;https://gcc.gnu.org/onlinedocs/gcc/Warning-Options.html#index-Wunused-variable-Wunused-variable]8;;[m[K]
  182 |                     float [01;35m[Kcenter_dist[m[K = cv::norm(l1.center - l2.center);
      |                           [01;35m[K^~~~~~~~~~~[m[K
/usr/bin/ld: warning: libopencv_imgcodecs.so.4.5d, needed by /opt/ros/humble/lib/libcv_bridge.so, may conflict with libopencv_imgcodecs.so.413
/usr/bin/ld: warning: libopencv_core.so.4.5d, needed by /opt/ros/humble/lib/libcv_bridge.so, may conflict with libopencv_core.so.413
/usr/bin/ld: warning: libopencv_imgcodecs.so.4.5d, needed by /opt/ros/humble/lib/libcv_bridge.so, may conflict with libopencv_imgcodecs.so.413
/usr/bin/ld: warning: libopencv_imgproc.so.4.5d, needed by /opt/ros/humble/lib/libcv_bridge.so, may conflict with libopencv_imgproc.so.413
/usr/bin/ld: warning: libopencv_core.so.4.5d, needed by /opt/ros/humble/lib/libcv_bridge.so, may conflict with libopencv_core.so.413
