-- The C compiler identification is GNU 11.4.0
-- The CXX compiler identification is GNU 11.4.0
-- Detecting C compiler ABI info
-- Detecting C compiler ABI info - done
-- Check for working C compiler: /usr/bin/cc - skipped
-- Detecting C compile features
-- Detecting C compile features - done
-- Detecting CXX compiler ABI info
-- Detecting CXX compiler ABI info - done
-- Check for working CXX compiler: /usr/bin/c++ - skipped
-- Detecting CXX compile features
-- Detecting CXX compile features - done
-- Found ament_cmake: 1.3.12 (/opt/ros/humble/share/ament_cmake/cmake)
-- Found Python3: /usr/bin/python3 (found version "3.10.12") found components: Interpreter 
-- Found rclcpp: 16.0.15 (/opt/ros/humble/share/rclcpp/cmake)
-- Found rosidl_generator_c: 3.1.7 (/opt/ros/humble/share/rosidl_generator_c/cmake)
-- Found rosidl_adapter: 3.1.7 (/opt/ros/humble/share/rosidl_adapter/cmake)
-- Found rosidl_generator_cpp: 3.1.7 (/opt/ros/humble/share/rosidl_generator_cpp/cmake)
-- Using all available rosidl_typesupport_c: rosidl_typesupport_fastrtps_c;rosidl_typesupport_introspection_c
-- Using all available rosidl_typesupport_cpp: rosidl_typesupport_fastrtps_cpp;rosidl_typesupport_introspection_cpp
-- Found rmw_implementation_cmake: 6.1.2 (/opt/ros/humble/share/rmw_implementation_cmake/cmake)
-- Found rmw_fastrtps_cpp: 6.2.9 (/opt/ros/humble/share/rmw_fastrtps_cpp/cmake)
-- Found OpenSSL: /usr/lib/x86_64-linux-gnu/libcrypto.so (found version "3.0.2")  
-- Found FastRTPS: /opt/ros/humble/include  
-- Using RMW implementation 'rmw_fastrtps_cpp' as default
-- Looking for pthread.h
-- Looking for pthread.h - found
-- Performing Test CMAKE_HAVE_LIBC_PTHREAD
-- Performing Test CMAKE_HAVE_LIBC_PTHREAD - Success
-- Found Threads: TRUE  
-- Found OpenCV: /usr/local (found version "4.13.0") 
-- Found sensor_msgs: 4.9.0 (/opt/ros/humble/share/sensor_msgs/cmake)
-- Found cv_bridge: 3.2.1 (/opt/ros/humble/share/cv_bridge/cmake)
-- Found aim_interfaces: 0.0.0 (/home/oife/d2lros2/visual_learning/the final/install/aim_interfaces/share/aim_interfaces/cmake)
-- Found ament_lint_auto: 0.12.14 (/opt/ros/humble/share/ament_lint_auto/cmake)
-- Added test 'cppcheck' to perform static code analysis on C / C++ code
-- Configured cppcheck include dirs: 
-- Configured cppcheck exclude dirs and/or files: 
-- Added test 'lint_cmake' to check CMake code style
-- Added test 'uncrustify' to check C / C++ code style
-- Configured uncrustify additional arguments: 
-- Added test 'xmllint' to check XML markup files
-- Configuring done
-- Generating done
-- Build files have been written to: /home/oife/d2lros2/visual_learning/the final/build/final
[ 25%] [32mBuilding CXX object CMakeFiles/final.dir/src/final.cpp.o[0m
[ 50%] [32mBuilding CXX object CMakeFiles/testnode.dir/src/testnode.cpp.o[0m
In file included from [01m[K/opt/ros/humble/include/rclcpp/rclcpp/logging.hpp:24[m[K,
                 from [01m[K/opt/ros/humble/include/rclcpp/rclcpp/client.hpp:40[m[K,
                 from [01m[K/opt/ros/humble/include/rclcpp/rclcpp/callback_group.hpp:24[m[K,
                 from [01m[K/opt/ros/humble/include/rclcpp/rclcpp/any_executable.hpp:20[m[K,
                 from [01m[K/opt/ros/humble/include/rclcpp/rclcpp/memory_strategy.hpp:25[m[K,
                 from [01m[K/opt/ros/humble/include/rclcpp/rclcpp/memory_strategies.hpp:18[m[K,
                 from [01m[K/opt/ros/humble/include/rclcpp/rclcpp/executor_options.hpp:20[m[K,
                 from [01m[K/opt/ros/humble/include/rclcpp/rclcpp/executor.hpp:37[m[K,
                 from [01m[K/opt/ros/humble/include/rclcpp/rclcpp/executors/multi_threaded_executor.hpp:25[m[K,
                 from [01m[K/opt/ros/humble/include/rclcpp/rclcpp/executors.hpp:21[m[K,
                 from [01m[K/opt/ros/humble/include/rclcpp/rclcpp/rclcpp.hpp:155[m[K,
                 from [01m[K/home/oife/d2lros2/visual_learning/the final/src/final/src/final.cpp:1[m[K:
[01m[K/home/oife/d2lros2/visual_learning/the final/src/final/src/final.cpp:[m[K In member function ‘[01m[Kbool Final::process_image(cv::Mat, aim_interfaces::msg::AimInfo&)[m[K’:
[01m[K/home/oife/d2lros2/visual_learning/the final/src/final/src/final.cpp:168:41:[m[K [01;35m[Kwarning: [m[Kformat ‘[01m[K%d[m[K’ expects argument of type ‘[01m[Kint[m[K’, but argument 5 has type ‘[01m[Kstd::vector<Final::LightBar>::size_type[m[K’ {aka ‘[01m[Klong unsigned int[m[K’} [[01;35m[K]8;;https://gcc.gnu.org/onlinedocs/gcc/Warning-Options.html#index-Wformat=-Wformat=]8;;[m[K]
  168 |         RCLCPP_INFO(this->get_logger(), [01;35m[K"lightbars' size is %d"[m[K,[32m[Klight_bars.size()[m[K);
      |                                         [01;35m[K^~~~~~~~~~~~~~~~~~~~~~~[m[K [32m[K~~~~~~~~~~~~~~~~~[m[K
      |                                                                                [32m[K|[m[K
      |                                                                                [32m[Kstd::vector<Final::LightBar>::size_type {aka long unsigned int}[m[K
[01m[K/home/oife/d2lros2/visual_learning/the final/src/final/src/final.cpp:168:62:[m[K [01;36m[Knote: [m[Kformat string is defined here
  168 |         RCLCPP_INFO(this->get_logger(), "lightbars' size is [01;36m[K%d[m[K",light_bars.size());
      |                                                             [01;36m[K~^[m[K
      |                                                              [01;36m[K|[m[K
      |                                                              [01;36m[Kint[m[K
      |                                                             [32m[K%ld[m[K
[01m[K/home/oife/d2lros2/visual_learning/the final/src/final/src/final.cpp:182:27:[m[K [01;35m[Kwarning: [m[Kunused variable ‘[01m[Kcenter_dist[m[K’ [[01;35m[K]8;;https://gcc.gnu.org/onlinedocs/gcc/Warning-Options.html#index-Wunused-variable-Wunused-variable]8;;[m[K]
  182 |                     float [01;35m[Kcenter_dist[m[K = cv::norm(l1.center - l2.center);
      |                           [01;35m[K^~~~~~~~~~~[m[K
[ 75%] [32m[1mLinking CXX executable testnode[0m
/usr/bin/ld: warning: libopencv_imgcodecs.so.4.5d, needed by /opt/ros/humble/lib/libcv_bridge.so, may conflict with libopencv_imgcodecs.so.413
/usr/bin/ld: warning: libopencv_core.so.4.5d, needed by /opt/ros/humble/lib/libcv_bridge.so, may conflict with libopencv_core.so.413
[ 75%] Built target testnode
[100%] [32m[1mLinking CXX executable final[0m
/usr/bin/ld: warning: libopencv_imgcodecs.so.4.5d, needed by /opt/ros/humble/lib/libcv_bridge.so, may conflict with libopencv_imgcodecs.so.413
/usr/bin/ld: warning: libopencv_imgproc.so.4.5d, needed by /opt/ros/humble/lib/libcv_bridge.so, may conflict with libopencv_imgproc.so.413
/usr/bin/ld: warning: libopencv_core.so.4.5d, needed by /opt/ros/humble/lib/libcv_bridge.so, may conflict with libopencv_core.so.413
[100%] Built target final
-- Install configuration: ""
-- Installing: /home/oife/d2lros2/visual_learning/the final/install/final/lib/final/final
-- Set runtime path of "/home/oife/d2lros2/visual_learning/the final/install/final/lib/final/final" to ""
-- Installing: /home/oife/d2lros2/visual_learning/the final/install/final/lib/final/testnode
-- Set runtime path of "/home/oife/d2lros2/visual_learning/the final/install/final/lib/final/testnode" to ""
-- Installing: /home/oife/d2lros2/visual_learning/the final/install/final/share/final/srcimmage/image
-- Installing: /home/oife/d2lros2/visual_learning/the final/install/final/share/final/srcimmage/image/image.png
-- Installing: /home/oife/d2lros2/visual_learning/the final/install/final/share/ament_index/resource_index/package_run_dependencies/final
-- Installing: /home/oife/d2lros2/visual_learning/the final/install/final/share/ament_index/resource_index/parent_prefix_path/final
-- Installing: /home/oife/d2lros2/visual_learning/the final/install/final/share/final/environment/ament_prefix_path.sh
-- Installing: /home/oife/d2lros2/visual_learning/the final/install/final/share/final/environment/ament_prefix_path.dsv
-- Installing: /home/oife/d2lros2/visual_learning/the final/install/final/share/final/environment/path.sh
-- Installing: /home/oife/d2lros2/visual_learning/the final/install/final/share/final/environment/path.dsv
-- Installing: /home/oife/d2lros2/visual_learning/the final/install/final/share/final/local_setup.bash
-- Installing: /home/oife/d2lros2/visual_learning/the final/install/final/share/final/local_setup.sh
-- Installing: /home/oife/d2lros2/visual_learning/the final/install/final/share/final/local_setup.zsh
-- Installing: /home/oife/d2lros2/visual_learning/the final/install/final/share/final/local_setup.dsv
-- Installing: /home/oife/d2lros2/visual_learning/the final/install/final/share/final/package.dsv
-- Installing: /home/oife/d2lros2/visual_learning/the final/install/final/share/ament_index/resource_index/packages/final
-- Installing: /home/oife/d2lros2/visual_learning/the final/install/final/share/final/cmake/finalConfig.cmake
-- Installing: /home/oife/d2lros2/visual_learning/the final/install/final/share/final/cmake/finalConfig-version.cmake
-- Installing: /home/oife/d2lros2/visual_learning/the final/install/final/share/final/package.xml
