[0.007s] Invoking command in '/home/oife/d2lros2/visual_learning/the final/build/final': CMAKE_PREFIX_PATH=/home/oife/d2lros2/visual_learning/the final/install/aim_interfaces:/home/oife/d2lros2/visual_learning/the final/install/final:/opt/ros/humble /usr/bin/cmake /home/oife/d2lros2/visual_learning/the final/src/final -DCMAKE_INSTALL_PREFIX=/home/oife/d2lros2/visual_learning/the final/install/final
[0.049s] -- The C compiler identification is GNU 11.4.0
[0.083s] -- The CXX compiler identification is GNU 11.4.0
[0.088s] -- Detecting C compiler ABI info
[0.140s] -- Detecting C compiler ABI info - done
[0.143s] -- Check for working C compiler: /usr/bin/cc - skipped
[0.144s] -- Detecting C compile features
[0.144s] -- Detecting C compile features - done
[0.145s] -- Detecting CXX compiler ABI info
[0.206s] -- Detecting CXX compiler ABI info - done
[0.209s] -- Check for working CXX compiler: /usr/bin/c++ - skipped
[0.209s] -- Detecting CXX compile features
[0.209s] -- Detecting CXX compile features - done
[0.210s] -- Found ament_cmake: 1.3.12 (/opt/ros/humble/share/ament_cmake/cmake)
[0.297s] -- Found Python3: /usr/bin/python3 (found version "3.10.12") found components: Interpreter 
[0.345s] -- Found rclcpp: 16.0.15 (/opt/ros/humble/share/rclcpp/cmake)
[0.364s] -- Found rosidl_generator_c: 3.1.7 (/opt/ros/humble/share/rosidl_generator_c/cmake)
[0.365s] -- Found rosidl_adapter: 3.1.7 (/opt/ros/humble/share/rosidl_adapter/cmake)
[0.370s] -- Found rosidl_generator_cpp: 3.1.7 (/opt/ros/humble/share/rosidl_generator_cpp/cmake)
[0.375s] -- Using all available rosidl_typesupport_c: rosidl_typesupport_fastrtps_c;rosidl_typesupport_introspection_c
[0.383s] -- Using all available rosidl_typesupport_cpp: rosidl_typesupport_fastrtps_cpp;rosidl_typesupport_introspection_cpp
[0.402s] -- Found rmw_implementation_cmake: 6.1.2 (/opt/ros/humble/share/rmw_implementation_cmake/cmake)
[0.403s] -- Found rmw_fastrtps_cpp: 6.2.9 (/opt/ros/humble/share/rmw_fastrtps_cpp/cmake)
[0.459s] -- Found OpenSSL: /usr/lib/x86_64-linux-gnu/libcrypto.so (found version "3.0.2")  
[0.474s] -- Found FastRTPS: /opt/ros/humble/include  
[0.495s] -- Using RMW implementation 'rmw_fastrtps_cpp' as default
[0.499s] -- Looking for pthread.h
[0.554s] -- Looking for pthread.h - found
[0.554s] -- Performing Test CMAKE_HAVE_LIBC_PTHREAD
[0.608s] -- Performing Test CMAKE_HAVE_LIBC_PTHREAD - Success
[0.609s] -- Found Threads: TRUE  
[0.635s] -- Found OpenCV: /usr/local (found version "4.13.0") 
[0.636s] -- Found sensor_msgs: 4.9.0 (/opt/ros/humble/share/sensor_msgs/cmake)
[0.650s] -- Found cv_bridge: 3.2.1 (/opt/ros/humble/share/cv_bridge/cmake)
[0.651s] -- Found aim_interfaces: 0.0.0 (/home/oife/d2lros2/visual_learning/the final/install/aim_interfaces/share/aim_interfaces/cmake)
[0.656s] -- Found ament_lint_auto: 0.12.14 (/opt/ros/humble/share/ament_lint_auto/cmake)
[0.698s] -- Added test 'cppcheck' to perform static code analysis on C / C++ code
[0.698s] -- Configured cppcheck include dirs: 
[0.698s] -- Configured cppcheck exclude dirs and/or files: 
[0.699s] -- Added test 'lint_cmake' to check CMake code style
[0.699s] -- Added test 'uncrustify' to check C / C++ code style
[0.699s] -- Configured uncrustify additional arguments: 
[0.699s] -- Added test 'xmllint' to check XML markup files
[0.700s] -- Configuring done
[0.719s] -- Generating done
[0.723s] -- Build files have been written to: /home/oife/d2lros2/visual_learning/the final/build/final
[0.730s] Invoked command in '/home/oife/d2lros2/visual_learning/the final/build/final' returned '0': CMAKE_PREFIX_PATH=/home/oife/d2lros2/visual_learning/the final/install/aim_interfaces:/home/oife/d2lros2/visual_learning/the final/install/final:/opt/ros/humble /usr/bin/cmake /home/oife/d2lros2/visual_learning/the final/src/final -DCMAKE_INSTALL_PREFIX=/home/oife/d2lros2/visual_learning/the final/install/final
[0.731s] Invoking command in '/home/oife/d2lros2/visual_learning/the final/build/final': CMAKE_PREFIX_PATH=/home/oife/d2lros2/visual_learning/the final/install/aim_interfaces:/home/oife/d2lros2/visual_learning/the final/install/final:/opt/ros/humble /usr/bin/cmake --build /home/oife/d2lros2/visual_learning/the final/build/final -- -j4 -l4
[0.777s] [ 25%] [32mBuilding CXX object CMakeFiles/final.dir/src/final.cpp.o[0m
[0.778s] [ 50%] [32mBuilding CXX object CMakeFiles/testnode.dir/src/testnode.cpp.o[0m
[2.541s] In file included from [01m[K/opt/ros/humble/include/rclcpp/rclcpp/logging.hpp:24[m[K,
[2.541s]                  from [01m[K/opt/ros/humble/include/rclcpp/rclcpp/client.hpp:40[m[K,
[2.541s]                  from [01m[K/opt/ros/humble/include/rclcpp/rclcpp/callback_group.hpp:24[m[K,
[2.541s]                  from [01m[K/opt/ros/humble/include/rclcpp/rclcpp/any_executable.hpp:20[m[K,
[2.541s]                  from [01m[K/opt/ros/humble/include/rclcpp/rclcpp/memory_strategy.hpp:25[m[K,
[2.541s]                  from [01m[K/opt/ros/humble/include/rclcpp/rclcpp/memory_strategies.hpp:18[m[K,
[2.541s]                  from [01m[K/opt/ros/humble/include/rclcpp/rclcpp/executor_options.hpp:20[m[K,
[2.541s]                  from [01m[K/opt/ros/humble/include/rclcpp/rclcpp/executor.hpp:37[m[K,
[2.541s]                  from [01m[K/opt/ros/humble/include/rclcpp/rclcpp/executors/multi_threaded_executor.hpp:25[m[K,
[2.541s]                  from [01m[K/opt/ros/humble/include/rclcpp/rclcpp/executors.hpp:21[m[K,
[2.541s]                  from [01m[K/opt/ros/humble/include/rclcpp/rclcpp/rclcpp.hpp:155[m[K,
[2.541s]                  from [01m[K/home/oife/d2lros2/visual_learning/the final/src/final/src/final.cpp:1[m[K:
[2.541s] [01m[K/home/oife/d2lros2/visual_learning/the final/src/final/src/final.cpp:[m[K In member function ‘[01m[Kbool Final::process_image(cv::Mat, aim_interfaces::msg::AimInfo&)[m[K’:
[2.541s] [01m[K/home/oife/d2lros2/visual_learning/the final/src/final/src/final.cpp:168:41:[m[K [01;35m[Kwarning: [m[Kformat ‘[01m[K%d[m[K’ expects argument of type ‘[01m[Kint[m[K’, but argument 5 has type ‘[01m[Kstd::vector<Final::LightBar>::size_type[m[K’ {aka ‘[01m[Klong unsigned int[m[K’} [[01;35m[K]8;;https://gcc.gnu.org/onlinedocs/gcc/Warning-Options.html#index-Wformat=-Wformat=]8;;[m[K]
[2.541s]   168 |         RCLCPP_INFO(this->get_logger(), [01;35m[K"lightbars' size is %d"[m[K,[32m[Klight_bars.size()[m[K);
[2.541s]       |                                         [01;35m[K^~~~~~~~~~~~~~~~~~~~~~~[m[K [32m[K~~~~~~~~~~~~~~~~~[m[K
[2.541s]       |                                                                                [32m[K|[m[K
[2.541s]       |                                                                                [32m[Kstd::vector<Final::LightBar>::size_type {aka long unsigned int}[m[K
[2.541s] [01m[K/home/oife/d2lros2/visual_learning/the final/src/final/src/final.cpp:168:62:[m[K [01;36m[Knote: [m[Kformat string is defined here
[2.541s]   168 |         RCLCPP_INFO(this->get_logger(), "lightbars' size is [01;36m[K%d[m[K",light_bars.size());
[2.541s]       |                                                             [01;36m[K~^[m[K
[2.541s]       |                                                              [01;36m[K|[m[K
[2.541s]       |                                                              [01;36m[Kint[m[K
[2.541s]       |                                                             [32m[K%ld[m[K
[2.545s] [01m[K/home/oife/d2lros2/visual_learning/the final/src/final/src/final.cpp:182:27:[m[K [01;35m[Kwarning: [m[Kunused variable ‘[01m[Kcenter_dist[m[K’ [[01;35m[K]8;;https://gcc.gnu.org/onlinedocs/gcc/Warning-Options.html#index-Wunused-variable-Wunused-variable]8;;[m[K]
[2.545s]   182 |                     float [01;35m[Kcenter_dist[m[K = cv::norm(l1.center - l2.center);
[2.545s]       |                           [01;35m[K^~~~~~~~~~~[m[K
[4.215s] [ 75%] [32m[1mLinking CXX executable testnode[0m
[4.313s] /usr/bin/ld: warning: libopencv_imgcodecs.so.4.5d, needed by /opt/ros/humble/lib/libcv_bridge.so, may conflict with libopencv_imgcodecs.so.413
[4.314s] /usr/bin/ld: warning: libopencv_core.so.4.5d, needed by /opt/ros/humble/lib/libcv_bridge.so, may conflict with libopencv_core.so.413
[4.495s] [ 75%] Built target testnode
[6.184s] [100%] [32m[1mLinking CXX executable final[0m
[6.400s] /usr/bin/ld: warning: libopencv_imgcodecs.so.4.5d, needed by /opt/ros/humble/lib/libcv_bridge.so, may conflict with libopencv_imgcodecs.so.413
[6.401s] /usr/bin/ld: warning: libopencv_imgproc.so.4.5d, needed by /opt/ros/humble/lib/libcv_bridge.so, may conflict with libopencv_imgproc.so.413
[6.401s] /usr/bin/ld: warning: libopencv_core.so.4.5d, needed by /opt/ros/humble/lib/libcv_bridge.so, may conflict with libopencv_core.so.413
[6.656s] [100%] Built target final
[6.668s] Invoked command in '/home/oife/d2lros2/visual_learning/the final/build/final' returned '0': CMAKE_PREFIX_PATH=/home/oife/d2lros2/visual_learning/the final/install/aim_interfaces:/home/oife/d2lros2/visual_learning/the final/install/final:/opt/ros/humble /usr/bin/cmake --build /home/oife/d2lros2/visual_learning/the final/build/final -- -j4 -l4
[6.671s] Invoking command in '/home/oife/d2lros2/visual_learning/the final/build/final': CMAKE_PREFIX_PATH=/home/oife/d2lros2/visual_learning/the final/install/aim_interfaces:/home/oife/d2lros2/visual_learning/the final/install/final:/opt/ros/humble /usr/bin/cmake --install /home/oife/d2lros2/visual_learning/the final/build/final
[6.673s] -- Install configuration: ""
[6.674s] -- Installing: /home/oife/d2lros2/visual_learning/the final/install/final/lib/final/final
[6.676s] -- Set runtime path of "/home/oife/d2lros2/visual_learning/the final/install/final/lib/final/final" to ""
[6.677s] -- Installing: /home/oife/d2lros2/visual_learning/the final/install/final/lib/final/testnode
[6.678s] -- Set runtime path of "/home/oife/d2lros2/visual_learning/the final/install/final/lib/final/testnode" to ""
[6.678s] -- Installing: /home/oife/d2lros2/visual_learning/the final/install/final/share/final/srcimmage/image
[6.678s] -- Installing: /home/oife/d2lros2/visual_learning/the final/install/final/share/final/srcimmage/image/image.png
[6.679s] -- Installing: /home/oife/d2lros2/visual_learning/the final/install/final/share/ament_index/resource_index/package_run_dependencies/final
[6.679s] -- Installing: /home/oife/d2lros2/visual_learning/the final/install/final/share/ament_index/resource_index/parent_prefix_path/final
[6.679s] -- Installing: /home/oife/d2lros2/visual_learning/the final/install/final/share/final/environment/ament_prefix_path.sh
[6.679s] -- Installing: /home/oife/d2lros2/visual_learning/the final/install/final/share/final/environment/ament_prefix_path.dsv
[6.679s] -- Installing: /home/oife/d2lros2/visual_learning/the final/install/final/share/final/environment/path.sh
[6.679s] -- Installing: /home/oife/d2lros2/visual_learning/the final/install/final/share/final/environment/path.dsv
[6.679s] -- Installing: /home/oife/d2lros2/visual_learning/the final/install/final/share/final/local_setup.bash
[6.679s] -- Installing: /home/oife/d2lros2/visual_learning/the final/install/final/share/final/local_setup.sh
[6.679s] -- Installing: /home/oife/d2lros2/visual_learning/the final/install/final/share/final/local_setup.zsh
[6.679s] -- Installing: /home/oife/d2lros2/visual_learning/the final/install/final/share/final/local_setup.dsv
[6.679s] -- Installing: /home/oife/d2lros2/visual_learning/the final/install/final/share/final/package.dsv
[6.679s] -- Installing: /home/oife/d2lros2/visual_learning/the final/install/final/share/ament_index/resource_index/packages/final
[6.679s] -- Installing: /home/oife/d2lros2/visual_learning/the final/install/final/share/final/cmake/finalConfig.cmake
[6.679s] -- Installing: /home/oife/d2lros2/visual_learning/the final/install/final/share/final/cmake/finalConfig-version.cmake
[6.679s] -- Installing: /home/oife/d2lros2/visual_learning/the final/install/final/share/final/package.xml
[6.681s] Invoked command in '/home/oife/d2lros2/visual_learning/the final/build/final' returned '0': CMAKE_PREFIX_PATH=/home/oife/d2lros2/visual_learning/the final/install/aim_interfaces:/home/oife/d2lros2/visual_learning/the final/install/final:/opt/ros/humble /usr/bin/cmake --install /home/oife/d2lros2/visual_learning/the final/build/final
