[0.007s] Invoking command in '/home/oife/d2lros2/visual_learning/the final/build/final': CMAKE_PREFIX_PATH=/home/oife/d2lros2/visual_learning/the final/install/aim_interfaces:/home/oife/d2lros2/visual_learning/the final/install/final:/opt/ros/humble /usr/bin/cmake --build /home/oife/d2lros2/visual_learning/the final/build/final -- -j4 -l4
[0.037s] -- Found ament_cmake: 1.3.12 (/opt/ros/humble/share/ament_cmake/cmake)
[0.110s] -- Found rclcpp: 16.0.15 (/opt/ros/humble/share/rclcpp/cmake)
[0.124s] -- Found rosidl_generator_c: 3.1.7 (/opt/ros/humble/share/rosidl_generator_c/cmake)
[0.125s] -- Found rosidl_adapter: 3.1.7 (/opt/ros/humble/share/rosidl_adapter/cmake)
[0.128s] -- Found rosidl_generator_cpp: 3.1.7 (/opt/ros/humble/share/rosidl_generator_cpp/cmake)
[0.132s] -- Using all available rosidl_typesupport_c: rosidl_typesupport_fastrtps_c;rosidl_typesupport_introspection_c
[0.138s] -- Using all available rosidl_typesupport_cpp: rosidl_typesupport_fastrtps_cpp;rosidl_typesupport_introspection_cpp
[0.153s] -- Found rmw_implementation_cmake: 6.1.2 (/opt/ros/humble/share/rmw_implementation_cmake/cmake)
[0.153s] -- Found rmw_fastrtps_cpp: 6.2.9 (/opt/ros/humble/share/rmw_fastrtps_cpp/cmake)
[0.206s] -- Using RMW implementation 'rmw_fastrtps_cpp' as default
[0.232s] -- Found sensor_msgs: 4.9.0 (/opt/ros/humble/share/sensor_msgs/cmake)
[0.245s] -- Found cv_bridge: 3.2.1 (/opt/ros/humble/share/cv_bridge/cmake)
[0.247s] -- Found aim_interfaces: 0.0.0 (/home/oife/d2lros2/visual_learning/the final/install/aim_interfaces/share/aim_interfaces/cmake)
[0.251s] -- Found ament_lint_auto: 0.12.14 (/opt/ros/humble/share/ament_lint_auto/cmake)
[0.291s] -- Added test 'cppcheck' to perform static code analysis on C / C++ code
[0.291s] -- Configured cppcheck include dirs: 
[0.291s] -- Configured cppcheck exclude dirs and/or files: 
[0.291s] -- Added test 'lint_cmake' to check CMake code style
[0.292s] -- Added test 'uncrustify' to check C / C++ code style
[0.292s] -- Configured uncrustify additional arguments: 
[0.292s] -- Added test 'xmllint' to check XML markup files
[0.293s] -- Configuring done
[0.312s] -- Generating done
[0.316s] -- Build files have been written to: /home/oife/d2lros2/visual_learning/the final/build/final
[0.344s] [35m[1mConsolidate compiler generated dependencies of target final[0m
[0.346s] [35m[1mConsolidate compiler generated dependencies of target testnode[0m
[0.360s] [ 25%] [32mBuilding CXX object CMakeFiles/testnode.dir/src/testnode.cpp.o[0m
[0.361s] [ 75%] Built target final
[3.720s] [100%] [32m[1mLinking CXX executable testnode[0m
[3.816s] /usr/bin/ld: warning: libopencv_imgcodecs.so.4.5d, needed by /opt/ros/humble/lib/libcv_bridge.so, may conflict with libopencv_imgcodecs.so.413
[3.816s] /usr/bin/ld: warning: libopencv_core.so.4.5d, needed by /opt/ros/humble/lib/libcv_bridge.so, may conflict with libopencv_core.so.413
[3.992s] [100%] Built target testnode
[4.001s] Invoked command in '/home/oife/d2lros2/visual_learning/the final/build/final' returned '0': CMAKE_PREFIX_PATH=/home/oife/d2lros2/visual_learning/the final/install/aim_interfaces:/home/oife/d2lros2/visual_learning/the final/install/final:/opt/ros/humble /usr/bin/cmake --build /home/oife/d2lros2/visual_learning/the final/build/final -- -j4 -l4
[4.002s] Invoking command in '/home/oife/d2lros2/visual_learning/the final/build/final': CMAKE_PREFIX_PATH=/home/oife/d2lros2/visual_learning/the final/install/aim_interfaces:/home/oife/d2lros2/visual_learning/the final/install/final:/opt/ros/humble /usr/bin/cmake --install /home/oife/d2lros2/visual_learning/the final/build/final
[4.007s] -- Install configuration: ""
[4.007s] -- Up-to-date: /home/oife/d2lros2/visual_learning/the final/install/final/lib/final/final
[4.008s] -- Installing: /home/oife/d2lros2/visual_learning/the final/install/final/lib/final/testnode
[4.008s] -- Set runtime path of "/home/oife/d2lros2/visual_learning/the final/install/final/lib/final/testnode" to ""
[4.009s] -- Up-to-date: /home/oife/d2lros2/visual_learning/the final/install/final/share/final/srcimmage
[4.009s] -- Installing: /home/oife/d2lros2/visual_learning/the final/install/final/share/final/srcimmage/image.png
[4.009s] -- Up-to-date: /home/oife/d2lros2/visual_learning/the final/install/final/share/ament_index/resource_index/package_run_dependencies/final
[4.009s] -- Up-to-date: /home/oife/d2lros2/visual_learning/the final/install/final/share/ament_index/resource_index/parent_prefix_path/final
[4.009s] -- Up-to-date: /home/oife/d2lros2/visual_learning/the final/install/final/share/final/environment/ament_prefix_path.sh
[4.009s] -- Installing: /home/oife/d2lros2/visual_learning/the final/install/final/share/final/environment/ament_prefix_path.dsv
[4.009s] -- Up-to-date: /home/oife/d2lros2/visual_learning/the final/install/final/share/final/environment/path.sh
[4.010s] -- Installing: /home/oife/d2lros2/visual_learning/the final/install/final/share/final/environment/path.dsv
[4.010s] -- Up-to-date: /home/oife/d2lros2/visual_learning/the final/install/final/share/final/local_setup.bash
[4.010s] -- Up-to-date: /home/oife/d2lros2/visual_learning/the final/install/final/share/final/local_setup.sh
[4.010s] -- Up-to-date: /home/oife/d2lros2/visual_learning/the final/install/final/share/final/local_setup.zsh
[4.010s] -- Installing: /home/oife/d2lros2/visual_learning/the final/install/final/share/final/local_setup.dsv
[4.010s] -- Installing: /home/oife/d2lros2/visual_learning/the final/install/final/share/final/package.dsv
[4.010s] -- Up-to-date: /home/oife/d2lros2/visual_learning/the final/install/final/share/ament_index/resource_index/packages/final
[4.010s] -- Up-to-date: /home/oife/d2lros2/visual_learning/the final/install/final/share/final/cmake/finalConfig.cmake
[4.010s] -- Up-to-date: /home/oife/d2lros2/visual_learning/the final/install/final/share/final/cmake/finalConfig-version.cmake
[4.010s] -- Up-to-date: /home/oife/d2lros2/visual_learning/the final/install/final/share/final/package.xml
[4.011s] Invoked command in '/home/oife/d2lros2/visual_learning/the final/build/final' returned '0': CMAKE_PREFIX_PATH=/home/oife/d2lros2/visual_learning/the final/install/aim_interfaces:/home/oife/d2lros2/visual_learning/the final/install/final:/opt/ros/humble /usr/bin/cmake --install /home/oife/d2lros2/visual_learning/the final/build/final
