[0.051s] DEBUG:colcon:Command line arguments: ['/usr/bin/colcon', 'build', '--packages-select', 'c19']
[0.051s] DEBUG:colcon:Parsed command line arguments: Namespace(log_base=None, log_level=None, verb_name='build', build_base='build', install_base='install', merge_install=False, symlink_install=False, test_result_base=None, continue_on_error=False, executor='parallel', parallel_workers=4, event_handlers=None, ignore_user_meta=False, metas=['./colcon.meta'], base_paths=['.'], packages_ignore=None, packages_ignore_regex=None, paths=None, packages_up_to=None, packages_up_to_regex=None, packages_above=None, packages_above_and_dependencies=None, packages_above_depth=None, packages_select_by_dep=None, packages_skip_by_dep=None, packages_skip_up_to=None, packages_select_build_failed=False, packages_skip_build_finished=False, packages_select_test_failures=False, packages_skip_test_passed=False, packages_select=['c19'], packages_skip=None, packages_select_regex=None, packages_skip_regex=None, packages_start=None, packages_end=None, allow_overriding=[], cmake_args=None, cmake_target=None, cmake_target_skip_unavailable=False, cmake_clean_cache=False, cmake_clean_first=False, cmake_force_configure=False, ament_cmake_args=None, catkin_cmake_args=None, catkin_skip_building_tests=False, verb_parser=<colcon_defaults.argument_parser.defaults.DefaultArgumentsDecorator object at 0x7696d8eef6a0>, verb_extension=<colcon_core.verb.build.BuildVerb object at 0x7696d8eeed10>, main=<bound method BuildVerb.main of <colcon_core.verb.build.BuildVerb object at 0x7696d8eeed10>>)
[0.119s] Level 1:colcon.colcon_core.package_discovery:discover_packages(colcon_meta) check parameters
[0.119s] Level 1:colcon.colcon_core.package_discovery:discover_packages(recursive) check parameters
[0.119s] Level 1:colcon.colcon_core.package_discovery:discover_packages(ignore) check parameters
[0.119s] Level 1:colcon.colcon_core.package_discovery:discover_packages(path) check parameters
[0.119s] Level 1:colcon.colcon_core.package_discovery:discover_packages(colcon_meta) discover
[0.119s] Level 1:colcon.colcon_core.package_discovery:discover_packages(recursive) discover
[0.119s] INFO:colcon.colcon_core.package_discovery:Crawling recursively for packages in '/home/oife/d2lros2/visual_learning/class19-Ros2/ros_ws'
[0.119s] Level 1:colcon.colcon_core.package_identification:_identify(.) by extensions ['ignore', 'ignore_ament_install']
[0.119s] Level 1:colcon.colcon_core.package_identification:_identify(.) by extension 'ignore'
[0.119s] Level 1:colcon.colcon_core.package_identification:_identify(.) by extension 'ignore_ament_install'
[0.119s] Level 1:colcon.colcon_core.package_identification:_identify(.) by extensions ['colcon_pkg']
[0.119s] Level 1:colcon.colcon_core.package_identification:_identify(.) by extension 'colcon_pkg'
[0.119s] Level 1:colcon.colcon_core.package_identification:_identify(.) by extensions ['colcon_meta']
[0.119s] Level 1:colcon.colcon_core.package_identification:_identify(.) by extension 'colcon_meta'
[0.119s] Level 1:colcon.colcon_core.package_identification:_identify(.) by extensions ['ros']
[0.119s] Level 1:colcon.colcon_core.package_identification:_identify(.) by extension 'ros'
[0.125s] Level 1:colcon.colcon_core.package_identification:_identify(.) by extensions ['cmake', 'python']
[0.125s] Level 1:colcon.colcon_core.package_identification:_identify(.) by extension 'cmake'
[0.125s] Level 1:colcon.colcon_core.package_identification:_identify(.) by extension 'python'
[0.126s] Level 1:colcon.colcon_core.package_identification:_identify(.) by extensions ['python_setup_py']
[0.126s] Level 1:colcon.colcon_core.package_identification:_identify(.) by extension 'python_setup_py'
[0.126s] Level 1:colcon.colcon_core.package_identification:_identify(build) by extensions ['ignore', 'ignore_ament_install']
[0.126s] Level 1:colcon.colcon_core.package_identification:_identify(build) by extension 'ignore'
[0.126s] Level 1:colcon.colcon_core.package_identification:_identify(build) ignored
[0.126s] Level 1:colcon.colcon_core.package_identification:_identify(install) by extensions ['ignore', 'ignore_ament_install']
[0.126s] Level 1:colcon.colcon_core.package_identification:_identify(install) by extension 'ignore'
[0.126s] Level 1:colcon.colcon_core.package_identification:_identify(install) ignored
[0.126s] Level 1:colcon.colcon_core.package_identification:_identify(log) by extensions ['ignore', 'ignore_ament_install']
[0.126s] Level 1:colcon.colcon_core.package_identification:_identify(log) by extension 'ignore'
[0.126s] Level 1:colcon.colcon_core.package_identification:_identify(log) ignored
[0.126s] Level 1:colcon.colcon_core.package_identification:_identify(src) by extensions ['ignore', 'ignore_ament_install']
[0.126s] Level 1:colcon.colcon_core.package_identification:_identify(src) by extension 'ignore'
[0.126s] Level 1:colcon.colcon_core.package_identification:_identify(src) by extension 'ignore_ament_install'
[0.126s] Level 1:colcon.colcon_core.package_identification:_identify(src) by extensions ['colcon_pkg']
[0.126s] Level 1:colcon.colcon_core.package_identification:_identify(src) by extension 'colcon_pkg'
[0.126s] Level 1:colcon.colcon_core.package_identification:_identify(src) by extensions ['colcon_meta']
[0.126s] Level 1:colcon.colcon_core.package_identification:_identify(src) by extension 'colcon_meta'
[0.126s] Level 1:colcon.colcon_core.package_identification:_identify(src) by extensions ['ros']
[0.126s] Level 1:colcon.colcon_core.package_identification:_identify(src) by extension 'ros'
[0.126s] Level 1:colcon.colcon_core.package_identification:_identify(src) by extensions ['cmake', 'python']
[0.126s] Level 1:colcon.colcon_core.package_identification:_identify(src) by extension 'cmake'
[0.126s] Level 1:colcon.colcon_core.package_identification:_identify(src) by extension 'python'
[0.126s] Level 1:colcon.colcon_core.package_identification:_identify(src) by extensions ['python_setup_py']
[0.126s] Level 1:colcon.colcon_core.package_identification:_identify(src) by extension 'python_setup_py'
[0.126s] Level 1:colcon.colcon_core.package_identification:_identify(src/c19) by extensions ['ignore', 'ignore_ament_install']
[0.126s] Level 1:colcon.colcon_core.package_identification:_identify(src/c19) by extension 'ignore'
[0.126s] Level 1:colcon.colcon_core.package_identification:_identify(src/c19) by extension 'ignore_ament_install'
[0.126s] Level 1:colcon.colcon_core.package_identification:_identify(src/c19) by extensions ['colcon_pkg']
[0.126s] Level 1:colcon.colcon_core.package_identification:_identify(src/c19) by extension 'colcon_pkg'
[0.126s] Level 1:colcon.colcon_core.package_identification:_identify(src/c19) by extensions ['colcon_meta']
[0.126s] Level 1:colcon.colcon_core.package_identification:_identify(src/c19) by extension 'colcon_meta'
[0.126s] Level 1:colcon.colcon_core.package_identification:_identify(src/c19) by extensions ['ros']
[0.126s] Level 1:colcon.colcon_core.package_identification:_identify(src/c19) by extension 'ros'
[0.128s] DEBUG:colcon.colcon_core.package_identification:Package 'src/c19' with type 'ros.ament_cmake' and name 'c19'
[0.128s] Level 1:colcon.colcon_core.package_discovery:discover_packages(recursive) using defaults
[0.128s] Level 1:colcon.colcon_core.package_discovery:discover_packages(ignore) discover
[0.128s] Level 1:colcon.colcon_core.package_discovery:discover_packages(ignore) using defaults
[0.128s] Level 1:colcon.colcon_core.package_discovery:discover_packages(path) discover
[0.128s] Level 1:colcon.colcon_core.package_discovery:discover_packages(path) using defaults
[0.138s] Level 1:colcon.colcon_core.package_discovery:discover_packages(prefix_path) check parameters
[0.138s] Level 1:colcon.colcon_core.package_discovery:discover_packages(prefix_path) discover
[0.139s] DEBUG:colcon.colcon_installed_package_information.package_discovery:Found 1 installed packages in /home/oife/d2lros2/visual_learning/class19-Ros2/ros_ws/install
[0.139s] DEBUG:colcon.colcon_installed_package_information.package_discovery:Found 271 installed packages in /opt/ros/humble
[0.141s] Level 1:colcon.colcon_core.package_discovery:discover_packages(prefix_path) using defaults
[0.164s] Level 5:colcon.colcon_core.verb:set package 'c19' build argument 'cmake_args' from command line to 'None'
[0.164s] Level 5:colcon.colcon_core.verb:set package 'c19' build argument 'cmake_target' from command line to 'None'
[0.164s] Level 5:colcon.colcon_core.verb:set package 'c19' build argument 'cmake_target_skip_unavailable' from command line to 'False'
[0.164s] Level 5:colcon.colcon_core.verb:set package 'c19' build argument 'cmake_clean_cache' from command line to 'False'
[0.164s] Level 5:colcon.colcon_core.verb:set package 'c19' build argument 'cmake_clean_first' from command line to 'False'
[0.164s] Level 5:colcon.colcon_core.verb:set package 'c19' build argument 'cmake_force_configure' from command line to 'False'
[0.164s] Level 5:colcon.colcon_core.verb:set package 'c19' build argument 'ament_cmake_args' from command line to 'None'
[0.164s] Level 5:colcon.colcon_core.verb:set package 'c19' build argument 'catkin_cmake_args' from command line to 'None'
[0.164s] Level 5:colcon.colcon_core.verb:set package 'c19' build argument 'catkin_skip_building_tests' from command line to 'False'
[0.164s] DEBUG:colcon.colcon_core.verb:Building package 'c19' with the following arguments: {'ament_cmake_args': None, 'build_base': '/home/oife/d2lros2/visual_learning/class19-Ros2/ros_ws/build/c19', 'catkin_cmake_args': None, 'catkin_skip_building_tests': False, 'cmake_args': None, 'cmake_clean_cache': False, 'cmake_clean_first': False, 'cmake_force_configure': False, 'cmake_target': None, 'cmake_target_skip_unavailable': False, 'install_base': '/home/oife/d2lros2/visual_learning/class19-Ros2/ros_ws/install/c19', 'merge_install': False, 'path': '/home/oife/d2lros2/visual_learning/class19-Ros2/ros_ws/src/c19', 'symlink_install': False, 'test_result_base': None}
[0.164s] INFO:colcon.colcon_core.executor:Executing jobs using 'parallel' executor
[0.165s] DEBUG:colcon.colcon_parallel_executor.executor.parallel:run_until_complete
[0.165s] INFO:colcon.colcon_ros.task.ament_cmake.build:Building ROS package in '/home/oife/d2lros2/visual_learning/class19-Ros2/ros_ws/src/c19' with build type 'ament_cmake'
[0.165s] INFO:colcon.colcon_cmake.task.cmake.build:Building CMake package in '/home/oife/d2lros2/visual_learning/class19-Ros2/ros_ws/src/c19'
[0.166s] INFO:colcon.colcon_core.plugin_system:Skipping extension 'colcon_core.shell.bat': Not used on non-Windows systems
[0.166s] INFO:colcon.colcon_core.shell:Skip shell extension 'powershell' for command environment: Not usable outside of PowerShell
[0.166s] DEBUG:colcon.colcon_core.shell:Skip shell extension 'dsv' for command environment
[0.175s] DEBUG:colcon.colcon_core.event_handler.log_command:Invoking command in '/home/oife/d2lros2/visual_learning/class19-Ros2/ros_ws/build/c19': CMAKE_PREFIX_PATH=${CMAKE_PREFIX_PATH}:/opt/ros/humble /usr/bin/cmake --build /home/oife/d2lros2/visual_learning/class19-Ros2/ros_ws/build/c19 -- -j4 -l4
[3.805s] DEBUG:colcon.colcon_core.event_handler.log_command:Invoked command in '/home/oife/d2lros2/visual_learning/class19-Ros2/ros_ws/build/c19' returned '0': CMAKE_PREFIX_PATH=${CMAKE_PREFIX_PATH}:/opt/ros/humble /usr/bin/cmake --build /home/oife/d2lros2/visual_learning/class19-Ros2/ros_ws/build/c19 -- -j4 -l4
[3.814s] DEBUG:colcon.colcon_core.event_handler.log_command:Invoking command in '/home/oife/d2lros2/visual_learning/class19-Ros2/ros_ws/build/c19': CMAKE_PREFIX_PATH=${CMAKE_PREFIX_PATH}:/opt/ros/humble /usr/bin/cmake --install /home/oife/d2lros2/visual_learning/class19-Ros2/ros_ws/build/c19
[3.821s] Level 1:colcon.colcon_core.environment:create_environment_scripts_only(c19)
[3.821s] DEBUG:colcon.colcon_core.event_handler.log_command:Invoked command in '/home/oife/d2lros2/visual_learning/class19-Ros2/ros_ws/build/c19' returned '0': CMAKE_PREFIX_PATH=${CMAKE_PREFIX_PATH}:/opt/ros/humble /usr/bin/cmake --install /home/oife/d2lros2/visual_learning/class19-Ros2/ros_ws/build/c19
[3.822s] Level 1:colcon.colcon_core.environment:checking '/home/oife/d2lros2/visual_learning/class19-Ros2/ros_ws/install/c19' for CMake module files
[3.822s] Level 1:colcon.colcon_core.environment:checking '/home/oife/d2lros2/visual_learning/class19-Ros2/ros_ws/install/c19' for CMake config files
[3.822s] Level 1:colcon.colcon_core.shell:create_environment_hook('c19', 'cmake_prefix_path')
[3.822s] INFO:colcon.colcon_core.shell:Creating environment hook '/home/oife/d2lros2/visual_learning/class19-Ros2/ros_ws/install/c19/share/c19/hook/cmake_prefix_path.ps1'
[3.823s] INFO:colcon.colcon_core.shell:Creating environment descriptor '/home/oife/d2lros2/visual_learning/class19-Ros2/ros_ws/install/c19/share/c19/hook/cmake_prefix_path.dsv'
[3.823s] INFO:colcon.colcon_core.shell:Creating environment hook '/home/oife/d2lros2/visual_learning/class19-Ros2/ros_ws/install/c19/share/c19/hook/cmake_prefix_path.sh'
[3.824s] Level 1:colcon.colcon_core.environment:checking '/home/oife/d2lros2/visual_learning/class19-Ros2/ros_ws/install/c19/lib'
[3.824s] Level 1:colcon.colcon_core.environment:checking '/home/oife/d2lros2/visual_learning/class19-Ros2/ros_ws/install/c19/bin'
[3.824s] Level 1:colcon.colcon_core.environment:checking '/home/oife/d2lros2/visual_learning/class19-Ros2/ros_ws/install/c19/lib/pkgconfig/c19.pc'
[3.824s] Level 1:colcon.colcon_core.environment:checking '/home/oife/d2lros2/visual_learning/class19-Ros2/ros_ws/install/c19/lib/python3.10/site-packages'
[3.824s] Level 1:colcon.colcon_core.environment:checking '/home/oife/d2lros2/visual_learning/class19-Ros2/ros_ws/install/c19/bin'
[3.824s] INFO:colcon.colcon_core.shell:Creating package script '/home/oife/d2lros2/visual_learning/class19-Ros2/ros_ws/install/c19/share/c19/package.ps1'
[3.825s] INFO:colcon.colcon_core.shell:Creating package descriptor '/home/oife/d2lros2/visual_learning/class19-Ros2/ros_ws/install/c19/share/c19/package.dsv'
[3.825s] INFO:colcon.colcon_core.shell:Creating package script '/home/oife/d2lros2/visual_learning/class19-Ros2/ros_ws/install/c19/share/c19/package.sh'
[3.825s] INFO:colcon.colcon_core.shell:Creating package script '/home/oife/d2lros2/visual_learning/class19-Ros2/ros_ws/install/c19/share/c19/package.bash'
[3.826s] INFO:colcon.colcon_core.shell:Creating package script '/home/oife/d2lros2/visual_learning/class19-Ros2/ros_ws/install/c19/share/c19/package.zsh'
[3.826s] Level 1:colcon.colcon_core.environment:create_file_with_runtime_dependencies(/home/oife/d2lros2/visual_learning/class19-Ros2/ros_ws/install/c19/share/colcon-core/packages/c19)
[3.826s] Level 1:colcon.colcon_core.environment:create_environment_scripts_only(c19)
[3.827s] Level 1:colcon.colcon_core.environment:checking '/home/oife/d2lros2/visual_learning/class19-Ros2/ros_ws/install/c19' for CMake module files
[3.827s] Level 1:colcon.colcon_core.environment:checking '/home/oife/d2lros2/visual_learning/class19-Ros2/ros_ws/install/c19' for CMake config files
[3.827s] Level 1:colcon.colcon_core.shell:create_environment_hook('c19', 'cmake_prefix_path')
[3.827s] INFO:colcon.colcon_core.shell:Creating environment hook '/home/oife/d2lros2/visual_learning/class19-Ros2/ros_ws/install/c19/share/c19/hook/cmake_prefix_path.ps1'
[3.827s] INFO:colcon.colcon_core.shell:Creating environment descriptor '/home/oife/d2lros2/visual_learning/class19-Ros2/ros_ws/install/c19/share/c19/hook/cmake_prefix_path.dsv'
[3.827s] INFO:colcon.colcon_core.shell:Creating environment hook '/home/oife/d2lros2/visual_learning/class19-Ros2/ros_ws/install/c19/share/c19/hook/cmake_prefix_path.sh'
[3.828s] Level 1:colcon.colcon_core.environment:checking '/home/oife/d2lros2/visual_learning/class19-Ros2/ros_ws/install/c19/lib'
[3.828s] Level 1:colcon.colcon_core.environment:checking '/home/oife/d2lros2/visual_learning/class19-Ros2/ros_ws/install/c19/bin'
[3.828s] Level 1:colcon.colcon_core.environment:checking '/home/oife/d2lros2/visual_learning/class19-Ros2/ros_ws/install/c19/lib/pkgconfig/c19.pc'
[3.828s] Level 1:colcon.colcon_core.environment:checking '/home/oife/d2lros2/visual_learning/class19-Ros2/ros_ws/install/c19/lib/python3.10/site-packages'
[3.828s] Level 1:colcon.colcon_core.environment:checking '/home/oife/d2lros2/visual_learning/class19-Ros2/ros_ws/install/c19/bin'
[3.828s] INFO:colcon.colcon_core.shell:Creating package script '/home/oife/d2lros2/visual_learning/class19-Ros2/ros_ws/install/c19/share/c19/package.ps1'
[3.829s] INFO:colcon.colcon_core.shell:Creating package descriptor '/home/oife/d2lros2/visual_learning/class19-Ros2/ros_ws/install/c19/share/c19/package.dsv'
[3.829s] INFO:colcon.colcon_core.shell:Creating package script '/home/oife/d2lros2/visual_learning/class19-Ros2/ros_ws/install/c19/share/c19/package.sh'
[3.829s] INFO:colcon.colcon_core.shell:Creating package script '/home/oife/d2lros2/visual_learning/class19-Ros2/ros_ws/install/c19/share/c19/package.bash'
[3.829s] INFO:colcon.colcon_core.shell:Creating package script '/home/oife/d2lros2/visual_learning/class19-Ros2/ros_ws/install/c19/share/c19/package.zsh'
[3.830s] Level 1:colcon.colcon_core.environment:create_file_with_runtime_dependencies(/home/oife/d2lros2/visual_learning/class19-Ros2/ros_ws/install/c19/share/colcon-core/packages/c19)
[3.830s] DEBUG:colcon.colcon_parallel_executor.executor.parallel:closing loop
[3.830s] DEBUG:colcon.colcon_parallel_executor.executor.parallel:loop closed
[3.830s] DEBUG:colcon.colcon_parallel_executor.executor.parallel:run_until_complete finished with '0'
[3.830s] DEBUG:colcon.colcon_core.event_reactor:joining thread
[3.833s] INFO:colcon.colcon_core.plugin_system:Skipping extension 'colcon_notification.desktop_notification.terminal_notifier': Not used on non-Darwin systems
[3.833s] INFO:colcon.colcon_core.plugin_system:Skipping extension 'colcon_notification.desktop_notification.win32': Not used on non-Windows systems
[3.833s] INFO:colcon.colcon_notification.desktop_notification:Sending desktop notification using 'notify2'
[3.841s] DEBUG:colcon.colcon_core.event_reactor:joined thread
[3.841s] INFO:colcon.colcon_core.shell:Creating prefix script '/home/oife/d2lros2/visual_learning/class19-Ros2/ros_ws/install/local_setup.ps1'
[3.842s] INFO:colcon.colcon_core.shell:Creating prefix util module '/home/oife/d2lros2/visual_learning/class19-Ros2/ros_ws/install/_local_setup_util_ps1.py'
[3.843s] INFO:colcon.colcon_core.shell:Creating prefix chain script '/home/oife/d2lros2/visual_learning/class19-Ros2/ros_ws/install/setup.ps1'
[3.843s] INFO:colcon.colcon_core.shell:Creating prefix script '/home/oife/d2lros2/visual_learning/class19-Ros2/ros_ws/install/local_setup.sh'
[3.844s] INFO:colcon.colcon_core.shell:Creating prefix util module '/home/oife/d2lros2/visual_learning/class19-Ros2/ros_ws/install/_local_setup_util_sh.py'
[3.844s] INFO:colcon.colcon_core.shell:Creating prefix chain script '/home/oife/d2lros2/visual_learning/class19-Ros2/ros_ws/install/setup.sh'
[3.845s] INFO:colcon.colcon_core.shell:Creating prefix script '/home/oife/d2lros2/visual_learning/class19-Ros2/ros_ws/install/local_setup.bash'
[3.845s] INFO:colcon.colcon_core.shell:Creating prefix chain script '/home/oife/d2lros2/visual_learning/class19-Ros2/ros_ws/install/setup.bash'
[3.846s] INFO:colcon.colcon_core.shell:Creating prefix script '/home/oife/d2lros2/visual_learning/class19-Ros2/ros_ws/install/local_setup.zsh'
[3.846s] INFO:colcon.colcon_core.shell:Creating prefix chain script '/home/oife/d2lros2/visual_learning/class19-Ros2/ros_ws/install/setup.zsh'
