[0.009s] Invoking command in '/home/oife/d2lros2/visual_learning/the final/build/aim_interfaces': CMAKE_PREFIX_PATH=${CMAKE_PREFIX_PATH}:/opt/ros/humble /usr/bin/cmake --build /home/oife/d2lros2/visual_learning/the final/build/aim_interfaces -- -j4 -l4
[0.030s] -- Found ament_cmake: 1.3.12 (/opt/ros/humble/share/ament_cmake/cmake)
[0.098s] -- Found rosidl_default_generators: 1.2.0 (/opt/ros/humble/share/rosidl_default_generators/cmake)
[0.099s] -- Using all available rosidl_typesupport_c: rosidl_typesupport_fastrtps_c;rosidl_typesupport_introspection_c
[0.100s] -- Found rosidl_adapter: 3.1.7 (/opt/ros/humble/share/rosidl_adapter/cmake)
[0.115s] -- Using all available rosidl_typesupport_cpp: rosidl_typesupport_fastrtps_cpp;rosidl_typesupport_introspection_cpp
[0.127s] -- Found rosidl_default_runtime: 1.2.0 (/opt/ros/humble/share/rosidl_default_runtime/cmake)
[0.127s] [31mCMake Error at CMakeLists.txt:14 (include):
[0.127s]   include could not find requested file:
[0.127s] 
[0.127s]     /opt/ros/humble/share/rosidl_default_generators/cmake/rosidl_interface_targets.cmake
[0.127s] 
[0.127s] [0m
[0.127s] -- Found ament_lint_auto: 0.12.14 (/opt/ros/humble/share/ament_lint_auto/cmake)
[0.263s] -- Found ament_cmake_ros: 0.10.0 (/opt/ros/humble/share/ament_cmake_ros/cmake)
[0.363s] -- Using all available rosidl_typesupport_c: rosidl_typesupport_fastrtps_c;rosidl_typesupport_introspection_c
[0.496s] -- Using all available rosidl_typesupport_cpp: rosidl_typesupport_fastrtps_cpp;rosidl_typesupport_introspection_cpp
[0.511s] -- Found python_cmake_module: 0.10.0 (/opt/ros/humble/share/python_cmake_module/cmake)
[0.524s] -- Using PYTHON_EXECUTABLE: /usr/bin/python3
[0.524s] -- Using PYTHON_INCLUDE_DIRS: /usr/include/python3.10
[0.524s] -- Using PYTHON_LIBRARIES: /usr/lib/x86_64-linux-gnu/libpython3.10.so
[0.529s] [31mCMake Error at CMakeLists.txt:35 (rosidl_export_targets):
[0.529s]   Unknown CMake command "rosidl_export_targets".
[0.529s] 
[0.530s] [0m
[0.530s] -- Configuring incomplete, errors occurred!
[0.530s] See also "/home/oife/d2lros2/visual_learning/the final/build/aim_interfaces/CMakeFiles/CMakeOutput.log".
[0.533s] gmake: *** [Makefile:747: cmake_check_build_system] Error 1
[0.536s] Invoked command in '/home/oife/d2lros2/visual_learning/the final/build/aim_interfaces' returned '2': CMAKE_PREFIX_PATH=${CMAKE_PREFIX_PATH}:/opt/ros/humble /usr/bin/cmake --build /home/oife/d2lros2/visual_learning/the final/build/aim_interfaces -- -j4 -l4
