[35m[1mConsolidate compiler generated dependencies of target testnode[0m
[35m[1mConsolidate compiler generated dependencies of target final[0m
[ 50%] Built target testnode
[100%] Built target final
-- Install configuration: ""
-- Up-to-date: /home/oife/d2lros2/visual_learning/the final/install/final/lib/final/final
-- Up-to-date: /home/oife/d2lros2/visual_learning/the final/install/final/lib/final/testnode
-- Up-to-date: /home/oife/d2lros2/visual_learning/the final/install/final/share/final/srcimmage/image
-- Up-to-date: /home/oife/d2lros2/visual_learning/the final/install/final/share/final/srcimmage/image/image.png
-- Up-to-date: /home/oife/d2lros2/visual_learning/the final/install/final/share/ament_index/resource_index/package_run_dependencies/final
-- Up-to-date: /home/oife/d2lros2/visual_learning/the final/install/final/share/ament_index/resource_index/parent_prefix_path/final
-- Up-to-date: /home/oife/d2lros2/visual_learning/the final/install/final/share/final/environment/ament_prefix_path.sh
-- Up-to-date: /home/oife/d2lros2/visual_learning/the final/install/final/share/final/environment/ament_prefix_path.dsv
-- Up-to-date: /home/oife/d2lros2/visual_learning/the final/install/final/share/final/environment/path.sh
-- Up-to-date: /home/oife/d2lros2/visual_learning/the final/install/final/share/final/environment/path.dsv
-- Up-to-date: /home/oife/d2lros2/visual_learning/the final/install/final/share/final/local_setup.bash
-- Up-to-date: /home/oife/d2lros2/visual_learning/the final/install/final/share/final/local_setup.sh
-- Up-to-date: /home/oife/d2lros2/visual_learning/the final/install/final/share/final/local_setup.zsh
-- Up-to-date: /home/oife/d2lros2/visual_learning/the final/install/final/share/final/local_setup.dsv
-- Installing: /home/oife/d2lros2/visual_learning/the final/install/final/share/final/package.dsv
-- Up-to-date: /home/oife/d2lros2/visual_learning/the final/install/final/share/ament_index/resource_index/packages/final
-- Up-to-date: /home/oife/d2lros2/visual_learning/the final/install/final/share/final/cmake/finalConfig.cmake
-- Up-to-date: /home/oife/d2lros2/visual_learning/the final/install/final/share/final/cmake/finalConfig-version.cmake
-- Up-to-date: /home/oife/d2lros2/visual_learning/the final/install/final/share/final/package.xml
