[0.007s] Invoking command in '/home/oife/d2lros2/visual_learning/the final/build/final': CMAKE_PREFIX_PATH=/home/oife/d2lros2/visual_learning/the final/install/aim_interfaces:/home/oife/d2lros2/visual_learning/the final/install/final:/opt/ros/humble /usr/bin/cmake --build /home/oife/d2lros2/visual_learning/the final/build/final -- -j4 -l4
[0.041s] [35m[1mConsolidate compiler generated dependencies of target testnode[0m
[0.041s] [35m[1mConsolidate compiler generated dependencies of target final[0m
[0.064s] [ 50%] Built target testnode
[0.069s] [100%] Built target final
[0.085s] Invoked command in '/home/oife/d2lros2/visual_learning/the final/build/final' returned '0': CMAKE_PREFIX_PATH=/home/oife/d2lros2/visual_learning/the final/install/aim_interfaces:/home/oife/d2lros2/visual_learning/the final/install/final:/opt/ros/humble /usr/bin/cmake --build /home/oife/d2lros2/visual_learning/the final/build/final -- -j4 -l4
[0.086s] Invoking command in '/home/oife/d2lros2/visual_learning/the final/build/final': CMAKE_PREFIX_PATH=/home/oife/d2lros2/visual_learning/the final/install/aim_interfaces:/home/oife/d2lros2/visual_learning/the final/install/final:/opt/ros/humble /usr/bin/cmake --install /home/oife/d2lros2/visual_learning/the final/build/final
[0.095s] -- Install configuration: ""
[0.095s] -- Up-to-date: /home/oife/d2lros2/visual_learning/the final/install/final/lib/final/final
[0.095s] -- Up-to-date: /home/oife/d2lros2/visual_learning/the final/install/final/lib/final/testnode
[0.095s] -- Up-to-date: /home/oife/d2lros2/visual_learning/the final/install/final/share/final/srcimmage/image
[0.095s] -- Up-to-date: /home/oife/d2lros2/visual_learning/the final/install/final/share/final/srcimmage/image/image.png
[0.095s] -- Up-to-date: /home/oife/d2lros2/visual_learning/the final/install/final/share/ament_index/resource_index/package_run_dependencies/final
[0.095s] -- Up-to-date: /home/oife/d2lros2/visual_learning/the final/install/final/share/ament_index/resource_index/parent_prefix_path/final
[0.095s] -- Up-to-date: /home/oife/d2lros2/visual_learning/the final/install/final/share/final/environment/ament_prefix_path.sh
[0.095s] -- Up-to-date: /home/oife/d2lros2/visual_learning/the final/install/final/share/final/environment/ament_prefix_path.dsv
[0.095s] -- Up-to-date: /home/oife/d2lros2/visual_learning/the final/install/final/share/final/environment/path.sh
[0.095s] -- Up-to-date: /home/oife/d2lros2/visual_learning/the final/install/final/share/final/environment/path.dsv
[0.095s] -- Up-to-date: /home/oife/d2lros2/visual_learning/the final/install/final/share/final/local_setup.bash
[0.095s] -- Up-to-date: /home/oife/d2lros2/visual_learning/the final/install/final/share/final/local_setup.sh
[0.095s] -- Up-to-date: /home/oife/d2lros2/visual_learning/the final/install/final/share/final/local_setup.zsh
[0.095s] -- Up-to-date: /home/oife/d2lros2/visual_learning/the final/install/final/share/final/local_setup.dsv
[0.095s] -- Installing: /home/oife/d2lros2/visual_learning/the final/install/final/share/final/package.dsv
[0.095s] -- Up-to-date: /home/oife/d2lros2/visual_learning/the final/install/final/share/ament_index/resource_index/packages/final
[0.096s] -- Up-to-date: /home/oife/d2lros2/visual_learning/the final/install/final/share/final/cmake/finalConfig.cmake
[0.096s] -- Up-to-date: /home/oife/d2lros2/visual_learning/the final/install/final/share/final/cmake/finalConfig-version.cmake
[0.096s] -- Up-to-date: /home/oife/d2lros2/visual_learning/the final/install/final/share/final/package.xml
[0.098s] Invoked command in '/home/oife/d2lros2/visual_learning/the final/build/final' returned '0': CMAKE_PREFIX_PATH=/home/oife/d2lros2/visual_learning/the final/install/aim_interfaces:/home/oife/d2lros2/visual_learning/the final/install/final:/opt/ros/humble /usr/bin/cmake --install /home/oife/d2lros2/visual_learning/the final/build/final
