[0.007s] Invoking command in '/home/oife/d2lros2/visual_learning/class19-Ros2/ros_ws/build/c19': CMAKE_PREFIX_PATH=/opt/ros/humble /usr/bin/cmake /home/oife/d2lros2/visual_learning/class19-Ros2/ros_ws/src/c19 -DCMAKE_INSTALL_PREFIX=/home/oife/d2lros2/visual_learning/class19-Ros2/ros_ws/install/c19
[0.019s] -- Found ament_cmake: 1.3.12 (/opt/ros/humble/share/ament_cmake/cmake)
[0.087s] -- Found rclcpp: 16.0.15 (/opt/ros/humble/share/rclcpp/cmake)
[0.101s] -- Found rosidl_generator_c: 3.1.7 (/opt/ros/humble/share/rosidl_generator_c/cmake)
[0.102s] -- Found rosidl_adapter: 3.1.7 (/opt/ros/humble/share/rosidl_adapter/cmake)
[0.105s] -- Found rosidl_generator_cpp: 3.1.7 (/opt/ros/humble/share/rosidl_generator_cpp/cmake)
[0.109s] -- Using all available rosidl_typesupport_c: rosidl_typesupport_fastrtps_c;rosidl_typesupport_introspection_c
[0.115s] -- Using all available rosidl_typesupport_cpp: rosidl_typesupport_fastrtps_cpp;rosidl_typesupport_introspection_cpp
[0.131s] -- Found rmw_implementation_cmake: 6.1.2 (/opt/ros/humble/share/rmw_implementation_cmake/cmake)
[0.131s] -- Found rmw_fastrtps_cpp: 6.2.9 (/opt/ros/humble/share/rmw_fastrtps_cpp/cmake)
[0.183s] -- Using RMW implementation 'rmw_fastrtps_cpp' as default
[0.209s] -- Found sensor_msgs: 4.9.0 (/opt/ros/humble/share/sensor_msgs/cmake)
[0.222s] -- Found cv_bridge: 3.2.1 (/opt/ros/humble/share/cv_bridge/cmake)
[0.223s] -- Found ament_lint_auto: 0.12.14 (/opt/ros/humble/share/ament_lint_auto/cmake)
[0.261s] -- Configuring incomplete, errors occurred!
[0.261s] See also "/home/oife/d2lros2/visual_learning/class19-Ros2/ros_ws/build/c19/CMakeFiles/CMakeOutput.log".
[0.261s] [31mCMake Error at CMakeLists.txt:36 (target_link_libraries):
[0.261s]   Cannot specify link libraries for target "video_Read" which is not built by
[0.261s]   this project.
[0.261s] 
[0.261s] [0m
[0.266s] Invoked command in '/home/oife/d2lros2/visual_learning/class19-Ros2/ros_ws/build/c19' returned '1': CMAKE_PREFIX_PATH=/opt/ros/humble /usr/bin/cmake /home/oife/d2lros2/visual_learning/class19-Ros2/ros_ws/src/c19 -DCMAKE_INSTALL_PREFIX=/home/oife/d2lros2/visual_learning/class19-Ros2/ros_ws/install/c19
