[0.056s] DEBUG:colcon:Command line arguments: ['/usr/bin/colcon', 'build']
[0.056s] DEBUG:colcon:Parsed command line arguments: Namespace(log_base=None, log_level=None, verb_name='build', build_base='build', install_base='install', merge_install=False, symlink_install=False, test_result_base=None, continue_on_error=False, executor='parallel', parallel_workers=4, event_handlers=None, ignore_user_meta=False, metas=['./colcon.meta'], base_paths=['.'], packages_ignore=None, packages_ignore_regex=None, paths=None, packages_up_to=None, packages_up_to_regex=None, packages_above=None, packages_above_and_dependencies=None, packages_above_depth=None, packages_select_by_dep=None, packages_skip_by_dep=None, packages_skip_up_to=None, packages_select_build_failed=False, packages_skip_build_finished=False, packages_select_test_failures=False, packages_skip_test_passed=False, packages_select=None, packages_skip=None, packages_select_regex=None, packages_skip_regex=None, packages_start=None, packages_end=None, allow_overriding=[], cmake_args=None, cmake_target=None, cmake_target_skip_unavailable=False, cmake_clean_cache=False, cmake_clean_first=False, cmake_force_configure=False, ament_cmake_args=None, catkin_cmake_args=None, catkin_skip_building_tests=False, verb_parser=<colcon_defaults.argument_parser.defaults.DefaultArgumentsDecorator object at 0x705deed33910>, verb_extension=<colcon_core.verb.build.BuildVerb object at 0x705deed32f80>, main=<bound method BuildVerb.main of <colcon_core.verb.build.BuildVerb object at 0x705deed32f80>>)
[0.143s] Level 1:colcon.colcon_core.package_discovery:discover_packages(colcon_meta) check parameters
[0.143s] Level 1:colcon.colcon_core.package_discovery:discover_packages(recursive) check parameters
[0.143s] Level 1:colcon.colcon_core.package_discovery:discover_packages(ignore) check parameters
[0.143s] Level 1:colcon.colcon_core.package_discovery:discover_packages(path) check parameters
[0.143s] Level 1:colcon.colcon_core.package_discovery:discover_packages(colcon_meta) discover
[0.143s] Level 1:colcon.colcon_core.package_discovery:discover_packages(recursive) discover
[0.143s] INFO:colcon.colcon_core.package_discovery:Crawling recursively for packages in '/home/oife/d2lros2/visual_learning/the final'
[0.143s] Level 1:colcon.colcon_core.package_identification:_identify(.) by extensions ['ignore', 'ignore_ament_install']
[0.143s] Level 1:colcon.colcon_core.package_identification:_identify(.) by extension 'ignore'
[0.143s] Level 1:colcon.colcon_core.package_identification:_identify(.) by extension 'ignore_ament_install'
[0.143s] Level 1:colcon.colcon_core.package_identification:_identify(.) by extensions ['colcon_pkg']
[0.143s] Level 1:colcon.colcon_core.package_identification:_identify(.) by extension 'colcon_pkg'
[0.143s] Level 1:colcon.colcon_core.package_identification:_identify(.) by extensions ['colcon_meta']
[0.143s] Level 1:colcon.colcon_core.package_identification:_identify(.) by extension 'colcon_meta'
[0.143s] Level 1:colcon.colcon_core.package_identification:_identify(.) by extensions ['ros']
[0.143s] Level 1:colcon.colcon_core.package_identification:_identify(.) by extension 'ros'
[0.149s] Level 1:colcon.colcon_core.package_identification:_identify(.) by extensions ['cmake', 'python']
[0.149s] Level 1:colcon.colcon_core.package_identification:_identify(.) by extension 'cmake'
[0.149s] Level 1:colcon.colcon_core.package_identification:_identify(.) by extension 'python'
[0.149s] Level 1:colcon.colcon_core.package_identification:_identify(.) by extensions ['python_setup_py']
[0.149s] Level 1:colcon.colcon_core.package_identification:_identify(.) by extension 'python_setup_py'
[0.149s] Level 1:colcon.colcon_core.package_identification:_identify(build) by extensions ['ignore', 'ignore_ament_install']
[0.149s] Level 1:colcon.colcon_core.package_identification:_identify(build) by extension 'ignore'
[0.149s] Level 1:colcon.colcon_core.package_identification:_identify(build) ignored
[0.149s] Level 1:colcon.colcon_core.package_identification:_identify(install) by extensions ['ignore', 'ignore_ament_install']
[0.149s] Level 1:colcon.colcon_core.package_identification:_identify(install) by extension 'ignore'
[0.149s] Level 1:colcon.colcon_core.package_identification:_identify(install) ignored
[0.149s] Level 1:colcon.colcon_core.package_identification:_identify(log) by extensions ['ignore', 'ignore_ament_install']
[0.150s] Level 1:colcon.colcon_core.package_identification:_identify(log) by extension 'ignore'
[0.150s] Level 1:colcon.colcon_core.package_identification:_identify(log) ignored
[0.150s] Level 1:colcon.colcon_core.package_identification:_identify(src) by extensions ['ignore', 'ignore_ament_install']
[0.150s] Level 1:colcon.colcon_core.package_identification:_identify(src) by extension 'ignore'
[0.150s] Level 1:colcon.colcon_core.package_identification:_identify(src) by extension 'ignore_ament_install'
[0.150s] Level 1:colcon.colcon_core.package_identification:_identify(src) by extensions ['colcon_pkg']
[0.150s] Level 1:colcon.colcon_core.package_identification:_identify(src) by extension 'colcon_pkg'
[0.150s] Level 1:colcon.colcon_core.package_identification:_identify(src) by extensions ['colcon_meta']
[0.150s] Level 1:colcon.colcon_core.package_identification:_identify(src) by extension 'colcon_meta'
[0.150s] Level 1:colcon.colcon_core.package_identification:_identify(src) by extensions ['ros']
[0.150s] Level 1:colcon.colcon_core.package_identification:_identify(src) by extension 'ros'
[0.150s] Level 1:colcon.colcon_core.package_identification:_identify(src) by extensions ['cmake', 'python']
[0.150s] Level 1:colcon.colcon_core.package_identification:_identify(src) by extension 'cmake'
[0.150s] Level 1:colcon.colcon_core.package_identification:_identify(src) by extension 'python'
[0.150s] Level 1:colcon.colcon_core.package_identification:_identify(src) by extensions ['python_setup_py']
[0.150s] Level 1:colcon.colcon_core.package_identification:_identify(src) by extension 'python_setup_py'
[0.150s] Level 1:colcon.colcon_core.package_identification:_identify(src/aim_interfaces) by extensions ['ignore', 'ignore_ament_install']
[0.150s] Level 1:colcon.colcon_core.package_identification:_identify(src/aim_interfaces) by extension 'ignore'
[0.150s] Level 1:colcon.colcon_core.package_identification:_identify(src/aim_interfaces) by extension 'ignore_ament_install'
[0.150s] Level 1:colcon.colcon_core.package_identification:_identify(src/aim_interfaces) by extensions ['colcon_pkg']
[0.150s] Level 1:colcon.colcon_core.package_identification:_identify(src/aim_interfaces) by extension 'colcon_pkg'
[0.150s] Level 1:colcon.colcon_core.package_identification:_identify(src/aim_interfaces) by extensions ['colcon_meta']
[0.150s] Level 1:colcon.colcon_core.package_identification:_identify(src/aim_interfaces) by extension 'colcon_meta'
[0.150s] Level 1:colcon.colcon_core.package_identification:_identify(src/aim_interfaces) by extensions ['ros']
[0.150s] Level 1:colcon.colcon_core.package_identification:_identify(src/aim_interfaces) by extension 'ros'
[0.151s] DEBUG:colcon.colcon_core.package_identification:Package 'src/aim_interfaces' with type 'ros.ament_cmake' and name 'aim_interfaces'
[0.151s] Level 1:colcon.colcon_core.package_identification:_identify(src/final) by extensions ['ignore', 'ignore_ament_install']
[0.151s] Level 1:colcon.colcon_core.package_identification:_identify(src/final) by extension 'ignore'
[0.151s] Level 1:colcon.colcon_core.package_identification:_identify(src/final) by extension 'ignore_ament_install'
[0.151s] Level 1:colcon.colcon_core.package_identification:_identify(src/final) by extensions ['colcon_pkg']
[0.151s] Level 1:colcon.colcon_core.package_identification:_identify(src/final) by extension 'colcon_pkg'
[0.151s] Level 1:colcon.colcon_core.package_identification:_identify(src/final) by extensions ['colcon_meta']
[0.151s] Level 1:colcon.colcon_core.package_identification:_identify(src/final) by extension 'colcon_meta'
[0.151s] Level 1:colcon.colcon_core.package_identification:_identify(src/final) by extensions ['ros']
[0.151s] Level 1:colcon.colcon_core.package_identification:_identify(src/final) by extension 'ros'
[0.152s] DEBUG:colcon.colcon_core.package_identification:Package 'src/final' with type 'ros.ament_cmake' and name 'final'
[0.152s] Level 1:colcon.colcon_core.package_discovery:discover_packages(recursive) using defaults
[0.152s] Level 1:colcon.colcon_core.package_discovery:discover_packages(ignore) discover
[0.152s] Level 1:colcon.colcon_core.package_discovery:discover_packages(ignore) using defaults
[0.152s] Level 1:colcon.colcon_core.package_discovery:discover_packages(path) discover
[0.152s] Level 1:colcon.colcon_core.package_discovery:discover_packages(path) using defaults
[0.162s] Level 1:colcon.colcon_core.package_discovery:discover_packages(prefix_path) check parameters
[0.162s] Level 1:colcon.colcon_core.package_discovery:discover_packages(prefix_path) discover
[0.162s] WARNING:colcon.colcon_ros.prefix_path.ament:The path '/home/oife/d2lros2/visual_learning/the final/install/final' in the environment variable AMENT_PREFIX_PATH doesn't exist
[0.162s] WARNING:colcon.colcon_ros.prefix_path.catkin:The path '/home/oife/d2lros2/visual_learning/the final/install/final' in the environment variable CMAKE_PREFIX_PATH doesn't exist
[0.163s] DEBUG:colcon.colcon_installed_package_information.package_discovery:Found 1 installed packages in /home/oife/d2lros2/visual_learning/the final/install
[0.163s] DEBUG:colcon.colcon_installed_package_information.package_discovery:Found 271 installed packages in /opt/ros/humble
[0.164s] Level 1:colcon.colcon_core.package_discovery:discover_packages(prefix_path) using defaults
[0.187s] Level 5:colcon.colcon_core.verb:set package 'aim_interfaces' build argument 'cmake_args' from command line to 'None'
[0.187s] Level 5:colcon.colcon_core.verb:set package 'aim_interfaces' build argument 'cmake_target' from command line to 'None'
[0.187s] Level 5:colcon.colcon_core.verb:set package 'aim_interfaces' build argument 'cmake_target_skip_unavailable' from command line to 'False'
[0.187s] Level 5:colcon.colcon_core.verb:set package 'aim_interfaces' build argument 'cmake_clean_cache' from command line to 'False'
[0.187s] Level 5:colcon.colcon_core.verb:set package 'aim_interfaces' build argument 'cmake_clean_first' from command line to 'False'
[0.187s] Level 5:colcon.colcon_core.verb:set package 'aim_interfaces' build argument 'cmake_force_configure' from command line to 'False'
[0.187s] Level 5:colcon.colcon_core.verb:set package 'aim_interfaces' build argument 'ament_cmake_args' from command line to 'None'
[0.187s] Level 5:colcon.colcon_core.verb:set package 'aim_interfaces' build argument 'catkin_cmake_args' from command line to 'None'
[0.187s] Level 5:colcon.colcon_core.verb:set package 'aim_interfaces' build argument 'catkin_skip_building_tests' from command line to 'False'
[0.187s] DEBUG:colcon.colcon_core.verb:Building package 'aim_interfaces' with the following arguments: {'ament_cmake_args': None, 'build_base': '/home/oife/d2lros2/visual_learning/the final/build/aim_interfaces', 'catkin_cmake_args': None, 'catkin_skip_building_tests': False, 'cmake_args': None, 'cmake_clean_cache': False, 'cmake_clean_first': False, 'cmake_force_configure': False, 'cmake_target': None, 'cmake_target_skip_unavailable': False, 'install_base': '/home/oife/d2lros2/visual_learning/the final/install/aim_interfaces', 'merge_install': False, 'path': '/home/oife/d2lros2/visual_learning/the final/src/aim_interfaces', 'symlink_install': False, 'test_result_base': None}
[0.188s] Level 5:colcon.colcon_core.verb:set package 'final' build argument 'cmake_args' from command line to 'None'
[0.188s] Level 5:colcon.colcon_core.verb:set package 'final' build argument 'cmake_target' from command line to 'None'
[0.188s] Level 5:colcon.colcon_core.verb:set package 'final' build argument 'cmake_target_skip_unavailable' from command line to 'False'
[0.188s] Level 5:colcon.colcon_core.verb:set package 'final' build argument 'cmake_clean_cache' from command line to 'False'
[0.188s] Level 5:colcon.colcon_core.verb:set package 'final' build argument 'cmake_clean_first' from command line to 'False'
[0.188s] Level 5:colcon.colcon_core.verb:set package 'final' build argument 'cmake_force_configure' from command line to 'False'
[0.188s] Level 5:colcon.colcon_core.verb:set package 'final' build argument 'ament_cmake_args' from command line to 'None'
[0.188s] Level 5:colcon.colcon_core.verb:set package 'final' build argument 'catkin_cmake_args' from command line to 'None'
[0.188s] Level 5:colcon.colcon_core.verb:set package 'final' build argument 'catkin_skip_building_tests' from command line to 'False'
[0.188s] DEBUG:colcon.colcon_core.verb:Building package 'final' with the following arguments: {'ament_cmake_args': None, 'build_base': '/home/oife/d2lros2/visual_learning/the final/build/final', 'catkin_cmake_args': None, 'catkin_skip_building_tests': False, 'cmake_args': None, 'cmake_clean_cache': False, 'cmake_clean_first': False, 'cmake_force_configure': False, 'cmake_target': None, 'cmake_target_skip_unavailable': False, 'install_base': '/home/oife/d2lros2/visual_learning/the final/install/final', 'merge_install': False, 'path': '/home/oife/d2lros2/visual_learning/the final/src/final', 'symlink_install': False, 'test_result_base': None}
[0.188s] INFO:colcon.colcon_core.executor:Executing jobs using 'parallel' executor
[0.189s] DEBUG:colcon.colcon_parallel_executor.executor.parallel:run_until_complete
[0.189s] INFO:colcon.colcon_ros.task.ament_cmake.build:Building ROS package in '/home/oife/d2lros2/visual_learning/the final/src/aim_interfaces' with build type 'ament_cmake'
[0.189s] INFO:colcon.colcon_cmake.task.cmake.build:Building CMake package in '/home/oife/d2lros2/visual_learning/the final/src/aim_interfaces'
[0.190s] INFO:colcon.colcon_core.plugin_system:Skipping extension 'colcon_core.shell.bat': Not used on non-Windows systems
[0.190s] INFO:colcon.colcon_core.shell:Skip shell extension 'powershell' for command environment: Not usable outside of PowerShell
[0.190s] DEBUG:colcon.colcon_core.shell:Skip shell extension 'dsv' for command environment
[0.197s] DEBUG:colcon.colcon_core.event_handler.log_command:Invoking command in '/home/oife/d2lros2/visual_learning/the final/build/aim_interfaces': CMAKE_PREFIX_PATH=${CMAKE_PREFIX_PATH}:/opt/ros/humble /usr/bin/cmake --build /home/oife/d2lros2/visual_learning/the final/build/aim_interfaces -- -j4 -l4
[0.417s] DEBUG:colcon.colcon_core.event_handler.log_command:Invoked command in '/home/oife/d2lros2/visual_learning/the final/build/aim_interfaces' returned '0': CMAKE_PREFIX_PATH=${CMAKE_PREFIX_PATH}:/opt/ros/humble /usr/bin/cmake --build /home/oife/d2lros2/visual_learning/the final/build/aim_interfaces -- -j4 -l4
[0.420s] DEBUG:colcon.colcon_core.event_handler.log_command:Invoking command in '/home/oife/d2lros2/visual_learning/the final/build/aim_interfaces': CMAKE_PREFIX_PATH=${CMAKE_PREFIX_PATH}:/opt/ros/humble /usr/bin/cmake --install /home/oife/d2lros2/visual_learning/the final/build/aim_interfaces
[0.454s] Level 1:colcon.colcon_core.environment:create_environment_scripts_only(aim_interfaces)
[0.455s] DEBUG:colcon.colcon_core.event_handler.log_command:Invoked command in '/home/oife/d2lros2/visual_learning/the final/build/aim_interfaces' returned '0': CMAKE_PREFIX_PATH=${CMAKE_PREFIX_PATH}:/opt/ros/humble /usr/bin/cmake --install /home/oife/d2lros2/visual_learning/the final/build/aim_interfaces
[0.456s] Level 1:colcon.colcon_core.environment:checking '/home/oife/d2lros2/visual_learning/the final/install/aim_interfaces' for CMake module files
[0.456s] Level 1:colcon.colcon_core.environment:checking '/home/oife/d2lros2/visual_learning/the final/install/aim_interfaces' for CMake config files
[0.456s] Level 1:colcon.colcon_core.shell:create_environment_hook('aim_interfaces', 'cmake_prefix_path')
[0.456s] INFO:colcon.colcon_core.shell:Creating environment hook '/home/oife/d2lros2/visual_learning/the final/install/aim_interfaces/share/aim_interfaces/hook/cmake_prefix_path.ps1'
[0.457s] INFO:colcon.colcon_core.shell:Creating environment descriptor '/home/oife/d2lros2/visual_learning/the final/install/aim_interfaces/share/aim_interfaces/hook/cmake_prefix_path.dsv'
[0.457s] INFO:colcon.colcon_core.shell:Creating environment hook '/home/oife/d2lros2/visual_learning/the final/install/aim_interfaces/share/aim_interfaces/hook/cmake_prefix_path.sh'
[0.458s] Level 1:colcon.colcon_core.environment:checking '/home/oife/d2lros2/visual_learning/the final/install/aim_interfaces/lib'
[0.458s] Level 1:colcon.colcon_core.shell:create_environment_hook('aim_interfaces', 'ld_library_path_lib')
[0.458s] INFO:colcon.colcon_core.shell:Creating environment hook '/home/oife/d2lros2/visual_learning/the final/install/aim_interfaces/share/aim_interfaces/hook/ld_library_path_lib.ps1'
[0.458s] INFO:colcon.colcon_core.shell:Creating environment descriptor '/home/oife/d2lros2/visual_learning/the final/install/aim_interfaces/share/aim_interfaces/hook/ld_library_path_lib.dsv'
[0.459s] INFO:colcon.colcon_core.shell:Creating environment hook '/home/oife/d2lros2/visual_learning/the final/install/aim_interfaces/share/aim_interfaces/hook/ld_library_path_lib.sh'
[0.459s] Level 1:colcon.colcon_core.environment:checking '/home/oife/d2lros2/visual_learning/the final/install/aim_interfaces/bin'
[0.459s] Level 1:colcon.colcon_core.environment:checking '/home/oife/d2lros2/visual_learning/the final/install/aim_interfaces/lib/pkgconfig/aim_interfaces.pc'
[0.459s] Level 1:colcon.colcon_core.environment:checking '/home/oife/d2lros2/visual_learning/the final/install/aim_interfaces/lib/python3.10/site-packages'
[0.459s] Level 1:colcon.colcon_core.environment:checking '/home/oife/d2lros2/visual_learning/the final/install/aim_interfaces/bin'
[0.459s] INFO:colcon.colcon_core.shell:Creating package script '/home/oife/d2lros2/visual_learning/the final/install/aim_interfaces/share/aim_interfaces/package.ps1'
[0.460s] INFO:colcon.colcon_core.shell:Creating package descriptor '/home/oife/d2lros2/visual_learning/the final/install/aim_interfaces/share/aim_interfaces/package.dsv'
[0.460s] INFO:colcon.colcon_core.shell:Creating package script '/home/oife/d2lros2/visual_learning/the final/install/aim_interfaces/share/aim_interfaces/package.sh'
[0.460s] INFO:colcon.colcon_core.shell:Creating package script '/home/oife/d2lros2/visual_learning/the final/install/aim_interfaces/share/aim_interfaces/package.bash'
[0.461s] INFO:colcon.colcon_core.shell:Creating package script '/home/oife/d2lros2/visual_learning/the final/install/aim_interfaces/share/aim_interfaces/package.zsh'
[0.461s] Level 1:colcon.colcon_core.environment:create_file_with_runtime_dependencies(/home/oife/d2lros2/visual_learning/the final/install/aim_interfaces/share/colcon-core/packages/aim_interfaces)
[0.462s] Level 1:colcon.colcon_core.environment:create_environment_scripts_only(aim_interfaces)
[0.462s] Level 1:colcon.colcon_core.environment:checking '/home/oife/d2lros2/visual_learning/the final/install/aim_interfaces' for CMake module files
[0.462s] Level 1:colcon.colcon_core.environment:checking '/home/oife/d2lros2/visual_learning/the final/install/aim_interfaces' for CMake config files
[0.462s] Level 1:colcon.colcon_core.shell:create_environment_hook('aim_interfaces', 'cmake_prefix_path')
[0.462s] INFO:colcon.colcon_core.shell:Creating environment hook '/home/oife/d2lros2/visual_learning/the final/install/aim_interfaces/share/aim_interfaces/hook/cmake_prefix_path.ps1'
[0.462s] INFO:colcon.colcon_core.shell:Creating environment descriptor '/home/oife/d2lros2/visual_learning/the final/install/aim_interfaces/share/aim_interfaces/hook/cmake_prefix_path.dsv'
[0.463s] INFO:colcon.colcon_core.shell:Creating environment hook '/home/oife/d2lros2/visual_learning/the final/install/aim_interfaces/share/aim_interfaces/hook/cmake_prefix_path.sh'
[0.463s] Level 1:colcon.colcon_core.environment:checking '/home/oife/d2lros2/visual_learning/the final/install/aim_interfaces/lib'
[0.463s] Level 1:colcon.colcon_core.shell:create_environment_hook('aim_interfaces', 'ld_library_path_lib')
[0.463s] INFO:colcon.colcon_core.shell:Creating environment hook '/home/oife/d2lros2/visual_learning/the final/install/aim_interfaces/share/aim_interfaces/hook/ld_library_path_lib.ps1'
[0.463s] INFO:colcon.colcon_core.shell:Creating environment descriptor '/home/oife/d2lros2/visual_learning/the final/install/aim_interfaces/share/aim_interfaces/hook/ld_library_path_lib.dsv'
[0.464s] INFO:colcon.colcon_core.shell:Creating environment hook '/home/oife/d2lros2/visual_learning/the final/install/aim_interfaces/share/aim_interfaces/hook/ld_library_path_lib.sh'
[0.464s] Level 1:colcon.colcon_core.environment:checking '/home/oife/d2lros2/visual_learning/the final/install/aim_interfaces/bin'
[0.464s] Level 1:colcon.colcon_core.environment:checking '/home/oife/d2lros2/visual_learning/the final/install/aim_interfaces/lib/pkgconfig/aim_interfaces.pc'
[0.464s] Level 1:colcon.colcon_core.environment:checking '/home/oife/d2lros2/visual_learning/the final/install/aim_interfaces/lib/python3.10/site-packages'
[0.464s] Level 1:colcon.colcon_core.environment:checking '/home/oife/d2lros2/visual_learning/the final/install/aim_interfaces/bin'
[0.464s] INFO:colcon.colcon_core.shell:Creating package script '/home/oife/d2lros2/visual_learning/the final/install/aim_interfaces/share/aim_interfaces/package.ps1'
[0.464s] INFO:colcon.colcon_core.shell:Creating package descriptor '/home/oife/d2lros2/visual_learning/the final/install/aim_interfaces/share/aim_interfaces/package.dsv'
[0.465s] INFO:colcon.colcon_core.shell:Creating package script '/home/oife/d2lros2/visual_learning/the final/install/aim_interfaces/share/aim_interfaces/package.sh'
[0.465s] INFO:colcon.colcon_core.shell:Creating package script '/home/oife/d2lros2/visual_learning/the final/install/aim_interfaces/share/aim_interfaces/package.bash'
[0.465s] INFO:colcon.colcon_core.shell:Creating package script '/home/oife/d2lros2/visual_learning/the final/install/aim_interfaces/share/aim_interfaces/package.zsh'
[0.466s] Level 1:colcon.colcon_core.environment:create_file_with_runtime_dependencies(/home/oife/d2lros2/visual_learning/the final/install/aim_interfaces/share/colcon-core/packages/aim_interfaces)
[0.466s] INFO:colcon.colcon_ros.task.ament_cmake.build:Building ROS package in '/home/oife/d2lros2/visual_learning/the final/src/final' with build type 'ament_cmake'
[0.466s] INFO:colcon.colcon_cmake.task.cmake.build:Building CMake package in '/home/oife/d2lros2/visual_learning/the final/src/final'
[0.466s] INFO:colcon.colcon_core.shell:Skip shell extension 'powershell' for command environment: Not usable outside of PowerShell
[0.466s] DEBUG:colcon.colcon_core.shell:Skip shell extension 'dsv' for command environment
[0.473s] DEBUG:colcon.colcon_core.event_handler.log_command:Invoking command in '/home/oife/d2lros2/visual_learning/the final/build/final': CMAKE_PREFIX_PATH=/home/oife/d2lros2/visual_learning/the final/install/aim_interfaces:/home/oife/d2lros2/visual_learning/the final/install/final:/opt/ros/humble /usr/bin/cmake /home/oife/d2lros2/visual_learning/the final/src/final -DCMAKE_INSTALL_PREFIX=/home/oife/d2lros2/visual_learning/the final/install/final
[1.197s] DEBUG:colcon.colcon_core.event_handler.log_command:Invoked command in '/home/oife/d2lros2/visual_learning/the final/build/final' returned '0': CMAKE_PREFIX_PATH=/home/oife/d2lros2/visual_learning/the final/install/aim_interfaces:/home/oife/d2lros2/visual_learning/the final/install/final:/opt/ros/humble /usr/bin/cmake /home/oife/d2lros2/visual_learning/the final/src/final -DCMAKE_INSTALL_PREFIX=/home/oife/d2lros2/visual_learning/the final/install/final
[1.198s] DEBUG:colcon.colcon_core.event_handler.log_command:Invoking command in '/home/oife/d2lros2/visual_learning/the final/build/final': CMAKE_PREFIX_PATH=/home/oife/d2lros2/visual_learning/the final/install/aim_interfaces:/home/oife/d2lros2/visual_learning/the final/install/final:/opt/ros/humble /usr/bin/cmake --build /home/oife/d2lros2/visual_learning/the final/build/final -- -j4 -l4
[7.135s] DEBUG:colcon.colcon_core.event_handler.log_command:Invoked command in '/home/oife/d2lros2/visual_learning/the final/build/final' returned '0': CMAKE_PREFIX_PATH=/home/oife/d2lros2/visual_learning/the final/install/aim_interfaces:/home/oife/d2lros2/visual_learning/the final/install/final:/opt/ros/humble /usr/bin/cmake --build /home/oife/d2lros2/visual_learning/the final/build/final -- -j4 -l4
[7.137s] DEBUG:colcon.colcon_core.event_handler.log_command:Invoking command in '/home/oife/d2lros2/visual_learning/the final/build/final': CMAKE_PREFIX_PATH=/home/oife/d2lros2/visual_learning/the final/install/aim_interfaces:/home/oife/d2lros2/visual_learning/the final/install/final:/opt/ros/humble /usr/bin/cmake --install /home/oife/d2lros2/visual_learning/the final/build/final
[7.147s] Level 1:colcon.colcon_core.environment:create_environment_scripts_only(final)
[7.147s] Level 1:colcon.colcon_core.environment:checking '/home/oife/d2lros2/visual_learning/the final/install/final' for CMake module files
[7.147s] Level 1:colcon.colcon_core.environment:checking '/home/oife/d2lros2/visual_learning/the final/install/final' for CMake config files
[7.148s] Level 1:colcon.colcon_core.shell:create_environment_hook('final', 'cmake_prefix_path')
[7.148s] INFO:colcon.colcon_core.shell:Creating environment hook '/home/oife/d2lros2/visual_learning/the final/install/final/share/final/hook/cmake_prefix_path.ps1'
[7.148s] DEBUG:colcon.colcon_core.event_handler.log_command:Invoked command in '/home/oife/d2lros2/visual_learning/the final/build/final' returned '0': CMAKE_PREFIX_PATH=/home/oife/d2lros2/visual_learning/the final/install/aim_interfaces:/home/oife/d2lros2/visual_learning/the final/install/final:/opt/ros/humble /usr/bin/cmake --install /home/oife/d2lros2/visual_learning/the final/build/final
[7.148s] INFO:colcon.colcon_core.shell:Creating environment descriptor '/home/oife/d2lros2/visual_learning/the final/install/final/share/final/hook/cmake_prefix_path.dsv'
[7.149s] INFO:colcon.colcon_core.shell:Creating environment hook '/home/oife/d2lros2/visual_learning/the final/install/final/share/final/hook/cmake_prefix_path.sh'
[7.149s] Level 1:colcon.colcon_core.environment:checking '/home/oife/d2lros2/visual_learning/the final/install/final/lib'
[7.149s] Level 1:colcon.colcon_core.environment:checking '/home/oife/d2lros2/visual_learning/the final/install/final/bin'
[7.149s] Level 1:colcon.colcon_core.environment:checking '/home/oife/d2lros2/visual_learning/the final/install/final/lib/pkgconfig/final.pc'
[7.149s] Level 1:colcon.colcon_core.environment:checking '/home/oife/d2lros2/visual_learning/the final/install/final/lib/python3.10/site-packages'
[7.149s] Level 1:colcon.colcon_core.environment:checking '/home/oife/d2lros2/visual_learning/the final/install/final/bin'
[7.149s] INFO:colcon.colcon_core.shell:Creating package script '/home/oife/d2lros2/visual_learning/the final/install/final/share/final/package.ps1'
[7.150s] INFO:colcon.colcon_core.shell:Creating package descriptor '/home/oife/d2lros2/visual_learning/the final/install/final/share/final/package.dsv'
[7.150s] INFO:colcon.colcon_core.shell:Creating package script '/home/oife/d2lros2/visual_learning/the final/install/final/share/final/package.sh'
[7.150s] INFO:colcon.colcon_core.shell:Creating package script '/home/oife/d2lros2/visual_learning/the final/install/final/share/final/package.bash'
[7.150s] INFO:colcon.colcon_core.shell:Creating package script '/home/oife/d2lros2/visual_learning/the final/install/final/share/final/package.zsh'
[7.150s] Level 1:colcon.colcon_core.environment:create_file_with_runtime_dependencies(/home/oife/d2lros2/visual_learning/the final/install/final/share/colcon-core/packages/final)
[7.151s] Level 1:colcon.colcon_core.environment:create_environment_scripts_only(final)
[7.151s] Level 1:colcon.colcon_core.environment:checking '/home/oife/d2lros2/visual_learning/the final/install/final' for CMake module files
[7.151s] Level 1:colcon.colcon_core.environment:checking '/home/oife/d2lros2/visual_learning/the final/install/final' for CMake config files
[7.151s] Level 1:colcon.colcon_core.shell:create_environment_hook('final', 'cmake_prefix_path')
[7.151s] INFO:colcon.colcon_core.shell:Creating environment hook '/home/oife/d2lros2/visual_learning/the final/install/final/share/final/hook/cmake_prefix_path.ps1'
[7.151s] INFO:colcon.colcon_core.shell:Creating environment descriptor '/home/oife/d2lros2/visual_learning/the final/install/final/share/final/hook/cmake_prefix_path.dsv'
[7.152s] INFO:colcon.colcon_core.shell:Creating environment hook '/home/oife/d2lros2/visual_learning/the final/install/final/share/final/hook/cmake_prefix_path.sh'
[7.152s] Level 1:colcon.colcon_core.environment:checking '/home/oife/d2lros2/visual_learning/the final/install/final/lib'
[7.152s] Level 1:colcon.colcon_core.environment:checking '/home/oife/d2lros2/visual_learning/the final/install/final/bin'
[7.152s] Level 1:colcon.colcon_core.environment:checking '/home/oife/d2lros2/visual_learning/the final/install/final/lib/pkgconfig/final.pc'
[7.152s] Level 1:colcon.colcon_core.environment:checking '/home/oife/d2lros2/visual_learning/the final/install/final/lib/python3.10/site-packages'
[7.152s] Level 1:colcon.colcon_core.environment:checking '/home/oife/d2lros2/visual_learning/the final/install/final/bin'
[7.152s] INFO:colcon.colcon_core.shell:Creating package script '/home/oife/d2lros2/visual_learning/the final/install/final/share/final/package.ps1'
[7.153s] INFO:colcon.colcon_core.shell:Creating package descriptor '/home/oife/d2lros2/visual_learning/the final/install/final/share/final/package.dsv'
[7.153s] INFO:colcon.colcon_core.shell:Creating package script '/home/oife/d2lros2/visual_learning/the final/install/final/share/final/package.sh'
[7.153s] INFO:colcon.colcon_core.shell:Creating package script '/home/oife/d2lros2/visual_learning/the final/install/final/share/final/package.bash'
[7.154s] INFO:colcon.colcon_core.shell:Creating package script '/home/oife/d2lros2/visual_learning/the final/install/final/share/final/package.zsh'
[7.154s] Level 1:colcon.colcon_core.environment:create_file_with_runtime_dependencies(/home/oife/d2lros2/visual_learning/the final/install/final/share/colcon-core/packages/final)
[7.154s] DEBUG:colcon.colcon_parallel_executor.executor.parallel:closing loop
[7.154s] DEBUG:colcon.colcon_parallel_executor.executor.parallel:loop closed
[7.154s] DEBUG:colcon.colcon_parallel_executor.executor.parallel:run_until_complete finished with '0'
[7.154s] DEBUG:colcon.colcon_core.event_reactor:joining thread
[7.158s] INFO:colcon.colcon_core.plugin_system:Skipping extension 'colcon_notification.desktop_notification.terminal_notifier': Not used on non-Darwin systems
[7.158s] INFO:colcon.colcon_core.plugin_system:Skipping extension 'colcon_notification.desktop_notification.win32': Not used on non-Windows systems
[7.158s] INFO:colcon.colcon_notification.desktop_notification:Sending desktop notification using 'notify2'
[7.167s] DEBUG:colcon.colcon_core.event_reactor:joined thread
[7.167s] INFO:colcon.colcon_core.shell:Creating prefix script '/home/oife/d2lros2/visual_learning/the final/install/local_setup.ps1'
[7.168s] INFO:colcon.colcon_core.shell:Creating prefix util module '/home/oife/d2lros2/visual_learning/the final/install/_local_setup_util_ps1.py'
[7.168s] INFO:colcon.colcon_core.shell:Creating prefix chain script '/home/oife/d2lros2/visual_learning/the final/install/setup.ps1'
[7.169s] INFO:colcon.colcon_core.shell:Creating prefix script '/home/oife/d2lros2/visual_learning/the final/install/local_setup.sh'
[7.169s] INFO:colcon.colcon_core.shell:Creating prefix util module '/home/oife/d2lros2/visual_learning/the final/install/_local_setup_util_sh.py'
[7.170s] INFO:colcon.colcon_core.shell:Creating prefix chain script '/home/oife/d2lros2/visual_learning/the final/install/setup.sh'
[7.170s] INFO:colcon.colcon_core.shell:Creating prefix script '/home/oife/d2lros2/visual_learning/the final/install/local_setup.bash'
[7.170s] INFO:colcon.colcon_core.shell:Creating prefix chain script '/home/oife/d2lros2/visual_learning/the final/install/setup.bash'
[7.171s] INFO:colcon.colcon_core.shell:Creating prefix script '/home/oife/d2lros2/visual_learning/the final/install/local_setup.zsh'
[7.171s] INFO:colcon.colcon_core.shell:Creating prefix chain script '/home/oife/d2lros2/visual_learning/the final/install/setup.zsh'
